{"/home/soumitty/coldbones/frontend/src/App.tsx": {"path":"/home/soumitty/coldbones/frontend/src/App.tsx","statementMap":{"0":{"start":{"line":26,"column":26},"end":{"line":32,"column":null}},"1":{"start":{"line":34,"column":2},"end":{"line":89,"column":null}},"2":{"start":{"line":36,"column":20},"end":{"line":36,"column":null}},"3":{"start":{"line":38,"column":24},"end":{"line":85,"column":null}},"4":{"start":{"line":39,"column":20},"end":{"line":39,"column":null}},"5":{"start":{"line":40,"column":6},"end":{"line":79,"column":null}},"6":{"start":{"line":41,"column":27},"end":{"line":41,"column":null}},"7":{"start":{"line":42,"column":29},"end":{"line":42,"column":null}},"8":{"start":{"line":42,"column":46},"end":{"line":42,"column":66}},"9":{"start":{"line":43,"column":20},"end":{"line":43,"column":null}},"10":{"start":{"line":44,"column":8},"end":{"line":44,"column":null}},"11":{"start":{"line":45,"column":24},"end":{"line":45,"column":null}},"12":{"start":{"line":47,"column":8},"end":{"line":68,"column":null}},"13":{"start":{"line":48,"column":23},"end":{"line":48,"column":null}},"14":{"start":{"line":49,"column":10},"end":{"line":57,"column":null}},"15":{"start":{"line":50,"column":12},"end":{"line":56,"column":null}},"16":{"start":{"line":59,"column":10},"end":{"line":67,"column":null}},"17":{"start":{"line":60,"column":12},"end":{"line":66,"column":null}},"18":{"start":{"line":60,"column":31},"end":{"line":66,"column":14}},"19":{"start":{"line":70,"column":8},"end":{"line":78,"column":null}},"20":{"start":{"line":71,"column":10},"end":{"line":77,"column":null}},"21":{"start":{"line":71,"column":29},"end":{"line":77,"column":12}},"22":{"start":{"line":81,"column":6},"end":{"line":84,"column":null}},"23":{"start":{"line":82,"column":29},"end":{"line":82,"column":null}},"24":{"start":{"line":83,"column":8},"end":{"line":83,"column":null}},"25":{"start":{"line":87,"column":4},"end":{"line":87,"column":null}},"26":{"start":{"line":88,"column":4},"end":{"line":88,"column":null}},"27":{"start":{"line":88,"column":19},"end":{"line":88,"column":37}},"28":{"start":{"line":88,"column":37},"end":{"line":88,"column":62}},"29":{"start":{"line":91,"column":2},"end":{"line":91,"column":null}},"30":{"start":{"line":95,"column":15},"end":{"line":95,"column":null}},"31":{"start":{"line":96,"column":18},"end":{"line":96,"column":null}},"32":{"start":{"line":97,"column":62},"end":{"line":97,"column":null}},"33":{"start":{"line":98,"column":79},"end":{"line":98,"column":null}},"34":{"start":{"line":99,"column":55},"end":{"line":99,"column":null}},"35":{"start":{"line":100,"column":42},"end":{"line":100,"column":null}},"36":{"start":{"line":101,"column":32},"end":{"line":101,"column":null}},"37":{"start":{"line":102,"column":8},"end":{"line":102,"column":null}},"38":{"start":{"line":103,"column":17},"end":{"line":103,"column":null}},"39":{"start":{"line":105,"column":2},"end":{"line":120,"column":null}},"40":{"start":{"line":106,"column":4},"end":{"line":116,"column":null}},"41":{"start":{"line":107,"column":6},"end":{"line":107,"column":null}},"42":{"start":{"line":108,"column":6},"end":{"line":110,"column":null}},"43":{"start":{"line":109,"column":8},"end":{"line":109,"column":null}},"44":{"start":{"line":109,"column":29},"end":{"line":109,"column":39}},"45":{"start":{"line":112,"column":6},"end":{"line":115,"column":null}},"46":{"start":{"line":113,"column":8},"end":{"line":113,"column":null}},"47":{"start":{"line":114,"column":8},"end":{"line":114,"column":null}},"48":{"start":{"line":117,"column":4},"end":{"line":119,"column":null}},"49":{"start":{"line":118,"column":6},"end":{"line":118,"column":null}},"50":{"start":{"line":118,"column":28},"end":{"line":118,"column":null}},"51":{"start":{"line":122,"column":2},"end":{"line":129,"column":null}},"52":{"start":{"line":123,"column":4},"end":{"line":125,"column":null}},"53":{"start":{"line":124,"column":6},"end":{"line":124,"column":null}},"54":{"start":{"line":126,"column":4},"end":{"line":128,"column":null}},"55":{"start":{"line":127,"column":6},"end":{"line":127,"column":null}},"56":{"start":{"line":131,"column":8},"end":{"line":136,"column":null}},"57":{"start":{"line":132,"column":18},"end":{"line":132,"column":null}},"58":{"start":{"line":133,"column":4},"end":{"line":135,"column":null}},"59":{"start":{"line":134,"column":6},"end":{"line":134,"column":null}},"60":{"start":{"line":138,"column":8},"end":{"line":144,"column":null}},"61":{"start":{"line":139,"column":4},"end":{"line":139,"column":null}},"62":{"start":{"line":140,"column":4},"end":{"line":143,"column":null}},"63":{"start":{"line":141,"column":24},"end":{"line":141,"column":null}},"64":{"start":{"line":141,"column":42},"end":{"line":141,"column":57}},"65":{"start":{"line":142,"column":6},"end":{"line":142,"column":null}},"66":{"start":{"line":146,"column":8},"end":{"line":157,"column":null}},"67":{"start":{"line":147,"column":23},"end":{"line":147,"column":null}},"68":{"start":{"line":147,"column":41},"end":{"line":147,"column":61}},"69":{"start":{"line":148,"column":4},"end":{"line":148,"column":null}},"70":{"start":{"line":148,"column":33},"end":{"line":148,"column":null}},"71":{"start":{"line":150,"column":4},"end":{"line":156,"column":null}},"72":{"start":{"line":151,"column":6},"end":{"line":151,"column":null}},"73":{"start":{"line":153,"column":6},"end":{"line":155,"column":null}},"74":{"start":{"line":154,"column":8},"end":{"line":154,"column":null}},"75":{"start":{"line":159,"column":8},"end":{"line":164,"column":null}},"76":{"start":{"line":160,"column":4},"end":{"line":160,"column":null}},"77":{"start":{"line":161,"column":4},"end":{"line":161,"column":null}},"78":{"start":{"line":162,"column":4},"end":{"line":162,"column":null}},"79":{"start":{"line":163,"column":4},"end":{"line":163,"column":null}},"80":{"start":{"line":166,"column":23},"end":{"line":166,"column":null}},"81":{"start":{"line":166,"column":39},"end":{"line":166,"column":62}},"82":{"start":{"line":167,"column":25},"end":{"line":167,"column":null}},"83":{"start":{"line":168,"column":22},"end":{"line":168,"column":null}},"84":{"start":{"line":168,"column":54},"end":{"line":168,"column":76}},"85":{"start":{"line":169,"column":25},"end":{"line":169,"column":null}},"86":{"start":{"line":169,"column":43},"end":{"line":169,"column":63}},"87":{"start":{"line":170,"column":17},"end":{"line":170,"column":null}},"88":{"start":{"line":172,"column":2},"end":{"line":238,"column":null}},"89":{"start":{"line":243,"column":12},"end":{"line":243,"column":null}},"90":{"start":{"line":245,"column":75},"end":{"line":261,"column":null}},"91":{"start":{"line":263,"column":28},"end":{"line":263,"column":null}},"92":{"start":{"line":265,"column":2},"end":{"line":275,"column":null}},"93":{"start":{"line":280,"column":2},"end":{"line":285,"column":null}}},"fnMap":{"0":{"name":"useHealthCheck","decl":{"start":{"line":25,"column":9},"end":{"line":25,"column":26}},"loc":{"start":{"line":25,"column":26},"end":{"line":92,"column":null}},"line":25},"1":{"name":"(anonymous_1)","decl":{"start":{"line":34,"column":12},"end":{"line":34,"column":18}},"loc":{"start":{"line":34,"column":18},"end":{"line":89,"column":5}},"line":34},"2":{"name":"(anonymous_2)","decl":{"start":{"line":38,"column":24},"end":{"line":38,"column":36}},"loc":{"start":{"line":38,"column":36},"end":{"line":85,"column":null}},"line":38},"3":{"name":"(anonymous_3)","decl":{"start":{"line":42,"column":40},"end":{"line":42,"column":46}},"loc":{"start":{"line":42,"column":46},"end":{"line":42,"column":66}},"line":42},"4":{"name":"(anonymous_4)","decl":{"start":{"line":60,"column":22},"end":{"line":60,"column":31}},"loc":{"start":{"line":60,"column":31},"end":{"line":66,"column":14}},"line":60},"5":{"name":"(anonymous_5)","decl":{"start":{"line":71,"column":20},"end":{"line":71,"column":29}},"loc":{"start":{"line":71,"column":29},"end":{"line":77,"column":12}},"line":71},"6":{"name":"(anonymous_6)","decl":{"start":{"line":88,"column":11},"end":{"line":88,"column":17}},"loc":{"start":{"line":88,"column":17},"end":{"line":88,"column":null}},"line":88},"7":{"name":"AppContent","decl":{"start":{"line":94,"column":9},"end":{"line":94,"column":22}},"loc":{"start":{"line":94,"column":22},"end":{"line":240,"column":null}},"line":94},"8":{"name":"(anonymous_8)","decl":{"start":{"line":105,"column":12},"end":{"line":105,"column":18}},"loc":{"start":{"line":105,"column":18},"end":{"line":120,"column":5}},"line":105},"9":{"name":"(anonymous_9)","decl":{"start":{"line":108,"column":37},"end":{"line":108,"column":43}},"loc":{"start":{"line":108,"column":43},"end":{"line":110,"column":9}},"line":108},"10":{"name":"(anonymous_10)","decl":{"start":{"line":109,"column":21},"end":{"line":109,"column":29}},"loc":{"start":{"line":109,"column":29},"end":{"line":109,"column":39}},"line":109},"11":{"name":"(anonymous_11)","decl":{"start":{"line":117,"column":11},"end":{"line":117,"column":17}},"loc":{"start":{"line":117,"column":17},"end":{"line":119,"column":null}},"line":117},"12":{"name":"(anonymous_12)","decl":{"start":{"line":122,"column":12},"end":{"line":122,"column":18}},"loc":{"start":{"line":122,"column":18},"end":{"line":129,"column":5}},"line":122},"13":{"name":"(anonymous_13)","decl":{"start":{"line":131,"column":39},"end":{"line":131,"column":40}},"loc":{"start":{"line":131,"column":61},"end":{"line":136,"column":5}},"line":131},"14":{"name":"(anonymous_14)","decl":{"start":{"line":138,"column":35},"end":{"line":138,"column":36}},"loc":{"start":{"line":138,"column":55},"end":{"line":144,"column":5}},"line":138},"15":{"name":"(anonymous_15)","decl":{"start":{"line":141,"column":37},"end":{"line":141,"column":42}},"loc":{"start":{"line":141,"column":42},"end":{"line":141,"column":57}},"line":141},"16":{"name":"(anonymous_16)","decl":{"start":{"line":146,"column":36},"end":{"line":146,"column":48}},"loc":{"start":{"line":146,"column":48},"end":{"line":157,"column":5}},"line":146},"17":{"name":"(anonymous_17)","decl":{"start":{"line":147,"column":36},"end":{"line":147,"column":41}},"loc":{"start":{"line":147,"column":41},"end":{"line":147,"column":61}},"line":147},"18":{"name":"(anonymous_18)","decl":{"start":{"line":153,"column":41},"end":{"line":153,"column":42}},"loc":{"start":{"line":153,"column":61},"end":{"line":155,"column":9}},"line":153},"19":{"name":"(anonymous_19)","decl":{"start":{"line":159,"column":34},"end":{"line":159,"column":40}},"loc":{"start":{"line":159,"column":40},"end":{"line":164,"column":5}},"line":159},"20":{"name":"(anonymous_20)","decl":{"start":{"line":166,"column":34},"end":{"line":166,"column":39}},"loc":{"start":{"line":166,"column":39},"end":{"line":166,"column":62}},"line":166},"21":{"name":"(anonymous_21)","decl":{"start":{"line":168,"column":49},"end":{"line":168,"column":54}},"loc":{"start":{"line":168,"column":54},"end":{"line":168,"column":76}},"line":168},"22":{"name":"(anonymous_22)","decl":{"start":{"line":169,"column":38},"end":{"line":169,"column":43}},"loc":{"start":{"line":169,"column":43},"end":{"line":169,"column":63}},"line":169},"23":{"name":"StatusIndicator","decl":{"start":{"line":242,"column":9},"end":{"line":242,"column":25}},"loc":{"start":{"line":242,"column":62},"end":{"line":277,"column":null}},"line":242},"24":{"name":"App","decl":{"start":{"line":279,"column":24},"end":{"line":279,"column":30}},"loc":{"start":{"line":279,"column":30},"end":{"line":287,"column":null}},"line":279}},"branchMap":{"0":{"loc":{"start":{"line":47,"column":8},"end":{"line":68,"column":null}},"type":"if","locations":[{"start":{"line":47,"column":8},"end":{"line":68,"column":null}},{"start":{"line":58,"column":15},"end":{"line":68,"column":null}}],"line":47},"1":{"loc":{"start":{"line":49,"column":10},"end":{"line":57,"column":null}},"type":"if","locations":[{"start":{"line":49,"column":10},"end":{"line":57,"column":null}},{"start":{},"end":{}}],"line":49},"2":{"loc":{"start":{"line":51,"column":22},"end":{"line":51,"column":null}},"type":"cond-expr","locations":[{"start":{"line":51,"column":42},"end":{"line":51,"column":53}},{"start":{"line":51,"column":53},"end":{"line":51,"column":null}}],"line":51},"3":{"loc":{"start":{"line":53,"column":25},"end":{"line":53,"column":null}},"type":"binary-expr","locations":[{"start":{"line":53,"column":25},"end":{"line":53,"column":44}},{"start":{"line":53,"column":44},"end":{"line":53,"column":null}}],"line":53},"4":{"loc":{"start":{"line":59,"column":10},"end":{"line":67,"column":null}},"type":"if","locations":[{"start":{"line":59,"column":10},"end":{"line":67,"column":null}},{"start":{},"end":{}}],"line":59},"5":{"loc":{"start":{"line":70,"column":8},"end":{"line":78,"column":null}},"type":"if","locations":[{"start":{"line":70,"column":8},"end":{"line":78,"column":null}},{"start":{},"end":{}}],"line":70},"6":{"loc":{"start":{"line":81,"column":6},"end":{"line":84,"column":null}},"type":"if","locations":[{"start":{"line":81,"column":6},"end":{"line":84,"column":null}},{"start":{},"end":{}}],"line":81},"7":{"loc":{"start":{"line":82,"column":29},"end":{"line":82,"column":null}},"type":"cond-expr","locations":[{"start":{"line":82,"column":59},"end":{"line":82,"column":66}},{"start":{"line":82,"column":66},"end":{"line":82,"column":null}}],"line":82},"8":{"loc":{"start":{"line":106,"column":4},"end":{"line":116,"column":null}},"type":"if","locations":[{"start":{"line":106,"column":4},"end":{"line":116,"column":null}},{"start":{"line":111,"column":11},"end":{"line":116,"column":null}}],"line":106},"9":{"loc":{"start":{"line":112,"column":6},"end":{"line":115,"column":null}},"type":"if","locations":[{"start":{"line":112,"column":6},"end":{"line":115,"column":null}},{"start":{},"end":{}}],"line":112},"10":{"loc":{"start":{"line":118,"column":6},"end":{"line":118,"column":null}},"type":"if","locations":[{"start":{"line":118,"column":6},"end":{"line":118,"column":null}},{"start":{},"end":{}}],"line":118},"11":{"loc":{"start":{"line":123,"column":4},"end":{"line":125,"column":null}},"type":"if","locations":[{"start":{"line":123,"column":4},"end":{"line":125,"column":null}},{"start":{},"end":{}}],"line":123},"12":{"loc":{"start":{"line":123,"column":8},"end":{"line":123,"column":45}},"type":"binary-expr","locations":[{"start":{"line":123,"column":8},"end":{"line":123,"column":28}},{"start":{"line":123,"column":28},"end":{"line":123,"column":45}}],"line":123},"13":{"loc":{"start":{"line":126,"column":4},"end":{"line":128,"column":null}},"type":"if","locations":[{"start":{"line":126,"column":4},"end":{"line":128,"column":null}},{"start":{},"end":{}}],"line":126},"14":{"loc":{"start":{"line":133,"column":4},"end":{"line":135,"column":null}},"type":"if","locations":[{"start":{"line":133,"column":4},"end":{"line":135,"column":null}},{"start":{},"end":{}}],"line":133},"15":{"loc":{"start":{"line":133,"column":8},"end":{"line":133,"column":45}},"type":"binary-expr","locations":[{"start":{"line":133,"column":8},"end":{"line":133,"column":28}},{"start":{"line":133,"column":28},"end":{"line":133,"column":45}}],"line":133},"16":{"loc":{"start":{"line":140,"column":4},"end":{"line":143,"column":null}},"type":"if","locations":[{"start":{"line":140,"column":4},"end":{"line":143,"column":null}},{"start":{},"end":{}}],"line":140},"17":{"loc":{"start":{"line":142,"column":24},"end":{"line":142,"column":69}},"type":"cond-expr","locations":[{"start":{"line":142,"column":47},"end":{"line":142,"column":65}},{"start":{"line":142,"column":65},"end":{"line":142,"column":69}}],"line":142},"18":{"loc":{"start":{"line":148,"column":4},"end":{"line":148,"column":null}},"type":"if","locations":[{"start":{"line":148,"column":4},"end":{"line":148,"column":null}},{"start":{},"end":{}}],"line":148},"19":{"loc":{"start":{"line":150,"column":4},"end":{"line":156,"column":null}},"type":"if","locations":[{"start":{"line":150,"column":4},"end":{"line":156,"column":null}},{"start":{"line":152,"column":11},"end":{"line":156,"column":null}}],"line":150},"20":{"loc":{"start":{"line":166,"column":23},"end":{"line":166,"column":null}},"type":"binary-expr","locations":[{"start":{"line":166,"column":23},"end":{"line":166,"column":67}},{"start":{"line":166,"column":67},"end":{"line":166,"column":null}}],"line":166},"21":{"loc":{"start":{"line":167,"column":25},"end":{"line":167,"column":null}},"type":"cond-expr","locations":[{"start":{"line":167,"column":42},"end":{"line":167,"column":80}},{"start":{"line":167,"column":80},"end":{"line":167,"column":null}}],"line":167},"22":{"loc":{"start":{"line":167,"column":42},"end":{"line":167,"column":80}},"type":"binary-expr","locations":[{"start":{"line":167,"column":42},"end":{"line":167,"column":73}},{"start":{"line":167,"column":73},"end":{"line":167,"column":80}}],"line":167},"23":{"loc":{"start":{"line":168,"column":22},"end":{"line":168,"column":null}},"type":"cond-expr","locations":[{"start":{"line":168,"column":38},"end":{"line":168,"column":80}},{"start":{"line":168,"column":80},"end":{"line":168,"column":null}}],"line":168},"24":{"loc":{"start":{"line":170,"column":17},"end":{"line":170,"column":null}},"type":"binary-expr","locations":[{"start":{"line":170,"column":17},"end":{"line":170,"column":32}},{"start":{"line":170,"column":32},"end":{"line":170,"column":null}}],"line":170},"25":{"loc":{"start":{"line":194,"column":11},"end":{"line":213,"column":null}},"type":"binary-expr","locations":[{"start":{"line":194,"column":11},"end":{"line":194,"column":null}},{"start":{"line":195,"column":12},"end":{"line":213,"column":null}}],"line":194},"26":{"loc":{"start":{"line":199,"column":26},"end":{"line":199,"column":null}},"type":"binary-expr","locations":[{"start":{"line":199,"column":26},"end":{"line":199,"column":36}},{"start":{"line":199,"column":36},"end":{"line":199,"column":60}},{"start":{"line":199,"column":60},"end":{"line":199,"column":null}}],"line":199},"27":{"loc":{"start":{"line":202,"column":17},"end":{"line":204,"column":null}},"type":"cond-expr","locations":[{"start":{"line":203,"column":21},"end":{"line":203,"column":null}},{"start":{"line":204,"column":20},"end":{"line":204,"column":null}}],"line":202},"28":{"loc":{"start":{"line":203,"column":21},"end":{"line":203,"column":null}},"type":"cond-expr","locations":[{"start":{"line":203,"column":39},"end":{"line":203,"column":57}},{"start":{"line":203,"column":57},"end":{"line":203,"column":null}}],"line":203},"29":{"loc":{"start":{"line":225,"column":11},"end":{"line":234,"column":null}},"type":"cond-expr","locations":[{"start":{"line":226,"column":12},"end":{"line":226,"column":null}},{"start":{"line":228,"column":12},"end":{"line":234,"column":null}}],"line":225},"30":{"loc":{"start":{"line":230,"column":27},"end":{"line":230,"column":null}},"type":"binary-expr","locations":[{"start":{"line":230,"column":27},"end":{"line":230,"column":42}},{"start":{"line":230,"column":42},"end":{"line":230,"column":null}}],"line":230},"31":{"loc":{"start":{"line":249,"column":14},"end":{"line":249,"column":null}},"type":"cond-expr","locations":[{"start":{"line":249,"column":42},"end":{"line":249,"column":68}},{"start":{"line":249,"column":68},"end":{"line":249,"column":null}}],"line":249},"32":{"loc":{"start":{"line":257,"column":14},"end":{"line":259,"column":null}},"type":"cond-expr","locations":[{"start":{"line":258,"column":10},"end":{"line":258,"column":null}},{"start":{"line":259,"column":10},"end":{"line":259,"column":null}}],"line":257},"33":{"loc":{"start":{"line":270,"column":29},"end":{"line":270,"column":57}},"type":"cond-expr","locations":[{"start":{"line":270,"column":38},"end":{"line":270,"column":55}},{"start":{"line":270,"column":55},"end":{"line":270,"column":57}}],"line":270},"34":{"loc":{"start":{"line":274,"column":7},"end":{"line":274,"column":null}},"type":"binary-expr","locations":[{"start":{"line":274,"column":7},"end":{"line":274,"column":17}},{"start":{"line":274,"column":17},"end":{"line":274,"column":null}}],"line":274}},"s":{"0":0,"1":0,"2":0,"3":0,"4":0,"5":0,"6":0,"7":0,"8":0,"9":0,"10":0,"11":0,"12":0,"13":0,"14":0,"15":0,"16":0,"17":0,"18":0,"19":0,"20":0,"21":0,"22":0,"23":0,"24":0,"25":0,"26":0,"27":0,"28":0,"29":0,"30":0,"31":0,"32":0,"33":0,"34":0,"35":0,"36":0,"37":0,"38":0,"39":0,"40":0,"41":0,"42":0,"43":0,"44":0,"45":0,"46":0,"47":0,"48":0,"49":0,"50":0,"51":0,"52":0,"53":0,"54":0,"55":0,"56":0,"57":0,"58":0,"59":0,"60":0,"61":0,"62":0,"63":0,"64":0,"65":0,"66":0,"67":0,"68":0,"69":0,"70":0,"71":0,"72":0,"73":0,"74":0,"75":0,"76":0,"77":0,"78":0,"79":0,"80":0,"81":0,"82":0,"83":0,"84":0,"85":0,"86":0,"87":0,"88":0,"89":0,"90":0,"91":0,"92":0,"93":0},"f":{"0":0,"1":0,"2":0,"3":0,"4":0,"5":0,"6":0,"7":0,"8":0,"9":0,"10":0,"11":0,"12":0,"13":0,"14":0,"15":0,"16":0,"17":0,"18":0,"19":0,"20":0,"21":0,"22":0,"23":0,"24":0},"b":{"0":[0,0],"1":[0,0],"2":[0,0],"3":[0,0],"4":[0,0],"5":[0,0],"6":[0,0],"7":[0,0],"8":[0,0],"9":[0,0],"10":[0,0],"11":[0,0],"12":[0,0],"13":[0,0],"14":[0,0],"15":[0,0],"16":[0,0],"17":[0,0],"18":[0,0],"19":[0,0],"20":[0,0],"21":[0,0],"22":[0,0],"23":[0,0],"24":[0,0],"25":[0,0],"26":[0,0,0],"27":[0,0],"28":[0,0],"29":[0,0],"30":[0,0],"31":[0,0],"32":[0,0],"33":[0,0],"34":[0,0]},"meta":{"lastBranch":35,"lastFunction":25,"lastStatement":94,"seen":{"f:25:9:25:26":0,"s:26:26:32:Infinity":0,"s:34:2:89:Infinity":1,"f:34:12:34:18":1,"s:36:20:36:Infinity":2,"s:38:24:85:Infinity":3,"f:38:24:38:36":2,"s:39:20:39:Infinity":4,"s:40:6:79:Infinity":5,"s:41:27:41:Infinity":6,"s:42:29:42:Infinity":7,"f:42:40:42:46":3,"s:42:46:42:66":8,"s:43:20:43:Infinity":9,"s:44:8:44:Infinity":10,"s:45:24:45:Infinity":11,"b:47:8:68:Infinity:58:15:68:Infinity":0,"s:47:8:68:Infinity":12,"s:48:23:48:Infinity":13,"b:49:10:57:Infinity:undefined:undefined:undefined:undefined":1,"s:49:10:57:Infinity":14,"s:50:12:56:Infinity":15,"b:51:42:51:53:51:53:51:Infinity":2,"b:53:25:53:44:53:44:53:Infinity":3,"b:59:10:67:Infinity:undefined:undefined:undefined:undefined":4,"s:59:10:67:Infinity":16,"s:60:12:66:Infinity":17,"f:60:22:60:31":4,"s:60:31:66:14":18,"b:70:8:78:Infinity:undefined:undefined:undefined:undefined":5,"s:70:8:78:Infinity":19,"s:71:10:77:Infinity":20,"f:71:20:71:29":5,"s:71:29:77:12":21,"b:81:6:84:Infinity:undefined:undefined:undefined:undefined":6,"s:81:6:84:Infinity":22,"s:82:29:82:Infinity":23,"b:82:59:82:66:82:66:82:Infinity":7,"s:83:8:83:Infinity":24,"s:87:4:87:Infinity":25,"s:88:4:88:Infinity":26,"f:88:11:88:17":6,"s:88:19:88:37":27,"s:88:37:88:62":28,"s:91:2:91:Infinity":29,"f:94:9:94:22":7,"s:95:15:95:Infinity":30,"s:96:18:96:Infinity":31,"s:97:62:97:Infinity":32,"s:98:79:98:Infinity":33,"s:99:55:99:Infinity":34,"s:100:42:100:Infinity":35,"s:101:32:101:Infinity":36,"s:102:8:102:Infinity":37,"s:103:17:103:Infinity":38,"s:105:2:120:Infinity":39,"f:105:12:105:18":8,"b:106:4:116:Infinity:111:11:116:Infinity":8,"s:106:4:116:Infinity":40,"s:107:6:107:Infinity":41,"s:108:6:110:Infinity":42,"f:108:37:108:43":9,"s:109:8:109:Infinity":43,"f:109:21:109:29":10,"s:109:29:109:39":44,"b:112:6:115:Infinity:undefined:undefined:undefined:undefined":9,"s:112:6:115:Infinity":45,"s:113:8:113:Infinity":46,"s:114:8:114:Infinity":47,"s:117:4:119:Infinity":48,"f:117:11:117:17":11,"b:118:6:118:Infinity:undefined:undefined:undefined:undefined":10,"s:118:6:118:Infinity":49,"s:118:28:118:Infinity":50,"s:122:2:129:Infinity":51,"f:122:12:122:18":12,"b:123:4:125:Infinity:undefined:undefined:undefined:undefined":11,"s:123:4:125:Infinity":52,"b:123:8:123:28:123:28:123:45":12,"s:124:6:124:Infinity":53,"b:126:4:128:Infinity:undefined:undefined:undefined:undefined":13,"s:126:4:128:Infinity":54,"s:127:6:127:Infinity":55,"s:131:8:136:Infinity":56,"f:131:39:131:40":13,"s:132:18:132:Infinity":57,"b:133:4:135:Infinity:undefined:undefined:undefined:undefined":14,"s:133:4:135:Infinity":58,"b:133:8:133:28:133:28:133:45":15,"s:134:6:134:Infinity":59,"s:138:8:144:Infinity":60,"f:138:35:138:36":14,"s:139:4:139:Infinity":61,"b:140:4:143:Infinity:undefined:undefined:undefined:undefined":16,"s:140:4:143:Infinity":62,"s:141:24:141:Infinity":63,"f:141:37:141:42":15,"s:141:42:141:57":64,"s:142:6:142:Infinity":65,"b:142:47:142:65:142:65:142:69":17,"s:146:8:157:Infinity":66,"f:146:36:146:48":16,"s:147:23:147:Infinity":67,"f:147:36:147:41":17,"s:147:41:147:61":68,"b:148:4:148:Infinity:undefined:undefined:undefined:undefined":18,"s:148:4:148:Infinity":69,"s:148:33:148:Infinity":70,"b:150:4:156:Infinity:152:11:156:Infinity":19,"s:150:4:156:Infinity":71,"s:151:6:151:Infinity":72,"s:153:6:155:Infinity":73,"f:153:41:153:42":18,"s:154:8:154:Infinity":74,"s:159:8:164:Infinity":75,"f:159:34:159:40":19,"s:160:4:160:Infinity":76,"s:161:4:161:Infinity":77,"s:162:4:162:Infinity":78,"s:163:4:163:Infinity":79,"s:166:23:166:Infinity":80,"b:166:23:166:67:166:67:166:Infinity":20,"f:166:34:166:39":20,"s:166:39:166:62":81,"s:167:25:167:Infinity":82,"b:167:42:167:80:167:80:167:Infinity":21,"b:167:42:167:73:167:73:167:80":22,"s:168:22:168:Infinity":83,"b:168:38:168:80:168:80:168:Infinity":23,"f:168:49:168:54":21,"s:168:54:168:76":84,"s:169:25:169:Infinity":85,"f:169:38:169:43":22,"s:169:43:169:63":86,"s:170:17:170:Infinity":87,"b:170:17:170:32:170:32:170:Infinity":24,"s:172:2:238:Infinity":88,"b:194:11:194:Infinity:195:12:213:Infinity":25,"b:199:26:199:36:199:36:199:60:199:60:199:Infinity":26,"b:203:21:203:Infinity:204:20:204:Infinity":27,"b:203:39:203:57:203:57:203:Infinity":28,"b:226:12:226:Infinity:228:12:234:Infinity":29,"b:230:27:230:42:230:42:230:Infinity":30,"f:242:9:242:25":23,"s:243:12:243:Infinity":89,"s:245:75:261:Infinity":90,"b:249:42:249:68:249:68:249:Infinity":31,"b:258:10:258:Infinity:259:10:259:Infinity":32,"s:263:28:263:Infinity":91,"s:265:2:275:Infinity":92,"b:270:38:270:55:270:55:270:57":33,"b:274:7:274:17:274:17:274:Infinity":34,"f:279:24:279:30":24,"s:280:2:285:Infinity":93}}}
,"/home/soumitty/coldbones/frontend/src/components/AnalysisPanel.tsx": {"path":"/home/soumitty/coldbones/frontend/src/components/AnalysisPanel.tsx","statementMap":{"0":{"start":{"line":14,"column":40},"end":{"line":14,"column":null}},"1":{"start":{"line":15,"column":12},"end":{"line":15,"column":null}},"2":{"start":{"line":17,"column":2},"end":{"line":24,"column":null}},"3":{"start":{"line":18,"column":4},"end":{"line":22,"column":null}},"4":{"start":{"line":26,"column":2},"end":{"line":39,"column":null}},"5":{"start":{"line":27,"column":4},"end":{"line":37,"column":null}},"6":{"start":{"line":41,"column":2},"end":{"line":49,"column":null}},"7":{"start":{"line":42,"column":4},"end":{"line":47,"column":null}},"8":{"start":{"line":51,"column":2},"end":{"line":113,"column":null}},"9":{"start":{"line":58,"column":27},"end":{"line":58,"column":null}},"10":{"start":{"line":86,"column":14},"end":{"line":86,"column":null}}},"fnMap":{"0":{"name":"AnalysisPanel","decl":{"start":{"line":13,"column":16},"end":{"line":13,"column":30}},"loc":{"start":{"line":13,"column":110},"end":{"line":115,"column":null}},"line":13},"1":{"name":"(anonymous_1)","decl":{"start":{"line":58,"column":21},"end":{"line":58,"column":27}},"loc":{"start":{"line":58,"column":27},"end":{"line":58,"column":null}},"line":58},"2":{"name":"(anonymous_2)","decl":{"start":{"line":85,"column":40},"end":{"line":85,"column":41}},"loc":{"start":{"line":86,"column":14},"end":{"line":86,"column":null}},"line":86}},"branchMap":{"0":{"loc":{"start":{"line":17,"column":2},"end":{"line":24,"column":null}},"type":"if","locations":[{"start":{"line":17,"column":2},"end":{"line":24,"column":null}},{"start":{},"end":{}}],"line":17},"1":{"loc":{"start":{"line":26,"column":2},"end":{"line":39,"column":null}},"type":"if","locations":[{"start":{"line":26,"column":2},"end":{"line":39,"column":null}},{"start":{},"end":{}}],"line":26},"2":{"loc":{"start":{"line":41,"column":2},"end":{"line":49,"column":null}},"type":"if","locations":[{"start":{"line":41,"column":2},"end":{"line":49,"column":null}},{"start":{},"end":{}}],"line":41},"3":{"loc":{"start":{"line":54,"column":7},"end":{"line":73,"column":null}},"type":"binary-expr","locations":[{"start":{"line":54,"column":7},"end":{"line":54,"column":null}},{"start":{"line":55,"column":8},"end":{"line":73,"column":null}}],"line":54},"4":{"loc":{"start":{"line":62,"column":72},"end":{"line":62,"column":98}},"type":"cond-expr","locations":[{"start":{"line":62,"column":88},"end":{"line":62,"column":94}},{"start":{"line":62,"column":94},"end":{"line":62,"column":98}}],"line":62},"5":{"loc":{"start":{"line":70,"column":11},"end":{"line":71,"column":null}},"type":"binary-expr","locations":[{"start":{"line":70,"column":11},"end":{"line":70,"column":null}},{"start":{"line":71,"column":12},"end":{"line":71,"column":null}}],"line":70},"6":{"loc":{"start":{"line":81,"column":7},"end":{"line":89,"column":null}},"type":"binary-expr","locations":[{"start":{"line":81,"column":7},"end":{"line":81,"column":null}},{"start":{"line":82,"column":8},"end":{"line":89,"column":null}}],"line":81},"7":{"loc":{"start":{"line":97,"column":7},"end":{"line":101,"column":null}},"type":"binary-expr","locations":[{"start":{"line":97,"column":7},"end":{"line":97,"column":31}},{"start":{"line":97,"column":31},"end":{"line":97,"column":79}},{"start":{"line":97,"column":79},"end":{"line":97,"column":null}},{"start":{"line":98,"column":8},"end":{"line":101,"column":null}}],"line":97},"8":{"loc":{"start":{"line":105,"column":25},"end":{"line":105,"column":81}},"type":"cond-expr","locations":[{"start":{"line":105,"column":50},"end":{"line":105,"column":66}},{"start":{"line":105,"column":66},"end":{"line":105,"column":81}}],"line":105},"9":{"loc":{"start":{"line":107,"column":9},"end":{"line":110,"column":null}},"type":"binary-expr","locations":[{"start":{"line":107,"column":9},"end":{"line":107,"column":null}},{"start":{"line":108,"column":10},"end":{"line":110,"column":null}}],"line":107}},"s":{"0":16,"1":16,"2":16,"3":1,"4":15,"5":1,"6":14,"7":1,"8":13,"9":1,"10":5},"f":{"0":16,"1":1,"2":5},"b":{"0":[1,15],"1":[1,14],"2":[1,13],"3":[13,3],"4":[1,2],"5":[3,1],"6":[16,2],"7":[16,2,1,1],"8":[9,4],"9":[16,1]},"meta":{"lastBranch":10,"lastFunction":3,"lastStatement":11,"seen":{"f:13:16:13:30":0,"s:14:40:14:Infinity":0,"s:15:12:15:Infinity":1,"b:17:2:24:Infinity:undefined:undefined:undefined:undefined":0,"s:17:2:24:Infinity":2,"s:18:4:22:Infinity":3,"b:26:2:39:Infinity:undefined:undefined:undefined:undefined":1,"s:26:2:39:Infinity":4,"s:27:4:37:Infinity":5,"b:41:2:49:Infinity:undefined:undefined:undefined:undefined":2,"s:41:2:49:Infinity":6,"s:42:4:47:Infinity":7,"s:51:2:113:Infinity":8,"b:54:7:54:Infinity:55:8:73:Infinity":3,"f:58:21:58:27":1,"s:58:27:58:Infinity":9,"b:62:88:62:94:62:94:62:98":4,"b:70:11:70:Infinity:71:12:71:Infinity":5,"b:81:7:81:Infinity:82:8:89:Infinity":6,"f:85:40:85:41":2,"s:86:14:86:Infinity":10,"b:97:7:97:31:97:31:97:79:97:79:97:Infinity:98:8:101:Infinity":7,"b:105:50:105:66:105:66:105:81":8,"b:107:9:107:Infinity:108:10:110:Infinity":9}}}
,"/home/soumitty/coldbones/frontend/src/components/FilePreview.tsx": {"path":"/home/soumitty/coldbones/frontend/src/components/FilePreview.tsx","statementMap":{"0":{"start":{"line":8,"column":0},"end":{"line":8,"column":null}},"1":{"start":{"line":10,"column":14},"end":{"line":10,"column":null}},"2":{"start":{"line":11,"column":2},"end":{"line":11,"column":null}},"3":{"start":{"line":14,"column":21},"end":{"line":14,"column":null}},"4":{"start":{"line":15,"column":2},"end":{"line":53,"column":null}},"5":{"start":{"line":16,"column":9},"end":{"line":16,"column":16}},"6":{"start":{"line":17,"column":8},"end":{"line":17,"column":24}},"7":{"start":{"line":20,"column":4},"end":{"line":20,"column":null}},"8":{"start":{"line":20,"column":39},"end":{"line":20,"column":null}},"9":{"start":{"line":21,"column":4},"end":{"line":44,"column":null}},"10":{"start":{"line":23,"column":28},"end":{"line":23,"column":null}},"11":{"start":{"line":24,"column":6},"end":{"line":24,"column":null}},"12":{"start":{"line":25,"column":6},"end":{"line":25,"column":null}},"13":{"start":{"line":25,"column":10},"end":{"line":25,"column":null}},"14":{"start":{"line":26,"column":14},"end":{"line":26,"column":null}},"15":{"start":{"line":27,"column":8},"end":{"line":27,"column":null}},"16":{"start":{"line":27,"column":20},"end":{"line":27,"column":null}},"17":{"start":{"line":28,"column":23},"end":{"line":28,"column":null}},"18":{"start":{"line":29,"column":14},"end":{"line":29,"column":34}},"19":{"start":{"line":30,"column":12},"end":{"line":30,"column":null}},"20":{"start":{"line":32,"column":8},"end":{"line":32,"column":null}},"21":{"start":{"line":33,"column":8},"end":{"line":33,"column":null}},"22":{"start":{"line":34,"column":8},"end":{"line":34,"column":null}},"23":{"start":{"line":34,"column":27},"end":{"line":34,"column":null}},"24":{"start":{"line":35,"column":15},"end":{"line":35,"column":null}},"25":{"start":{"line":36,"column":8},"end":{"line":36,"column":null}},"26":{"start":{"line":38,"column":8},"end":{"line":38,"column":null}},"27":{"start":{"line":40,"column":8},"end":{"line":43,"column":null}},"28":{"start":{"line":41,"column":19},"end":{"line":41,"column":null}},"29":{"start":{"line":42,"column":6},"end":{"line":42,"column":null}},"30":{"start":{"line":42,"column":29},"end":{"line":42,"column":null}},"31":{"start":{"line":45,"column":57},"end":{"line":46,"column":null}},"32":{"start":{"line":46,"column":8},"end":{"line":52,"column":null}},"33":{"start":{"line":48,"column":4},"end":{"line":48,"column":null}},"34":{"start":{"line":50,"column":4},"end":{"line":50,"column":null}},"35":{"start":{"line":51,"column":4},"end":{"line":51,"column":null}},"36":{"start":{"line":54,"column":6},"end":{"line":58,"column":51}},"37":{"start":{"line":54,"column":11},"end":{"line":58,"column":51}},"38":{"start":{"line":58,"column":20},"end":{"line":59,"column":56}},"39":{"start":{"line":59,"column":56},"end":{"line":59,"column":null}},"40":{"start":{"line":60,"column":0},"end":{"line":60,"column":null}},"41":{"start":{"line":63,"column":15},"end":{"line":63,"column":null}},"42":{"start":{"line":64,"column":2},"end":{"line":64,"column":null}},"43":{"start":{"line":65,"column":2},"end":{"line":65,"column":null}},"44":{"start":{"line":68,"column":9},"end":{"line":68,"column":null}},"45":{"start":{"line":69,"column":0},"end":{"line":69,"column":null}},"46":{"start":{"line":79,"column":36},"end":{"line":79,"column":null}},"47":{"start":{"line":80,"column":2},"end":{"line":89,"column":null}},"48":{"start":{"line":81,"column":2},"end":{"line":81,"column":null}},"49":{"start":{"line":82,"column":2},"end":{"line":82,"column":null}},"50":{"start":{"line":85,"column":2},"end":{"line":85,"column":null}},"51":{"start":{"line":86,"column":4},"end":{"line":88,"column":null}},"52":{"start":{"line":87,"column":4},"end":{"line":87,"column":null}},"53":{"start":{"line":87,"column":16},"end":{"line":87,"column":null}},"54":{"start":{"line":90,"column":6},"end":{"line":98,"column":8}},"55":{"start":{"line":93,"column":4},"end":{"line":97,"column":null}},"56":{"start":{"line":94,"column":6},"end":{"line":94,"column":null}},"57":{"start":{"line":96,"column":2},"end":{"line":96,"column":null}},"58":{"start":{"line":96,"column":8},"end":{"line":96,"column":null}},"59":{"start":{"line":99,"column":14},"end":{"line":99,"column":51}},"60":{"start":{"line":99,"column":36},"end":{"line":99,"column":49}},"61":{"start":{"line":99,"column":67},"end":{"line":107,"column":null}},"62":{"start":{"line":101,"column":2},"end":{"line":107,"column":null}},"63":{"start":{"line":107,"column":6},"end":{"line":114,"column":null}},"64":{"start":{"line":109,"column":6},"end":{"line":119,"column":13}},"65":{"start":{"line":119,"column":13},"end":{"line":119,"column":null}},"66":{"start":{"line":123,"column":14},"end":{"line":123,"column":null}},"67":{"start":{"line":123,"column":19},"end":{"line":123,"column":null}},"68":{"start":{"line":134,"column":15},"end":{"line":134,"column":null}},"69":{"start":{"line":135,"column":16},"end":{"line":135,"column":null}},"70":{"start":{"line":160,"column":15},"end":{"line":160,"column":null}},"71":{"start":{"line":168,"column":15},"end":{"line":168,"column":null}},"72":{"start":{"line":168,"column":14},"end":{"line":168,"column":15}},"73":{"start":{"line":208,"column":15},"end":{"line":208,"column":null}},"74":{"start":{"line":219,"column":15},"end":{"line":219,"column":null}},"75":{"start":{"line":235,"column":4},"end":{"line":241,"column":59}},"76":{"start":{"line":241,"column":59},"end":{"line":241,"column":80}},"77":{"start":{"line":241,"column":75},"end":{"line":241,"column":80}},"78":{"start":{"line":241,"column":75},"end":{"line":244,"column":108}},"79":{"start":{"line":244,"column":9},"end":{"line":244,"column":null}},"80":{"start":{"line":244,"column":108},"end":{"line":244,"column":null}},"81":{"start":{"line":245,"column":0},"end":{"line":245,"column":null}},"82":{"start":{"line":247,"column":0},"end":{"line":247,"column":null}}},"fnMap":{"0":{"name":"PdfCanvas","decl":{"start":{"line":9,"column":2},"end":{"line":9,"column":null}},"loc":{"start":{"line":9,"column":2},"end":{"line":59,"column":56}},"line":9},"1":{"name":"(anonymous_1)","decl":{"start":{"line":15,"column":8},"end":{"line":15,"column":null}},"loc":{"start":{"line":15,"column":8},"end":{"line":53,"column":20}},"line":15},"2":{"name":"render","decl":{"start":{"line":19,"column":18},"end":{"line":19,"column":null}},"loc":{"start":{"line":19,"column":18},"end":{"line":45,"column":57}},"line":19},"3":{"name":"(anonymous_3)","decl":{"start":{"line":47,"column":6},"end":{"line":47,"column":null}},"loc":{"start":{"line":47,"column":6},"end":{"line":52,"column":null}},"line":47},"4":{"name":"getPdfPageCount","decl":{"start":{"line":59,"column":9},"end":{"line":59,"column":56}},"loc":{"start":{"line":59,"column":9},"end":{"line":66,"column":null}},"line":59},"5":{"name":"FilePreview","decl":{"start":{"line":67,"column":14},"end":{"line":67,"column":null}},"loc":{"start":{"line":67,"column":14},"end":{"line":114,"column":null}},"line":67},"6":{"name":"(anonymous_6)","decl":{"start":{"line":80,"column":9},"end":{"line":80,"column":15}},"loc":{"start":{"line":80,"column":15},"end":{"line":89,"column":8}},"line":80},"7":{"name":"(anonymous_7)","decl":{"start":{"line":87,"column":16},"end":{"line":87,"column":null}},"loc":{"start":{"line":87,"column":16},"end":{"line":87,"column":null}},"line":87},"8":{"name":"(anonymous_8)","decl":{"start":{"line":91,"column":9},"end":{"line":91,"column":14}},"loc":{"start":{"line":91,"column":14},"end":{"line":98,"column":8}},"line":91},"9":{"name":"(anonymous_9)","decl":{"start":{"line":96,"column":8},"end":{"line":96,"column":22}},"loc":{"start":{"line":96,"column":8},"end":{"line":96,"column":null}},"line":96},"10":{"name":"(anonymous_10)","decl":{"start":{"line":99,"column":28},"end":{"line":99,"column":31}},"loc":{"start":{"line":99,"column":36},"end":{"line":99,"column":49}},"line":99},"11":{"name":"(anonymous_11)","decl":{"start":{"line":109,"column":6},"end":{"line":109,"column":null}},"loc":{"start":{"line":109,"column":6},"end":{"line":119,"column":13}},"line":109},"12":{"name":"(anonymous_12)","decl":{"start":{"line":119,"column":13},"end":{"line":119,"column":null}},"loc":{"start":{"line":119,"column":13},"end":{"line":119,"column":null}},"line":119},"13":{"name":"(anonymous_13)","decl":{"start":{"line":122,"column":23},"end":{"line":122,"column":29}},"loc":{"start":{"line":122,"column":29},"end":{"line":124,"column":24}},"line":122},"14":{"name":"(anonymous_14)","decl":{"start":{"line":134,"column":15},"end":{"line":134,"column":null}},"loc":{"start":{"line":134,"column":15},"end":{"line":136,"column":34}},"line":134},"15":{"name":"(anonymous_15)","decl":{"start":{"line":160,"column":15},"end":{"line":160,"column":null}},"loc":{"start":{"line":160,"column":15},"end":{"line":160,"column":null}},"line":160},"16":{"name":"(anonymous_16)","decl":{"start":{"line":168,"column":15},"end":{"line":168,"column":null}},"loc":{"start":{"line":168,"column":15},"end":{"line":168,"column":null}},"line":168},"17":{"name":"(anonymous_17)","decl":{"start":{"line":168,"column":14},"end":{"line":168,"column":15}},"loc":{"start":{"line":168,"column":14},"end":{"line":168,"column":15}},"line":168},"18":{"name":"(anonymous_18)","decl":{"start":{"line":208,"column":15},"end":{"line":208,"column":null}},"loc":{"start":{"line":208,"column":15},"end":{"line":208,"column":null}},"line":208},"19":{"name":"(anonymous_19)","decl":{"start":{"line":219,"column":15},"end":{"line":219,"column":null}},"loc":{"start":{"line":219,"column":15},"end":{"line":219,"column":null}},"line":219},"20":{"name":"StatusBadge","decl":{"start":{"line":114,"column":4},"end":{"line":114,"column":null}},"loc":{"start":{"line":114,"column":4},"end":{"line":244,"column":108}},"line":114},"21":{"name":"formatSize","decl":{"start":{"line":244,"column":9},"end":{"line":244,"column":108}},"loc":{"start":{"line":244,"column":9},"end":{"line":248,"column":null}},"line":244}},"branchMap":{"0":{"loc":{"start":{"line":20,"column":4},"end":{"line":20,"column":null}},"type":"if","locations":[{"start":{"line":20,"column":4},"end":{"line":20,"column":null}},{"start":{},"end":{}}],"line":20},"1":{"loc":{"start":{"line":25,"column":6},"end":{"line":25,"column":null}},"type":"if","locations":[{"start":{"line":25,"column":6},"end":{"line":25,"column":null}},{"start":{},"end":{}}],"line":25},"2":{"loc":{"start":{"line":27,"column":8},"end":{"line":27,"column":null}},"type":"if","locations":[{"start":{"line":27,"column":8},"end":{"line":27,"column":null}},{"start":{},"end":{}}],"line":27},"3":{"loc":{"start":{"line":34,"column":8},"end":{"line":34,"column":null}},"type":"if","locations":[{"start":{"line":34,"column":8},"end":{"line":34,"column":null}},{"start":{},"end":{}}],"line":34},"4":{"loc":{"start":{"line":40,"column":8},"end":{"line":43,"column":null}},"type":"if","locations":[{"start":{"line":40,"column":8},"end":{"line":43,"column":null}},{"start":{},"end":{}}],"line":40},"5":{"loc":{"start":{"line":41,"column":19},"end":{"line":41,"column":null}},"type":"cond-expr","locations":[{"start":{"line":41,"column":19},"end":{"line":41,"column":null}},{"start":{"line":41,"column":19},"end":{"line":41,"column":null}}],"line":41},"6":{"loc":{"start":{"line":42,"column":6},"end":{"line":42,"column":null}},"type":"if","locations":[{"start":{"line":42,"column":6},"end":{"line":42,"column":null}},{"start":{},"end":{}}],"line":42},"7":{"loc":{"start":{"line":54,"column":6},"end":{"line":58,"column":51}},"type":"if","locations":[{"start":{"line":54,"column":6},"end":{"line":58,"column":51}},{"start":{},"end":{}}],"line":54},"8":{"loc":{"start":{"line":86,"column":4},"end":{"line":88,"column":null}},"type":"if","locations":[{"start":{"line":86,"column":4},"end":{"line":88,"column":null}},{"start":{},"end":{}}],"line":86},"9":{"loc":{"start":{"line":86,"column":4},"end":{"line":86,"column":null}},"type":"binary-expr","locations":[{"start":{"line":86,"column":4},"end":{"line":86,"column":12}},{"start":{"line":86,"column":13},"end":{"line":86,"column":null}}],"line":86},"10":{"loc":{"start":{"line":93,"column":4},"end":{"line":97,"column":null}},"type":"if","locations":[{"start":{"line":93,"column":4},"end":{"line":97,"column":null}},{"start":{},"end":{}}],"line":93},"11":{"loc":{"start":{"line":93,"column":4},"end":{"line":93,"column":null}},"type":"binary-expr","locations":[{"start":{"line":93,"column":4},"end":{"line":93,"column":null}},{"start":{"line":93,"column":4},"end":{"line":93,"column":null}}],"line":93},"12":{"loc":{"start":{"line":99,"column":67},"end":{"line":107,"column":null}},"type":"if","locations":[{"start":{"line":99,"column":67},"end":{"line":107,"column":null}},{"start":{},"end":{}}],"line":99},"13":{"loc":{"start":{"line":107,"column":6},"end":{"line":117,"column":9}},"type":"binary-expr","locations":[{"start":{"line":107,"column":6},"end":{"line":109,"column":null}},{"start":{"line":109,"column":6},"end":{"line":117,"column":9}}],"line":107},"14":{"loc":{"start":{"line":117,"column":8},"end":{"line":117,"column":23}},"type":"cond-expr","locations":[{"start":{"line":117,"column":9},"end":{"line":117,"column":23}},{"start":{"line":117,"column":13},"end":{"line":117,"column":23}}],"line":117},"15":{"loc":{"start":{"line":117,"column":23},"end":{"line":117,"column":null}},"type":"cond-expr","locations":[{"start":{"line":117,"column":46},"end":{"line":117,"column":53}},{"start":{"line":117,"column":53},"end":{"line":117,"column":null}}],"line":117},"16":{"loc":{"start":{"line":123,"column":14},"end":{"line":123,"column":null}},"type":"if","locations":[{"start":{"line":123,"column":14},"end":{"line":123,"column":null}},{"start":{},"end":{}}],"line":123},"17":{"loc":{"start":{"line":123,"column":19},"end":{"line":123,"column":null}},"type":"binary-expr","locations":[{"start":{"line":123,"column":19},"end":{"line":123,"column":null}},{"start":{"line":123,"column":19},"end":{"line":123,"column":null}}],"line":123},"18":{"loc":{"start":{"line":126,"column":14},"end":{"line":132,"column":63}},"type":"cond-expr","locations":[{"start":{"line":126,"column":28},"end":{"line":130,"column":null}},{"start":{"line":130,"column":16},"end":{"line":132,"column":63}}],"line":126},"19":{"loc":{"start":{"line":117,"column":8},"end":{"line":150,"column":9}},"type":"binary-expr","locations":[{"start":{"line":117,"column":8},"end":{"line":117,"column":9}},{"start":{"line":117,"column":8},"end":{"line":150,"column":9}}],"line":117},"20":{"loc":{"start":{"line":153,"column":12},"end":{"line":156,"column":null}},"type":"binary-expr","locations":[{"start":{"line":153,"column":12},"end":{"line":153,"column":66}},{"start":{"line":153,"column":12},"end":{"line":156,"column":null}}],"line":153},"21":{"loc":{"start":{"line":168,"column":14},"end":{"line":177,"column":null}},"type":"binary-expr","locations":[{"start":{"line":168,"column":14},"end":{"line":168,"column":15}},{"start":{"line":168,"column":14},"end":{"line":177,"column":null}}],"line":168},"22":{"loc":{"start":{"line":186,"column":21},"end":{"line":199,"column":null}},"type":"cond-expr","locations":[{"start":{"line":186,"column":21},"end":{"line":191,"column":15}},{"start":{"line":191,"column":14},"end":{"line":199,"column":null}}],"line":186},"23":{"loc":{"start":{"line":184,"column":10},"end":{"line":207,"column":null}},"type":"binary-expr","locations":[{"start":{"line":184,"column":10},"end":{"line":184,"column":11}},{"start":{"line":184,"column":10},"end":{"line":184,"column":11}},{"start":{"line":184,"column":10},"end":{"line":184,"column":11}},{"start":{"line":184,"column":10},"end":{"line":207,"column":null}}],"line":184},"24":{"loc":{"start":{"line":207,"column":12},"end":{"line":231,"column":68}},"type":"binary-expr","locations":[{"start":{"line":207,"column":12},"end":{"line":207,"column":null}},{"start":{"line":207,"column":12},"end":{"line":231,"column":68}}],"line":207},"25":{"loc":{"start":{"line":241,"column":59},"end":{"line":241,"column":80}},"type":"if","locations":[{"start":{"line":241,"column":59},"end":{"line":241,"column":80}},{"start":{},"end":{}}],"line":241},"26":{"loc":{"start":{"line":244,"column":9},"end":{"line":244,"column":null}},"type":"if","locations":[{"start":{"line":244,"column":9},"end":{"line":244,"column":null}},{"start":{},"end":{}}],"line":244},"27":{"loc":{"start":{"line":245,"column":0},"end":{"line":245,"column":null}},"type":"if","locations":[{"start":{"line":245,"column":0},"end":{"line":245,"column":null}},{"start":{},"end":{}}],"line":245}},"s":{"0":1,"1":0,"2":0,"3":0,"4":0,"5":0,"6":0,"7":0,"8":0,"9":0,"10":0,"11":0,"12":0,"13":0,"14":0,"15":0,"16":0,"17":0,"18":0,"19":0,"20":0,"21":0,"22":0,"23":0,"24":0,"25":0,"26":0,"27":0,"28":0,"29":0,"30":0,"31":0,"32":0,"33":0,"34":0,"35":0,"36":0,"37":0,"38":0,"39":0,"40":0,"41":0,"42":0,"43":0,"44":21,"45":21,"46":21,"47":21,"48":11,"49":11,"50":11,"51":11,"52":0,"53":0,"54":21,"55":0,"56":0,"57":0,"58":0,"59":21,"60":1,"61":21,"62":1,"63":20,"64":4,"65":0,"66":0,"67":0,"68":1,"69":1,"70":2,"71":20,"72":1,"73":0,"74":0,"75":4,"76":4,"77":0,"78":4,"79":20,"80":20,"81":0,"82":0},"f":{"0":0,"1":0,"2":0,"3":0,"4":0,"5":21,"6":11,"7":0,"8":0,"9":0,"10":1,"11":4,"12":0,"13":0,"14":1,"15":4,"16":40,"17":1,"18":0,"19":0,"20":4,"21":20},"b":{"0":[0,0],"1":[0,0],"2":[0,0],"3":[0,0],"4":[0,0],"5":[0,0],"6":[0,0],"7":[0,0],"8":[0,11],"9":[11,10],"10":[0,0],"11":[0,0],"12":[1,20],"13":[20,2],"14":[2,2],"15":[0,4],"16":[0,0],"17":[0,0],"18":[4,0],"19":[21,20],"20":[20,9],"21":[20,18],"22":[20,0],"23":[20,0,0,0],"24":[20,1],"25":[0,4],"26":[20,0],"27":[0,0]},"meta":{"lastBranch":28,"lastFunction":22,"lastStatement":83,"seen":{"s:8:0:8:Infinity":0,"f:9:2:9:Infinity":0,"s:10:14:10:Infinity":1,"s:11:2:11:Infinity":2,"s:14:21:14:Infinity":3,"s:15:2:53:Infinity":4,"f:15:8:15:Infinity":1,"s:16:9:16:16":5,"s:17:8:17:24":6,"f:19:18:19:Infinity":2,"b:20:4:20:Infinity:undefined:undefined:undefined:undefined":0,"s:20:4:20:Infinity":7,"s:20:39:20:Infinity":8,"s:21:4:44:Infinity":9,"s:23:28:23:Infinity":10,"s:24:6:24:Infinity":11,"b:25:6:25:Infinity:undefined:undefined:undefined:undefined":1,"s:25:6:25:Infinity":12,"s:25:10:25:Infinity":13,"s:26:14:26:Infinity":14,"b:27:8:27:Infinity:undefined:undefined:undefined:undefined":2,"s:27:8:27:Infinity":15,"s:27:20:27:Infinity":16,"s:28:23:28:Infinity":17,"s:29:14:29:34":18,"s:30:12:30:Infinity":19,"s:32:8:32:Infinity":20,"s:33:8:33:Infinity":21,"b:34:8:34:Infinity:undefined:undefined:undefined:undefined":3,"s:34:8:34:Infinity":22,"s:34:27:34:Infinity":23,"s:35:15:35:Infinity":24,"s:36:8:36:Infinity":25,"s:38:8:38:Infinity":26,"b:40:8:43:Infinity:undefined:undefined:undefined:undefined":4,"s:40:8:43:Infinity":27,"s:41:19:41:Infinity":28,"b:41:19:41:Infinity:41:19:41:Infinity":5,"b:42:6:42:Infinity:undefined:undefined:undefined:undefined":6,"s:42:6:42:Infinity":29,"s:42:29:42:Infinity":30,"s:45:57:46:Infinity":31,"s:46:8:52:Infinity":32,"f:47:6:47:Infinity":3,"s:48:4:48:Infinity":33,"s:50:4:50:Infinity":34,"s:51:4:51:Infinity":35,"b:54:6:58:51:undefined:undefined:undefined:undefined":7,"s:54:6:58:51":36,"s:54:11:58:51":37,"s:58:20:59:56":38,"f:59:9:59:56":4,"s:59:56:59:Infinity":39,"s:60:0:60:Infinity":40,"s:63:15:63:Infinity":41,"s:64:2:64:Infinity":42,"s:65:2:65:Infinity":43,"f:67:14:67:Infinity":5,"s:68:9:68:Infinity":44,"s:69:0:69:Infinity":45,"s:79:36:79:Infinity":46,"s:80:2:89:Infinity":47,"f:80:9:80:15":6,"s:81:2:81:Infinity":48,"s:82:2:82:Infinity":49,"s:85:2:85:Infinity":50,"b:86:4:88:Infinity:undefined:undefined:undefined:undefined":8,"s:86:4:88:Infinity":51,"b:86:4:86:12:86:13:86:Infinity":9,"s:87:4:87:Infinity":52,"f:87:16:87:Infinity":7,"s:87:16:87:Infinity":53,"s:90:6:98:8":54,"f:91:9:91:14":8,"b:93:4:97:Infinity:undefined:undefined:undefined:undefined":10,"s:93:4:97:Infinity":55,"b:93:4:93:Infinity:93:4:93:Infinity":11,"s:94:6:94:Infinity":56,"s:96:2:96:Infinity":57,"f:96:8:96:22":9,"s:96:8:96:Infinity":58,"s:99:14:99:51":59,"f:99:28:99:31":10,"s:99:36:99:49":60,"b:99:67:107:Infinity:undefined:undefined:undefined:undefined":12,"s:99:67:107:Infinity":61,"s:101:2:107:Infinity":62,"s:107:6:114:Infinity":63,"b:107:6:109:Infinity:109:6:117:9":13,"f:109:6:109:Infinity":11,"s:109:6:119:13":64,"b:117:9:117:23:117:13:117:23":14,"b:117:46:117:53:117:53:117:Infinity":15,"f:119:13:119:Infinity":12,"s:119:13:119:Infinity":65,"f:122:23:122:29":13,"b:123:14:123:Infinity:undefined:undefined:undefined:undefined":16,"s:123:14:123:Infinity":66,"b:123:19:123:Infinity:123:19:123:Infinity":17,"s:123:19:123:Infinity":67,"b:126:28:130:Infinity:130:16:132:63":18,"f:134:15:134:Infinity":14,"s:134:15:134:Infinity":68,"s:135:16:135:Infinity":69,"b:117:8:117:9:117:8:150:9":19,"b:153:12:153:66:153:12:156:Infinity":20,"f:160:15:160:Infinity":15,"s:160:15:160:Infinity":70,"f:168:15:168:Infinity":16,"s:168:15:168:Infinity":71,"b:168:14:168:15:168:14:177:Infinity":21,"f:168:14:168:15":17,"s:168:14:168:15":72,"b:186:21:191:15:191:14:199:Infinity":22,"b:184:10:184:11:184:10:184:11:184:10:184:11:184:10:207:Infinity":23,"f:208:15:208:Infinity":18,"s:208:15:208:Infinity":73,"f:219:15:219:Infinity":19,"s:219:15:219:Infinity":74,"b:207:12:207:Infinity:207:12:231:68":24,"f:114:4:114:Infinity":20,"s:235:4:241:59":75,"b:241:59:241:80:undefined:undefined:undefined:undefined":25,"s:241:59:241:80":76,"s:241:75:241:80":77,"s:241:75:244:108":78,"f:244:9:244:108":21,"b:244:9:244:Infinity:undefined:undefined:undefined:undefined":26,"s:244:9:244:Infinity":79,"s:244:108:244:Infinity":80,"b:245:0:245:Infinity:undefined:undefined:undefined:undefined":27,"s:245:0:245:Infinity":81,"s:247:0:247:Infinity":82}}}
,"/home/soumitty/coldbones/frontend/src/components/JobTracker.tsx": {"path":"/home/soumitty/coldbones/frontend/src/components/JobTracker.tsx","statementMap":{"0":{"start":{"line":10,"column":40},"end":{"line":10,"column":null}},"1":{"start":{"line":12,"column":2},"end":{"line":25,"column":null}},"2":{"start":{"line":13,"column":4},"end":{"line":23,"column":null}},"3":{"start":{"line":27,"column":25},"end":{"line":27,"column":null}},"4":{"start":{"line":27,"column":42},"end":{"line":27,"column":65}},"5":{"start":{"line":28,"column":22},"end":{"line":28,"column":null}},"6":{"start":{"line":28,"column":39},"end":{"line":28,"column":60}},"7":{"start":{"line":29,"column":23},"end":{"line":29,"column":null}},"8":{"start":{"line":29,"column":40},"end":{"line":29,"column":90}},"9":{"start":{"line":31,"column":2},"end":{"line":106,"column":null}},"10":{"start":{"line":44,"column":10},"end":{"line":103,"column":null}},"11":{"start":{"line":47,"column":29},"end":{"line":47,"column":null}},"12":{"start":{"line":50,"column":34},"end":{"line":50,"column":140}},"13":{"start":{"line":50,"column":74},"end":{"line":50,"column":140}},"14":{"start":{"line":96,"column":34},"end":{"line":96,"column":55}},"15":{"start":{"line":96,"column":55},"end":{"line":96,"column":113}},"16":{"start":{"line":111,"column":2},"end":{"line":117,"column":null}},"17":{"start":{"line":112,"column":19},"end":{"line":112,"column":null}},"18":{"start":{"line":113,"column":23},"end":{"line":113,"column":null}},"19":{"start":{"line":114,"column":21},"end":{"line":114,"column":null}},"20":{"start":{"line":115,"column":19},"end":{"line":115,"column":null}},"21":{"start":{"line":116,"column":13},"end":{"line":116,"column":null}},"22":{"start":{"line":121,"column":52},"end":{"line":126,"column":null}},"23":{"start":{"line":127,"column":2},"end":{"line":128,"column":null}}},"fnMap":{"0":{"name":"JobTracker","decl":{"start":{"line":9,"column":16},"end":{"line":9,"column":27}},"loc":{"start":{"line":9,"column":54},"end":{"line":108,"column":null}},"line":9},"1":{"name":"(anonymous_1)","decl":{"start":{"line":27,"column":37},"end":{"line":27,"column":42}},"loc":{"start":{"line":27,"column":42},"end":{"line":27,"column":65}},"line":27},"2":{"name":"(anonymous_2)","decl":{"start":{"line":28,"column":34},"end":{"line":28,"column":39}},"loc":{"start":{"line":28,"column":39},"end":{"line":28,"column":60}},"line":28},"3":{"name":"(anonymous_3)","decl":{"start":{"line":29,"column":35},"end":{"line":29,"column":40}},"loc":{"start":{"line":29,"column":40},"end":{"line":29,"column":90}},"line":29},"4":{"name":"(anonymous_4)","decl":{"start":{"line":43,"column":18},"end":{"line":43,"column":null}},"loc":{"start":{"line":44,"column":10},"end":{"line":103,"column":null}},"line":44},"5":{"name":"(anonymous_5)","decl":{"start":{"line":47,"column":23},"end":{"line":47,"column":29}},"loc":{"start":{"line":47,"column":29},"end":{"line":47,"column":null}},"line":47},"6":{"name":"(anonymous_6)","decl":{"start":{"line":50,"column":25},"end":{"line":50,"column":26}},"loc":{"start":{"line":50,"column":32},"end":{"line":50,"column":null}},"line":50},"7":{"name":"(anonymous_7)","decl":{"start":{"line":96,"column":25},"end":{"line":96,"column":26}},"loc":{"start":{"line":96,"column":32},"end":{"line":96,"column":null}},"line":96},"8":{"name":"(anonymous_8)","decl":{"start":{"line":96,"column":102},"end":{"line":96,"column":108}},"loc":{"start":{"line":96,"column":108},"end":{"line":96,"column":110}},"line":96},"9":{"name":"statusIcon","decl":{"start":{"line":110,"column":9},"end":{"line":110,"column":20}},"loc":{"start":{"line":110,"column":55},"end":{"line":118,"column":null}},"line":110},"10":{"name":"StatusBadge","decl":{"start":{"line":120,"column":9},"end":{"line":120,"column":21}},"loc":{"start":{"line":120,"column":64},"end":{"line":130,"column":null}},"line":120}},"branchMap":{"0":{"loc":{"start":{"line":12,"column":2},"end":{"line":25,"column":null}},"type":"if","locations":[{"start":{"line":12,"column":2},"end":{"line":25,"column":null}},{"start":{},"end":{}}],"line":12},"1":{"loc":{"start":{"line":29,"column":40},"end":{"line":29,"column":90}},"type":"binary-expr","locations":[{"start":{"line":29,"column":40},"end":{"line":29,"column":65}},{"start":{"line":29,"column":65},"end":{"line":29,"column":90}}],"line":29},"2":{"loc":{"start":{"line":36,"column":11},"end":{"line":36,"column":null}},"type":"binary-expr","locations":[{"start":{"line":36,"column":11},"end":{"line":36,"column":33}},{"start":{"line":36,"column":33},"end":{"line":36,"column":null}}],"line":36},"3":{"loc":{"start":{"line":37,"column":11},"end":{"line":37,"column":null}},"type":"binary-expr","locations":[{"start":{"line":37,"column":11},"end":{"line":37,"column":31}},{"start":{"line":37,"column":31},"end":{"line":37,"column":null}}],"line":37},"4":{"loc":{"start":{"line":38,"column":11},"end":{"line":38,"column":null}},"type":"binary-expr","locations":[{"start":{"line":38,"column":11},"end":{"line":38,"column":30}},{"start":{"line":38,"column":30},"end":{"line":38,"column":null}}],"line":38},"5":{"loc":{"start":{"line":47,"column":46},"end":{"line":47,"column":92}},"type":"cond-expr","locations":[{"start":{"line":47,"column":76},"end":{"line":47,"column":83}},{"start":{"line":47,"column":83},"end":{"line":47,"column":92}}],"line":47},"6":{"loc":{"start":{"line":50,"column":34},"end":{"line":50,"column":140}},"type":"if","locations":[{"start":{"line":50,"column":34},"end":{"line":50,"column":140}},{"start":{},"end":{}}],"line":50},"7":{"loc":{"start":{"line":50,"column":38},"end":{"line":50,"column":74}},"type":"binary-expr","locations":[{"start":{"line":50,"column":38},"end":{"line":50,"column":59}},{"start":{"line":50,"column":59},"end":{"line":50,"column":74}}],"line":50},"8":{"loc":{"start":{"line":50,"column":91},"end":{"line":50,"column":137}},"type":"cond-expr","locations":[{"start":{"line":50,"column":121},"end":{"line":50,"column":128}},{"start":{"line":50,"column":128},"end":{"line":50,"column":137}}],"line":50},"9":{"loc":{"start":{"line":59,"column":17},"end":{"line":60,"column":null}},"type":"binary-expr","locations":[{"start":{"line":59,"column":17},"end":{"line":59,"column":47}},{"start":{"line":59,"column":47},"end":{"line":59,"column":null}},{"start":{"line":60,"column":18},"end":{"line":60,"column":null}}],"line":59},"10":{"loc":{"start":{"line":62,"column":17},"end":{"line":63,"column":null}},"type":"binary-expr","locations":[{"start":{"line":62,"column":17},"end":{"line":62,"column":46}},{"start":{"line":62,"column":46},"end":{"line":62,"column":null}},{"start":{"line":63,"column":18},"end":{"line":63,"column":null}}],"line":62},"11":{"loc":{"start":{"line":63,"column":53},"end":{"line":63,"column":103}},"type":"cond-expr","locations":[{"start":{"line":63,"column":83},"end":{"line":63,"column":94}},{"start":{"line":63,"column":94},"end":{"line":63,"column":103}}],"line":63},"12":{"loc":{"start":{"line":68,"column":13},"end":{"line":71,"column":null}},"type":"binary-expr","locations":[{"start":{"line":68,"column":13},"end":{"line":68,"column":null}},{"start":{"line":69,"column":14},"end":{"line":71,"column":null}}],"line":68},"13":{"loc":{"start":{"line":74,"column":13},"end":{"line":75,"column":null}},"type":"binary-expr","locations":[{"start":{"line":74,"column":13},"end":{"line":74,"column":40}},{"start":{"line":74,"column":40},"end":{"line":74,"column":null}},{"start":{"line":75,"column":14},"end":{"line":75,"column":null}}],"line":74},"14":{"loc":{"start":{"line":78,"column":13},"end":{"line":87,"column":null}},"type":"binary-expr","locations":[{"start":{"line":78,"column":13},"end":{"line":78,"column":42}},{"start":{"line":78,"column":42},"end":{"line":78,"column":56}},{"start":{"line":78,"column":56},"end":{"line":78,"column":null}},{"start":{"line":79,"column":14},"end":{"line":87,"column":null}}],"line":78},"15":{"loc":{"start":{"line":92,"column":45},"end":{"line":92,"column":null}},"type":"cond-expr","locations":[{"start":{"line":92,"column":69},"end":{"line":92,"column":75}},{"start":{"line":92,"column":75},"end":{"line":92,"column":null}}],"line":92},"16":{"loc":{"start":{"line":111,"column":2},"end":{"line":117,"column":null}},"type":"switch","locations":[{"start":{"line":112,"column":4},"end":{"line":112,"column":null}},{"start":{"line":113,"column":4},"end":{"line":113,"column":null}},{"start":{"line":114,"column":4},"end":{"line":114,"column":null}},{"start":{"line":115,"column":4},"end":{"line":115,"column":null}},{"start":{"line":116,"column":4},"end":{"line":116,"column":null}}],"line":111}},"s":{"0":17,"1":17,"2":1,"3":16,"4":18,"5":16,"6":18,"7":16,"8":18,"9":16,"10":18,"11":3,"12":0,"13":0,"14":1,"15":1,"16":18,"17":6,"18":2,"19":7,"20":3,"21":0,"22":18,"23":18},"f":{"0":17,"1":18,"2":18,"3":18,"4":18,"5":3,"6":0,"7":1,"8":0,"9":18,"10":18},"b":{"0":[1,16],"1":[18,12],"2":[16,7],"3":[17,8],"4":[17,3],"5":[1,2],"6":[0,0],"7":[0,0],"8":[0,0],"9":[18,18,6],"10":[18,7,6],"11":[2,4],"12":[18,2],"13":[18,3,2],"14":[18,7,6,2],"15":[15,3],"16":[6,2,7,3,0]},"meta":{"lastBranch":17,"lastFunction":11,"lastStatement":24,"seen":{"f:9:16:9:27":0,"s:10:40:10:Infinity":0,"b:12:2:25:Infinity:undefined:undefined:undefined:undefined":0,"s:12:2:25:Infinity":1,"s:13:4:23:Infinity":2,"s:27:25:27:Infinity":3,"f:27:37:27:42":1,"s:27:42:27:65":4,"s:28:22:28:Infinity":5,"f:28:34:28:39":2,"s:28:39:28:60":6,"s:29:23:29:Infinity":7,"f:29:35:29:40":3,"s:29:40:29:90":8,"b:29:40:29:65:29:65:29:90":1,"s:31:2:106:Infinity":9,"b:36:11:36:33:36:33:36:Infinity":2,"b:37:11:37:31:37:31:37:Infinity":3,"b:38:11:38:30:38:30:38:Infinity":4,"f:43:18:43:Infinity":4,"s:44:10:103:Infinity":10,"f:47:23:47:29":5,"s:47:29:47:Infinity":11,"b:47:76:47:83:47:83:47:92":5,"f:50:25:50:26":6,"b:50:34:50:140:undefined:undefined:undefined:undefined":6,"s:50:34:50:140":12,"b:50:38:50:59:50:59:50:74":7,"s:50:74:50:140":13,"b:50:121:50:128:50:128:50:137":8,"b:59:17:59:47:59:47:59:Infinity:60:18:60:Infinity":9,"b:62:17:62:46:62:46:62:Infinity:63:18:63:Infinity":10,"b:63:83:63:94:63:94:63:103":11,"b:68:13:68:Infinity:69:14:71:Infinity":12,"b:74:13:74:40:74:40:74:Infinity:75:14:75:Infinity":13,"b:78:13:78:42:78:42:78:56:78:56:78:Infinity:79:14:87:Infinity":14,"b:92:69:92:75:92:75:92:Infinity":15,"f:96:25:96:26":7,"s:96:34:96:55":14,"s:96:55:96:113":15,"f:96:102:96:108":8,"f:110:9:110:20":9,"b:112:4:112:Infinity:113:4:113:Infinity:114:4:114:Infinity:115:4:115:Infinity:116:4:116:Infinity":16,"s:111:2:117:Infinity":16,"s:112:19:112:Infinity":17,"s:113:23:113:Infinity":18,"s:114:21:114:Infinity":19,"s:115:19:115:Infinity":20,"s:116:13:116:Infinity":21,"f:120:9:120:21":10,"s:121:52:126:Infinity":22,"s:127:2:128:Infinity":23}}}
,"/home/soumitty/coldbones/frontend/src/components/LanguagePicker.tsx": {"path":"/home/soumitty/coldbones/frontend/src/components/LanguagePicker.tsx","statementMap":{"0":{"start":{"line":4,"column":67},"end":{"line":9,"column":null}},"1":{"start":{"line":12,"column":24},"end":{"line":12,"column":null}},"2":{"start":{"line":14,"column":2},"end":{"line":28,"column":null}},"3":{"start":{"line":19,"column":23},"end":{"line":19,"column":null}},"4":{"start":{"line":23,"column":10},"end":{"line":25,"column":null}}},"fnMap":{"0":{"name":"LanguagePicker","decl":{"start":{"line":11,"column":16},"end":{"line":11,"column":33}},"loc":{"start":{"line":11,"column":33},"end":{"line":30,"column":null}},"line":11},"1":{"name":"(anonymous_1)","decl":{"start":{"line":19,"column":18},"end":{"line":19,"column":23}},"loc":{"start":{"line":19,"column":23},"end":{"line":19,"column":null}},"line":19},"2":{"name":"(anonymous_2)","decl":{"start":{"line":22,"column":21},"end":{"line":22,"column":null}},"loc":{"start":{"line":23,"column":10},"end":{"line":25,"column":null}},"line":23}},"branchMap":{},"s":{"0":1,"1":10,"2":10,"3":3,"4":40},"f":{"0":10,"1":3,"2":40},"b":{},"meta":{"lastBranch":0,"lastFunction":3,"lastStatement":5,"seen":{"s:4:67:9:Infinity":0,"f:11:16:11:33":0,"s:12:24:12:Infinity":1,"s:14:2:28:Infinity":2,"f:19:18:19:23":1,"s:19:23:19:Infinity":3,"f:22:21:22:Infinity":2,"s:23:10:25:Infinity":4}}}
,"/home/soumitty/coldbones/frontend/src/components/ModeToggle.tsx": {"path":"/home/soumitty/coldbones/frontend/src/components/ModeToggle.tsx","statementMap":{"0":{"start":{"line":9,"column":24},"end":{"line":9,"column":null}},"1":{"start":{"line":11,"column":23},"end":{"line":13,"column":null}},"2":{"start":{"line":12,"column":4},"end":{"line":12,"column":null}},"3":{"start":{"line":12,"column":19},"end":{"line":12,"column":null}},"4":{"start":{"line":15,"column":2},"end":{"line":37,"column":null}},"5":{"start":{"line":19,"column":23},"end":{"line":19,"column":null}},"6":{"start":{"line":29,"column":23},"end":{"line":29,"column":null}}},"fnMap":{"0":{"name":"ModeToggle","decl":{"start":{"line":8,"column":16},"end":{"line":8,"column":27}},"loc":{"start":{"line":8,"column":66},"end":{"line":39,"column":null}},"line":8},"1":{"name":"(anonymous_1)","decl":{"start":{"line":11,"column":23},"end":{"line":11,"column":24}},"loc":{"start":{"line":11,"column":52},"end":{"line":13,"column":null}},"line":11},"2":{"name":"(anonymous_2)","decl":{"start":{"line":19,"column":17},"end":{"line":19,"column":23}},"loc":{"start":{"line":19,"column":23},"end":{"line":19,"column":null}},"line":19},"3":{"name":"(anonymous_3)","decl":{"start":{"line":29,"column":17},"end":{"line":29,"column":23}},"loc":{"start":{"line":29,"column":23},"end":{"line":29,"column":null}},"line":29}},"branchMap":{"0":{"loc":{"start":{"line":8,"column":29},"end":{"line":8,"column":46}},"type":"default-arg","locations":[{"start":{"line":8,"column":40},"end":{"line":8,"column":46}}],"line":8},"1":{"loc":{"start":{"line":12,"column":4},"end":{"line":12,"column":null}},"type":"if","locations":[{"start":{"line":12,"column":4},"end":{"line":12,"column":null}},{"start":{},"end":{}}],"line":12},"2":{"loc":{"start":{"line":16,"column":35},"end":{"line":16,"column":61}},"type":"cond-expr","locations":[{"start":{"line":16,"column":46},"end":{"line":16,"column":59}},{"start":{"line":16,"column":59},"end":{"line":16,"column":61}}],"line":16},"3":{"loc":{"start":{"line":18,"column":31},"end":{"line":18,"column":62}},"type":"cond-expr","locations":[{"start":{"line":18,"column":49},"end":{"line":18,"column":60}},{"start":{"line":18,"column":60},"end":{"line":18,"column":62}}],"line":18},"4":{"loc":{"start":{"line":28,"column":31},"end":{"line":28,"column":62}},"type":"cond-expr","locations":[{"start":{"line":28,"column":49},"end":{"line":28,"column":60}},{"start":{"line":28,"column":60},"end":{"line":28,"column":62}}],"line":28}},"s":{"0":9,"1":9,"2":3,"3":3,"4":9,"5":1,"6":2},"f":{"0":9,"1":3,"2":1,"3":2},"b":{"0":[9],"1":[3,0],"2":[1,8],"3":[7,2],"4":[2,7]},"meta":{"lastBranch":5,"lastFunction":4,"lastStatement":7,"seen":{"f:8:16:8:27":0,"b:8:40:8:46":0,"s:9:24:9:Infinity":0,"s:11:23:13:Infinity":1,"f:11:23:11:24":1,"b:12:4:12:Infinity:undefined:undefined:undefined:undefined":1,"s:12:4:12:Infinity":2,"s:12:19:12:Infinity":3,"s:15:2:37:Infinity":4,"b:16:46:16:59:16:59:16:61":2,"b:18:49:18:60:18:60:18:62":3,"f:19:17:19:23":2,"s:19:23:19:Infinity":5,"b:28:49:28:60:28:60:28:62":4,"f:29:17:29:23":3,"s:29:23:29:Infinity":6}}}
,"/home/soumitty/coldbones/frontend/src/components/UploadZone.tsx": {"path":"/home/soumitty/coldbones/frontend/src/components/UploadZone.tsx","statementMap":{"0":{"start":{"line":12,"column":12},"end":{"line":12,"column":null}},"1":{"start":{"line":14,"column":8},"end":{"line":18,"column":null}},"2":{"start":{"line":15,"column":4},"end":{"line":17,"column":null}},"3":{"start":{"line":16,"column":6},"end":{"line":16,"column":null}},"4":{"start":{"line":20,"column":52},"end":{"line":25,"column":null}},"5":{"start":{"line":27,"column":2},"end":{"line":50,"column":null}}},"fnMap":{"0":{"name":"UploadZone","decl":{"start":{"line":11,"column":16},"end":{"line":11,"column":27}},"loc":{"start":{"line":11,"column":72},"end":{"line":52,"column":null}},"line":11},"1":{"name":"(anonymous_1)","decl":{"start":{"line":14,"column":29},"end":{"line":14,"column":30}},"loc":{"start":{"line":14,"column":56},"end":{"line":18,"column":5}},"line":14}},"branchMap":{"0":{"loc":{"start":{"line":15,"column":4},"end":{"line":17,"column":null}},"type":"if","locations":[{"start":{"line":15,"column":4},"end":{"line":17,"column":null}},{"start":{},"end":{}}],"line":15},"1":{"loc":{"start":{"line":30,"column":32},"end":{"line":30,"column":65}},"type":"cond-expr","locations":[{"start":{"line":30,"column":47},"end":{"line":30,"column":63}},{"start":{"line":30,"column":63},"end":{"line":30,"column":65}}],"line":30},"2":{"loc":{"start":{"line":30,"column":69},"end":{"line":30,"column":95}},"type":"cond-expr","locations":[{"start":{"line":30,"column":80},"end":{"line":30,"column":93}},{"start":{"line":30,"column":93},"end":{"line":30,"column":95}}],"line":30},"3":{"loc":{"start":{"line":32,"column":18},"end":{"line":32,"column":null}},"type":"cond-expr","locations":[{"start":{"line":32,"column":33},"end":{"line":32,"column":53}},{"start":{"line":32,"column":53},"end":{"line":32,"column":null}}],"line":32},"4":{"loc":{"start":{"line":38,"column":11},"end":{"line":38,"column":null}},"type":"cond-expr","locations":[{"start":{"line":38,"column":26},"end":{"line":38,"column":33}},{"start":{"line":38,"column":33},"end":{"line":38,"column":null}}],"line":38},"5":{"loc":{"start":{"line":41,"column":11},"end":{"line":41,"column":null}},"type":"cond-expr","locations":[{"start":{"line":41,"column":26},"end":{"line":41,"column":46}},{"start":{"line":41,"column":46},"end":{"line":41,"column":null}}],"line":41}},"s":{"0":5,"1":5,"2":0,"3":0,"4":5,"5":5},"f":{"0":5,"1":0},"b":{"0":[0,0],"1":[0,5],"2":[1,4],"3":[0,5],"4":[0,5],"5":[0,5]},"meta":{"lastBranch":6,"lastFunction":2,"lastStatement":6,"seen":{"f:11:16:11:27":0,"s:12:12:12:Infinity":0,"s:14:8:18:Infinity":1,"f:14:29:14:30":1,"b:15:4:17:Infinity:undefined:undefined:undefined:undefined":0,"s:15:4:17:Infinity":2,"s:16:6:16:Infinity":3,"s:20:52:25:Infinity":4,"s:27:2:50:Infinity":5,"b:30:47:30:63:30:63:30:65":1,"b:30:80:30:93:30:93:30:95":2,"b:32:33:32:53:32:53:32:Infinity":3,"b:38:26:38:33:38:33:38:Infinity":4,"b:41:26:41:46:41:46:41:Infinity":5}}}
,"/home/soumitty/coldbones/frontend/src/contexts/LanguageContext.tsx": {"path":"/home/soumitty/coldbones/frontend/src/contexts/LanguageContext.tsx","statementMap":{"0":{"start":{"line":10,"column":6},"end":{"line":10,"column":null}},"1":{"start":{"line":13,"column":27},"end":{"line":20,"column":null}},"2":{"start":{"line":14,"column":18},"end":{"line":14,"column":null}},"3":{"start":{"line":15,"column":4},"end":{"line":18,"column":null}},"4":{"start":{"line":16,"column":18},"end":{"line":16,"column":null}},"5":{"start":{"line":17,"column":6},"end":{"line":17,"column":null}},"6":{"start":{"line":17,"column":72},"end":{"line":17,"column":null}},"7":{"start":{"line":19,"column":4},"end":{"line":19,"column":null}},"8":{"start":{"line":22,"column":2},"end":{"line":25,"column":null}},"9":{"start":{"line":23,"column":4},"end":{"line":23,"column":null}},"10":{"start":{"line":24,"column":4},"end":{"line":24,"column":null}},"11":{"start":{"line":27,"column":18},"end":{"line":31,"column":null}},"12":{"start":{"line":28,"column":16},"end":{"line":28,"column":null}},"13":{"start":{"line":29,"column":4},"end":{"line":30,"column":null}},"14":{"start":{"line":29,"column":42},"end":{"line":29,"column":null}},"15":{"start":{"line":30,"column":9},"end":{"line":30,"column":null}},"16":{"start":{"line":33,"column":12},"end":{"line":33,"column":null}},"17":{"start":{"line":35,"column":2},"end":{"line":38,"column":null}},"18":{"start":{"line":43,"column":8},"end":{"line":43,"column":null}},"19":{"start":{"line":44,"column":2},"end":{"line":44,"column":null}},"20":{"start":{"line":44,"column":12},"end":{"line":44,"column":null}},"21":{"start":{"line":45,"column":2},"end":{"line":45,"column":null}}},"fnMap":{"0":{"name":"LanguageProvider","decl":{"start":{"line":12,"column":16},"end":{"line":12,"column":33}},"loc":{"start":{"line":12,"column":72},"end":{"line":40,"column":null}},"line":12},"1":{"name":"(anonymous_1)","decl":{"start":{"line":13,"column":50},"end":{"line":13,"column":56}},"loc":{"start":{"line":13,"column":56},"end":{"line":20,"column":3}},"line":13},"2":{"name":"(anonymous_2)","decl":{"start":{"line":22,"column":12},"end":{"line":22,"column":18}},"loc":{"start":{"line":22,"column":18},"end":{"line":25,"column":5}},"line":22},"3":{"name":"(anonymous_3)","decl":{"start":{"line":27,"column":18},"end":{"line":27,"column":19}},"loc":{"start":{"line":27,"column":41},"end":{"line":31,"column":null}},"line":27},"4":{"name":"useLanguage","decl":{"start":{"line":42,"column":16},"end":{"line":42,"column":30}},"loc":{"start":{"line":42,"column":30},"end":{"line":46,"column":null}},"line":42}},"branchMap":{"0":{"loc":{"start":{"line":15,"column":4},"end":{"line":18,"column":null}},"type":"if","locations":[{"start":{"line":15,"column":4},"end":{"line":18,"column":null}},{"start":{},"end":{}}],"line":15},"1":{"loc":{"start":{"line":17,"column":6},"end":{"line":17,"column":null}},"type":"if","locations":[{"start":{"line":17,"column":6},"end":{"line":17,"column":null}},{"start":{},"end":{}}],"line":17},"2":{"loc":{"start":{"line":17,"column":10},"end":{"line":17,"column":72}},"type":"binary-expr","locations":[{"start":{"line":17,"column":10},"end":{"line":17,"column":26}},{"start":{"line":17,"column":26},"end":{"line":17,"column":42}},{"start":{"line":17,"column":42},"end":{"line":17,"column":58}},{"start":{"line":17,"column":58},"end":{"line":17,"column":72}}],"line":17},"3":{"loc":{"start":{"line":29,"column":4},"end":{"line":30,"column":null}},"type":"if","locations":[{"start":{"line":29,"column":4},"end":{"line":30,"column":null}},{"start":{"line":30,"column":9},"end":{"line":30,"column":null}}],"line":29},"4":{"loc":{"start":{"line":33,"column":12},"end":{"line":33,"column":null}},"type":"binary-expr","locations":[{"start":{"line":33,"column":12},"end":{"line":33,"column":37}},{"start":{"line":33,"column":37},"end":{"line":33,"column":null}}],"line":33},"5":{"loc":{"start":{"line":44,"column":2},"end":{"line":44,"column":null}},"type":"if","locations":[{"start":{"line":44,"column":2},"end":{"line":44,"column":null}},{"start":{},"end":{}}],"line":44}},"s":{"0":2,"1":76,"2":68,"3":68,"4":46,"5":46,"6":45,"7":23,"8":76,"9":76,"10":76,"11":76,"12":9,"13":9,"14":8,"15":1,"16":76,"17":76,"18":50,"19":50,"20":2,"21":48},"f":{"0":76,"1":68,"2":76,"3":9,"4":50},"b":{"0":[46,22],"1":[45,1],"2":[46,3,1,1],"3":[8,1],"4":[76,0],"5":[2,48]},"meta":{"lastBranch":6,"lastFunction":5,"lastStatement":22,"seen":{"s:10:6:10:Infinity":0,"f:12:16:12:33":0,"s:13:27:20:Infinity":1,"f:13:50:13:56":1,"s:14:18:14:Infinity":2,"b:15:4:18:Infinity:undefined:undefined:undefined:undefined":0,"s:15:4:18:Infinity":3,"s:16:18:16:Infinity":4,"b:17:6:17:Infinity:undefined:undefined:undefined:undefined":1,"s:17:6:17:Infinity":5,"b:17:10:17:26:17:26:17:42:17:42:17:58:17:58:17:72":2,"s:17:72:17:Infinity":6,"s:19:4:19:Infinity":7,"s:22:2:25:Infinity":8,"f:22:12:22:18":2,"s:23:4:23:Infinity":9,"s:24:4:24:Infinity":10,"s:27:18:31:Infinity":11,"f:27:18:27:19":3,"s:28:16:28:Infinity":12,"b:29:4:30:Infinity:30:9:30:Infinity":3,"s:29:4:30:Infinity":13,"s:29:42:29:Infinity":14,"s:30:9:30:Infinity":15,"s:33:12:33:Infinity":16,"b:33:12:33:37:33:37:33:Infinity":4,"s:35:2:38:Infinity":17,"f:42:16:42:30":4,"s:43:8:43:Infinity":18,"b:44:2:44:Infinity:undefined:undefined:undefined:undefined":5,"s:44:2:44:Infinity":19,"s:44:12:44:Infinity":20,"s:45:2:45:Infinity":21}}}
,"/home/soumitty/coldbones/frontend/src/contexts/ModeContext.tsx": {"path":"/home/soumitty/coldbones/frontend/src/contexts/ModeContext.tsx","statementMap":{"0":{"start":{"line":9,"column":6},"end":{"line":9,"column":null}},"1":{"start":{"line":12,"column":27},"end":{"line":15,"column":null}},"2":{"start":{"line":13,"column":18},"end":{"line":13,"column":null}},"3":{"start":{"line":14,"column":4},"end":{"line":14,"column":null}},"4":{"start":{"line":17,"column":18},"end":{"line":20,"column":null}},"5":{"start":{"line":18,"column":4},"end":{"line":18,"column":null}},"6":{"start":{"line":19,"column":4},"end":{"line":19,"column":null}},"7":{"start":{"line":22,"column":2},"end":{"line":24,"column":null}},"8":{"start":{"line":23,"column":4},"end":{"line":23,"column":null}},"9":{"start":{"line":26,"column":2},"end":{"line":29,"column":null}},"10":{"start":{"line":34,"column":8},"end":{"line":34,"column":null}},"11":{"start":{"line":35,"column":2},"end":{"line":37,"column":null}},"12":{"start":{"line":36,"column":4},"end":{"line":36,"column":null}},"13":{"start":{"line":38,"column":2},"end":{"line":38,"column":null}}},"fnMap":{"0":{"name":"ModeProvider","decl":{"start":{"line":11,"column":16},"end":{"line":11,"column":29}},"loc":{"start":{"line":11,"column":68},"end":{"line":31,"column":null}},"line":11},"1":{"name":"(anonymous_1)","decl":{"start":{"line":12,"column":56},"end":{"line":12,"column":62}},"loc":{"start":{"line":12,"column":62},"end":{"line":15,"column":3}},"line":12},"2":{"name":"(anonymous_2)","decl":{"start":{"line":17,"column":18},"end":{"line":17,"column":19}},"loc":{"start":{"line":17,"column":47},"end":{"line":20,"column":null}},"line":17},"3":{"name":"(anonymous_3)","decl":{"start":{"line":22,"column":12},"end":{"line":22,"column":18}},"loc":{"start":{"line":22,"column":18},"end":{"line":24,"column":5}},"line":22},"4":{"name":"useMode","decl":{"start":{"line":33,"column":16},"end":{"line":33,"column":26}},"loc":{"start":{"line":33,"column":26},"end":{"line":39,"column":null}},"line":33}},"branchMap":{"0":{"loc":{"start":{"line":14,"column":12},"end":{"line":14,"column":null}},"type":"cond-expr","locations":[{"start":{"line":14,"column":52},"end":{"line":14,"column":60}},{"start":{"line":14,"column":60},"end":{"line":14,"column":null}}],"line":14},"1":{"loc":{"start":{"line":14,"column":12},"end":{"line":14,"column":52}},"type":"binary-expr","locations":[{"start":{"line":14,"column":12},"end":{"line":14,"column":32}},{"start":{"line":14,"column":32},"end":{"line":14,"column":52}}],"line":14},"2":{"loc":{"start":{"line":35,"column":2},"end":{"line":37,"column":null}},"type":"if","locations":[{"start":{"line":35,"column":2},"end":{"line":37,"column":null}},{"start":{},"end":{}}],"line":35}},"s":{"0":2,"1":69,"2":62,"3":62,"4":69,"5":7,"6":7,"7":69,"8":69,"9":69,"10":21,"11":21,"12":2,"13":19},"f":{"0":69,"1":62,"2":7,"3":69,"4":21},"b":{"0":[44,18],"1":[62,19],"2":[2,19]},"meta":{"lastBranch":3,"lastFunction":5,"lastStatement":14,"seen":{"s:9:6:9:Infinity":0,"f:11:16:11:29":0,"s:12:27:15:Infinity":1,"f:12:56:12:62":1,"s:13:18:13:Infinity":2,"s:14:4:14:Infinity":3,"b:14:52:14:60:14:60:14:Infinity":0,"b:14:12:14:32:14:32:14:52":1,"s:17:18:20:Infinity":4,"f:17:18:17:19":2,"s:18:4:18:Infinity":5,"s:19:4:19:Infinity":6,"s:22:2:24:Infinity":7,"f:22:12:22:18":3,"s:23:4:23:Infinity":8,"s:26:2:29:Infinity":9,"f:33:16:33:26":4,"s:34:8:34:Infinity":10,"b:35:2:37:Infinity:undefined:undefined:undefined:undefined":2,"s:35:2:37:Infinity":11,"s:36:4:36:Infinity":12,"s:38:2:38:Infinity":13}}}
[...]
d":{}}],"line":79},"9":{"loc":{"start":{"line":93,"column":4},"end":{"line":93,"column":null}},"type":"if","locations":[{"start":{"line":93,"column":4},"end":{"line":93,"column":null}},{"start":{},"end":{}}],"line":93},"10":{"loc":{"start":{"line":97,"column":6},"end":{"line":97,"column":null}},"type":"if","locations":[{"start":{"line":97,"column":6},"end":{"line":97,"column":null}},{"start":{},"end":{}}],"line":97},"11":{"loc":{"start":{"line":98,"column":6},"end":{"line":101,"column":null}},"type":"if","locations":[{"start":{"line":98,"column":6},"end":{"line":101,"column":null}},{"start":{},"end":{}}],"line":98},"12":{"loc":{"start":{"line":107,"column":4},"end":{"line":109,"column":null}},"type":"if","locations":[{"start":{"line":107,"column":4},"end":{"line":109,"column":null}},{"start":{},"end":{}}],"line":107}},"s":{"0":0,"1":0,"2":0,"3":0,"4":0,"5":0,"6":0,"7":0,"8":0,"9":0,"10":0,"11":0,"12":0,"13":0,"14":0,"15":0,"16":0,"17":0,"18":0,"19":0,"20":0,"21":0,"22":0,"23":0,"24":0,"25":0,"26":0,"27":0,"28":0,"29":0,"30":0,"31":0,"32":0,"33":0,"34":0,"35":0,"36":0,"37":0,"38":0,"39":0,"40":0,"41":0,"42":0,"43":0,"44":0,"45":0,"46":0,"47":0,"48":0,"49":0,"50":0,"51":0,"52":0,"53":0,"54":0,"55":0,"56":0},"f":{"0":0,"1":0,"2":0,"3":0,"4":0,"5":0,"6":0,"7":0,"8":0,"9":0},"b":{"0":[0],"1":[0],"2":[0,0],"3":[0,0],"4":[0,0],"5":[0,0],"6":[0,0],"7":[0,0],"8":[0,0],"9":[0,0],"10":[0,0],"11":[0,0],"12":[0,0]},"meta":{"lastBranch":13,"lastFunction":10,"lastStatement":57,"seen":{"s:29:15:29:Infinity":0,"s:31:22:31:Infinity":1,"s:32:21:32:Infinity":2,"s:33:20:33:Infinity":3,"f:35:16:35:29":0,"b:35:80:35:84":0,"b:35:37:35:45":1,"s:36:26:36:Infinity":4,"b:36:55:36:70:36:70:36:80":2,"s:37:8:37:Infinity":5,"s:38:8:38:Infinity":6,"s:39:8:39:Infinity":7,"s:40:8:40:Infinity":8,"s:41:8:41:Infinity":9,"s:43:2:45:Infinity":10,"f:43:12:43:18":1,"s:44:4:44:Infinity":11,"s:47:8:88:Infinity":12,"f:47:30:47:36":2,"b:48:4:48:Infinity:undefined:undefined:undefined:undefined":3,"s:48:4:48:Infinity":13,"b:48:8:48:16:48:16:48:37":4,"s:48:37:48:Infinity":14,"b:49:4:52:Infinity:undefined:undefined:undefined:undefined":5,"s:49:4:52:Infinity":15,"s:50:6:50:Infinity":16,"s:51:6:51:Infinity":17,"s:54:4:54:Infinity":18,"s:55:15:55:Infinity":19,"s:56:4:56:Infinity":20,"s:58:4:62:Infinity":21,"f:58:16:58:22":3,"b:59:6:59:Infinity:undefined:undefined:undefined:undefined":6,"s:59:6:59:Infinity":22,"s:59:33:59:45":23,"s:59:45:59:53":24,"s:60:6:60:Infinity":25,"s:61:6:61:Infinity":26,"s:64:4:72:Infinity":27,"f:64:19:64:20":4,"b:65:6:65:Infinity:undefined:undefined:undefined:undefined":7,"s:65:6:65:Infinity":28,"s:65:31:65:Infinity":29,"s:66:6:71:Infinity":30,"s:67:31:67:Infinity":31,"s:68:8:68:Infinity":32,"s:74:4:76:Infinity":33,"f:74:17:74:23":5,"s:78:4:87:Infinity":34,"f:78:17:78:23":6,"b:79:6:79:Infinity:undefined:undefined:undefined:undefined":8,"s:79:6:79:Infinity":35,"s:79:31:79:Infinity":36,"s:80:6:80:Infinity":37,"s:81:6:81:Infinity":38,"s:84:20:84:Infinity":39,"s:85:6:85:Infinity":40,"s:86:6:86:Infinity":41,"s:91:2:103:Infinity":42,"f:91:12:91:18":7,"s:92:4:92:Infinity":43,"b:93:4:93:Infinity:undefined:undefined:undefined:undefined":9,"s:93:4:93:Infinity":44,"s:93:13:93:Infinity":45,"s:95:4:102:Infinity":46,"f:95:11:95:17":8,"s:96:6:96:Infinity":47,"b:97:6:97:Infinity:undefined:undefined:undefined:undefined":10,"s:97:6:97:Infinity":48,"s:97:33:97:Infinity":49,"b:98:6:101:Infinity:undefined:undefined:undefined:undefined":11,"s:98:6:101:Infinity":50,"s:99:8:99:Infinity":51,"s:100:8:100:Infinity":52,"s:106:8:110:Infinity":53,"f:106:27:106:28":9,"b:107:4:109:Infinity:undefined:undefined:undefined:undefined":12,"s:107:4:109:Infinity":54,"s:108:6:108:Infinity":55,"s:112:2:112:Infinity":56}}}
,"/home/soumitty/coldbones/frontend/src/i18n/translations.ts": {"path":"/home/soumitty/coldbones/frontend/src/i18n/translations.ts","statementMap":{"0":{"start":{"line":11,"column":41},"end":{"line":16,"column":null}},"1":{"start":{"line":57,"column":25},"end":{"line":94,"column":null}},"2":{"start":{"line":63,"column":21},"end":{"line":63,"column":null}},"3":{"start":{"line":72,"column":23},"end":{"line":72,"column":null}},"4":{"start":{"line":76,"column":23},"end":{"line":76,"column":null}},"5":{"start":{"line":87,"column":22},"end":{"line":87,"column":null}},"6":{"start":{"line":96,"column":25},"end":{"line":133,"column":null}},"7":{"start":{"line":102,"column":21},"end":{"line":102,"column":null}},"8":{"start":{"line":111,"column":23},"end":{"line":111,"column":null}},"9":{"start":{"line":115,"column":23},"end":{"line":115,"column":null}},"10":{"start":{"line":126,"column":22},"end":{"line":126,"column":null}},"11":{"start":{"line":135,"column":25},"end":{"line":172,"column":null}},"12":{"start":{"line":141,"column":21},"end":{"line":141,"column":null}},"13":{"start":{"line":150,"column":23},"end":{"line":150,"column":null}},"14":{"start":{"line":154,"column":23},"end":{"line":154,"column":null}},"15":{"start":{"line":165,"column":22},"end":{"line":165,"column":null}},"16":{"start":{"line":174,"column":25},"end":{"line":211,"column":null}},"17":{"start":{"line":180,"column":21},"end":{"line":180,"column":null}},"18":{"start":{"line":189,"column":23},"end":{"line":189,"column":null}},"19":{"start":{"line":193,"column":23},"end":{"line":193,"column":null}},"20":{"start":{"line":204,"column":22},"end":{"line":204,"column":null}},"21":{"start":{"line":213,"column":63},"end":{"line":213,"column":null}},"22":{"start":{"line":216,"column":69},"end":{"line":221,"column":null}}},"fnMap":{"0":{"name":"(anonymous_0)","decl":{"start":{"line":63,"column":14},"end":{"line":63,"column":15}},"loc":{"start":{"line":63,"column":21},"end":{"line":63,"column":null}},"line":63},"1":{"name":"(anonymous_1)","decl":{"start":{"line":72,"column":16},"end":{"line":72,"column":17}},"loc":{"start":{"line":72,"column":23},"end":{"line":72,"column":null}},"line":72},"2":{"name":"(anonymous_2)","decl":{"start":{"line":76,"column":13},"end":{"line":76,"column":14}},"loc":{"start":{"line":76,"column":23},"end":{"line":76,"column":null}},"line":76},"3":{"name":"(anonymous_3)","decl":{"start":{"line":87,"column":15},"end":{"line":87,"column":16}},"loc":{"start":{"line":87,"column":22},"end":{"line":87,"column":null}},"line":87},"4":{"name":"(anonymous_4)","decl":{"start":{"line":102,"column":14},"end":{"line":102,"column":15}},"loc":{"start":{"line":102,"column":21},"end":{"line":102,"column":null}},"line":102},"5":{"name":"(anonymous_5)","decl":{"start":{"line":111,"column":16},"end":{"line":111,"column":17}},"loc":{"start":{"line":111,"column":23},"end":{"line":111,"column":null}},"line":111},"6":{"name":"(anonymous_6)","decl":{"start":{"line":115,"column":13},"end":{"line":115,"column":14}},"loc":{"start":{"line":115,"column":23},"end":{"line":115,"column":null}},"line":115},"7":{"name":"(anonymous_7)","decl":{"start":{"line":126,"column":15},"end":{"line":126,"column":16}},"loc":{"start":{"line":126,"column":22},"end":{"line":126,"column":null}},"line":126},"8":{"name":"(anonymous_8)","decl":{"start":{"line":141,"column":14},"end":{"line":141,"column":15}},"loc":{"start":{"line":141,"column":21},"end":{"line":141,"column":null}},"line":141},"9":{"name":"(anonymous_9)","decl":{"start":{"line":150,"column":16},"end":{"line":150,"column":17}},"loc":{"start":{"line":150,"column":23},"end":{"line":150,"column":null}},"line":150},"10":{"name":"(anonymous_10)","decl":{"start":{"line":154,"column":13},"end":{"line":154,"column":14}},"loc":{"start":{"line":154,"column":23},"end":{"line":154,"column":null}},"line":154},"11":{"name":"(anonymous_11)","decl":{"start":{"line":165,"column":15},"end":{"line":165,"column":16}},"loc":{"start":{"line":165,"column":22},"end":{"line":165,"column":null}},"line":165},"12":{"name":"(anonymous_12)","decl":{"start":{"line":180,"column":14},"end":{"line":180,"column":15}},"loc":{"start":{"line":180,"column":21},"end":{"line":180,"column":null}},"line":180},"13":{"name":"(anonymous_13)","decl":{"start":{"line":189,"column":16},"end":{"line":189,"column":17}},"loc":{"start":{"line":189,"column":23},"end":{"line":189,"column":null}},"line":189},"14":{"name":"(anonymous_14)","decl":{"start":{"line":193,"column":13},"end":{"line":193,"column":14}},"loc":{"start":{"line":193,"column":23},"end":{"line":193,"column":null}},"line":193},"15":{"name":"(anonymous_15)","decl":{"start":{"line":204,"column":15},"end":{"line":204,"column":16}},"loc":{"start":{"line":204,"column":22},"end":{"line":204,"column":null}},"line":204}},"branchMap":{"0":{"loc":{"start":{"line":63,"column":41},"end":{"line":63,"column":59}},"type":"cond-expr","locations":[{"start":{"line":63,"column":51},"end":{"line":63,"column":57}},{"start":{"line":63,"column":57},"end":{"line":63,"column":59}}],"line":63},"1":{"loc":{"start":{"line":76,"column":23},"end":{"line":76,"column":null}},"type":"cond-expr","locations":[{"start":{"line":76,"column":30},"end":{"line":76,"column":57}},{"start":{"line":76,"column":57},"end":{"line":76,"column":null}}],"line":76},"2":{"loc":{"start":{"line":102,"column":34},"end":{"line":102,"column":53}},"type":"cond-expr","locations":[{"start":{"line":102,"column":44},"end":{"line":102,"column":51}},{"start":{"line":102,"column":51},"end":{"line":102,"column":53}}],"line":102},"3":{"loc":{"start":{"line":115,"column":23},"end":{"line":115,"column":null}},"type":"cond-expr","locations":[{"start":{"line":115,"column":30},"end":{"line":115,"column":69}},{"start":{"line":115,"column":69},"end":{"line":115,"column":null}}],"line":115},"4":{"loc":{"start":{"line":141,"column":45},"end":{"line":141,"column":63}},"type":"cond-expr","locations":[{"start":{"line":141,"column":55},"end":{"line":141,"column":61}},{"start":{"line":141,"column":61},"end":{"line":141,"column":63}}],"line":141},"5":{"loc":{"start":{"line":154,"column":23},"end":{"line":154,"column":null}},"type":"cond-expr","locations":[{"start":{"line":154,"column":30},"end":{"line":154,"column":58}},{"start":{"line":154,"column":58},"end":{"line":154,"column":null}}],"line":154},"6":{"loc":{"start":{"line":193,"column":23},"end":{"line":193,"column":null}},"type":"cond-expr","locations":[{"start":{"line":193,"column":30},"end":{"line":193,"column":62}},{"start":{"line":193,"column":62},"end":{"line":193,"column":null}}],"line":193}},"s":{"0":2,"1":2,"2":0,"3":0,"4":2,"5":14,"6":2,"7":0,"8":0,"9":0,"10":0,"11":2,"12":0,"13":0,"14":0,"15":0,"16":2,"17":0,"18":0,"19":0,"20":0,"21":2,"22":2},"f":{"0":0,"1":0,"2":2,"3":14,"4":0,"5":0,"6":0,"7":0,"8":0,"9":0,"10":0,"11":0,"12":0,"13":0,"14":0,"15":0},"b":{"0":[0,0],"1":[2,0],"2":[0,0],"3":[0,0],"4":[0,0],"5":[0,0],"6":[0,0]},"meta":{"lastBranch":7,"lastFunction":16,"lastStatement":23,"seen":{"s:11:41:16:Infinity":0,"s:57:25:94:Infinity":1,"f:63:14:63:15":0,"s:63:21:63:Infinity":2,"b:63:51:63:57:63:57:63:59":0,"f:72:16:72:17":1,"s:72:23:72:Infinity":3,"f:76:13:76:14":2,"s:76:23:76:Infinity":4,"b:76:30:76:57:76:57:76:Infinity":1,"f:87:15:87:16":3,"s:87:22:87:Infinity":5,"s:96:25:133:Infinity":6,"f:102:14:102:15":4,"s:102:21:102:Infinity":7,"b:102:44:102:51:102:51:102:53":2,"f:111:16:111:17":5,"s:111:23:111:Infinity":8,"f:115:13:115:14":6,"s:115:23:115:Infinity":9,"b:115:30:115:69:115:69:115:Infinity":3,"f:126:15:126:16":7,"s:126:22:126:Infinity":10,"s:135:25:172:Infinity":11,"f:141:14:141:15":8,"s:141:21:141:Infinity":12,"b:141:55:141:61:141:61:141:63":4,"f:150:16:150:17":9,"s:150:23:150:Infinity":13,"f:154:13:154:14":10,"s:154:23:154:Infinity":14,"b:154:30:154:58:154:58:154:Infinity":5,"f:165:15:165:16":11,"s:165:22:165:Infinity":15,"s:174:25:211:Infinity":16,"f:180:14:180:15":12,"s:180:21:180:Infinity":17,"f:189:16:189:17":13,"s:189:23:189:Infinity":18,"f:193:13:193:14":14,"s:193:23:193:Infinity":19,"b:193:30:193:62:193:62:193:Infinity":6,"f:204:15:204:16":15,"s:204:22:204:Infinity":20,"s:213:63:213:Infinity":21,"s:216:69:221:Infinity":22}}}
,"/home/soumitty/coldbones/frontend/src/types/index.ts": {"path":"/home/soumitty/coldbones/frontend/src/types/index.ts","statementMap":{},"fnMap":{},"branchMap":{},"s":{},"f":{},"b":{},"meta":{"lastBranch":0,"lastFunction":0,"lastStatement":0,"seen":{}}}
,"/home/soumitty/coldbones/frontend/src/utils/validation.ts": {"path":"/home/soumitty/coldbones/frontend/src/utils/validation.ts","statementMap":{"0":{"start":{"line":1,"column":29},"end":{"line":8,"column":null}},"1":{"start":{"line":10,"column":26},"end":{"line":10,"column":null}},"2":{"start":{"line":12,"column":25},"end":{"line":12,"column":null}},"3":{"start":{"line":13,"column":28},"end":{"line":13,"column":null}},"4":{"start":{"line":14,"column":28},"end":{"line":14,"column":null}},"5":{"start":{"line":15,"column":28},"end":{"line":15,"column":null}},"6":{"start":{"line":16,"column":29},"end":{"line":16,"column":null}},"7":{"start":{"line":24,"column":2},"end":{"line":24,"column":null}},"8":{"start":{"line":28,"column":2},"end":{"line":28,"column":null}},"9":{"start":{"line":32,"column":2},"end":{"line":32,"column":null}},"10":{"start":{"line":36,"column":2},"end":{"line":38,"column":null}},"11":{"start":{"line":37,"column":4},"end":{"line":37,"column":null}},"12":{"start":{"line":39,"column":2},"end":{"line":41,"column":null}},"13":{"start":{"line":40,"column":4},"end":{"line":40,"column":null}},"14":{"start":{"line":42,"column":2},"end":{"line":42,"column":null}},"15":{"start":{"line":50,"column":2},"end":{"line":50,"column":null}},"16":{"start":{"line":50,"column":20},"end":{"line":50,"column":null}},"17":{"start":{"line":51,"column":2},"end":{"line":67,"column":11}},"18":{"start":{"line":53,"column":21},"end":{"line":53,"column":null}},"19":{"start":{"line":54,"column":4},"end":{"line":54,"column":null}},"20":{"start":{"line":55,"column":6},"end":{"line":55,"column":null}},"21":{"start":{"line":56,"column":6},"end":{"line":56,"column":null}},"22":{"start":{"line":57,"column":6},"end":{"line":57,"column":null}},"23":{"start":{"line":59,"column":4},"end":{"line":59,"column":null}},"24":{"start":{"line":60,"column":4},"end":{"line":62,"column":null}},"25":{"start":{"line":61,"column":4},"end":{"line":61,"column":null}},"26":{"start":{"line":64,"column":4},"end":{"line":64,"column":null}},"27":{"start":{"line":66,"column":4},"end":{"line":66,"column":null}},"28":{"start":{"line":71,"column":2},"end":{"line":71,"column":null}},"29":{"start":{"line":72,"column":0},"end":{"line":72,"column":null}},"30":{"start":{"line":74,"column":7},"end":{"line":79,"column":null}},"31":{"start":{"line":75,"column":2},"end":{"line":79,"column":16}},"32":{"start":{"line":80,"column":19},"end":{"line":87,"column":null}},"33":{"start":{"line":82,"column":5},"end":{"line":82,"column":null}},"34":{"start":{"line":83,"column":2},"end":{"line":86,"column":null}},"35":{"start":{"line":85,"column":2},"end":{"line":85,"column":null}},"36":{"start":{"line":88,"column":6},"end":{"line":88,"column":42}},"37":{"start":{"line":90,"column":2},"end":{"line":99,"column":null}}},"fnMap":{"0":{"name":"isAcceptedType","decl":{"start":{"line":23,"column":16},"end":{"line":23,"column":31}},"loc":{"start":{"line":23,"column":52},"end":{"line":25,"column":null}},"line":23},"1":{"name":"isImage","decl":{"start":{"line":27,"column":16},"end":{"line":27,"column":24}},"loc":{"start":{"line":27,"column":45},"end":{"line":29,"column":null}},"line":27},"2":{"name":"isPdf","decl":{"start":{"line":31,"column":16},"end":{"line":31,"column":22}},"loc":{"start":{"line":31,"column":43},"end":{"line":33,"column":null}},"line":31},"3":{"name":"validateFile","decl":{"start":{"line":35,"column":16},"end":{"line":35,"column":29}},"loc":{"start":{"line":35,"column":56},"end":{"line":43,"column":null}},"line":35},"4":{"name":"validatePdfPageCount","decl":{"start":{"line":49,"column":22},"end":{"line":49,"column":43}},"loc":{"start":{"line":49,"column":79},"end":{"line":67,"column":null}},"line":49},"5":{"name":"validateBatch","decl":{"start":{"line":70,"column":11},"end":{"line":70,"column":null}},"loc":{"start":{"line":70,"column":11},"end":{"line":88,"column":null}},"line":70}},"branchMap":{"0":{"loc":{"start":{"line":24,"column":9},"end":{"line":24,"column":null}},"type":"binary-expr","locations":[{"start":{"line":24,"column":9},"end":{"line":24,"column":53}},{"start":{"line":24,"column":53},"end":{"line":24,"column":null}}],"line":24},"1":{"loc":{"start":{"line":36,"column":2},"end":{"line":38,"column":null}},"type":"if","locations":[{"start":{"line":36,"column":2},"end":{"line":38,"column":null}},{"start":{},"end":{}}],"line":36},"2":{"loc":{"start":{"line":37,"column":37},"end":{"line":37,"column":59}},"type":"binary-expr","locations":[{"start":{"line":37,"column":37},"end":{"line":37,"column":50}},{"start":{"line":37,"column":50},"end":{"line":37,"column":59}}],"line":37},"3":{"loc":{"start":{"line":39,"column":2},"end":{"line":41,"column":null}},"type":"if","locations":[{"start":{"line":39,"column":2},"end":{"line":41,"column":null}},{"start":{},"end":{}}],"line":39},"4":{"loc":{"start":{"line":50,"column":2},"end":{"line":50,"column":null}},"type":"if","locations":[{"start":{"line":50,"column":2},"end":{"line":50,"column":null}},{"start":{},"end":{}}],"line":50},"5":{"loc":{"start":{"line":60,"column":4},"end":{"line":62,"column":null}},"type":"if","locations":[{"start":{"line":60,"column":4},"end":{"line":62,"column":null}},{"start":{},"end":{}}],"line":60},"6":{"loc":{"start":{"line":71,"column":2},"end":{"line":71,"column":null}},"type":"cond-expr","locations":[{"start":{"line":71,"column":2},"end":{"line":71,"column":null}},{"start":{"line":71,"column":2},"end":{"line":71,"column":null}}],"line":71},"7":{"loc":{"start":{"line":74,"column":7},"end":{"line":79,"column":null}},"type":"if","locations":[{"start":{"line":74,"column":7},"end":{"line":79,"column":null}},{"start":{},"end":{}}],"line":74},"8":{"loc":{"start":{"line":83,"column":2},"end":{"line":86,"column":null}},"type":"if","locations":[{"start":{"line":83,"column":2},"end":{"line":86,"column":null}},{"start":{},"end":{}}],"line":83}},"s":{"0":2,"1":2,"2":2,"3":2,"4":2,"5":2,"6":2,"7":118,"8":58,"9":7,"10":108,"11":3,"12":105,"13":3,"14":102,"15":4,"16":1,"17":3,"18":3,"19":3,"20":3,"21":3,"22":0,"23":0,"24":0,"25":0,"26":0,"27":3,"28":8,"29":8,"30":8,"31":3,"32":8,"33":101,"34":101,"35":2,"36":8,"37":2},"f":{"0":118,"1":58,"2":7,"3":108,"4":4,"5":8},"b":{"0":[118,8],"1":[3,105],"2":[3,1],"3":[3,102],"4":[1,3],"5":[0,0],"6":[5,3],"7":[3,5],"8":[2,99]},"meta":{"lastBranch":9,"lastFunction":6,"lastStatement":38,"seen":{"s:1:29:8:Infinity":0,"s:10:26:10:Infinity":1,"s:12:25:12:Infinity":2,"s:13:28:13:Infinity":3,"s:14:28:14:Infinity":4,"s:15:28:15:Infinity":5,"s:16:29:16:Infinity":6,"f:23:16:23:31":0,"s:24:2:24:Infinity":7,"b:24:9:24:53:24:53:24:Infinity":0,"f:27:16:27:24":1,"s:28:2:28:Infinity":8,"f:31:16:31:22":2,"s:32:2:32:Infinity":9,"f:35:16:35:29":3,"b:36:2:38:Infinity:undefined:undefined:undefined:undefined":1,"s:36:2:38:Infinity":10,"s:37:4:37:Infinity":11,"b:37:37:37:50:37:50:37:59":2,"b:39:2:41:Infinity:undefined:undefined:undefined:undefined":3,"s:39:2:41:Infinity":12,"s:40:4:40:Infinity":13,"s:42:2:42:Infinity":14,"f:49:22:49:43":4,"b:50:2:50:Infinity:undefined:undefined:undefined:undefined":4,"s:50:2:50:Infinity":15,"s:50:20:50:Infinity":16,"s:51:2:67:11":17,"s:53:21:53:Infinity":18,"s:54:4:54:Infinity":19,"s:55:6:55:Infinity":20,"s:56:6:56:Infinity":21,"s:57:6:57:Infinity":22,"s:59:4:59:Infinity":23,"b:60:4:62:Infinity:undefined:undefined:undefined:undefined":5,"s:60:4:62:Infinity":24,"s:61:4:61:Infinity":25,"s:64:4:64:Infinity":26,"s:66:4:66:Infinity":27,"f:70:11:70:Infinity":5,"s:71:2:71:Infinity":28,"b:71:2:71:Infinity:71:2:71:Infinity":6,"s:72:0:72:Infinity":29,"b:74:7:79:Infinity:undefined:undefined:undefined:undefined":7,"s:74:7:79:Infinity":30,"s:75:2:79:16":31,"s:80:19:87:Infinity":32,"s:82:5:82:Infinity":33,"b:83:2:86:Infinity:undefined:undefined:undefined:undefined":8,"s:83:2:86:Infinity":34,"s:85:2:85:Infinity":35,"s:88:6:88:42":36,"s:90:2:99:Infinity":37}}}
}
