{"/Users/soumitlahiri/Documents/Project/coldbones/frontend/src/App.tsx": {"path":"/Users/soumitlahiri/Documents/Project/coldbones/frontend/src/App.tsx","statementMap":{"0":{"start":{"line":26,"column":15},"end":{"line":26,"column":null}},"1":{"start":{"line":27,"column":18},"end":{"line":27,"column":null}},"2":{"start":{"line":28,"column":19},"end":{"line":28,"column":null}},"3":{"start":{"line":30,"column":72},"end":{"line":30,"column":null}},"4":{"start":{"line":31,"column":18},"end":{"line":31,"column":null}},"5":{"start":{"line":32,"column":28},"end":{"line":32,"column":null}},"6":{"start":{"line":33,"column":36},"end":{"line":33,"column":null}},"7":{"start":{"line":34,"column":50},"end":{"line":34,"column":null}},"8":{"start":{"line":35,"column":33},"end":{"line":35,"column":null}},"9":{"start":{"line":37,"column":42},"end":{"line":37,"column":null}},"10":{"start":{"line":38,"column":26},"end":{"line":38,"column":null}},"11":{"start":{"line":39,"column":36},"end":{"line":39,"column":null}},"12":{"start":{"line":40,"column":32},"end":{"line":40,"column":null}},"13":{"start":{"line":41,"column":8},"end":{"line":41,"column":null}},"14":{"start":{"line":42,"column":8},"end":{"line":42,"column":null}},"15":{"start":{"line":57,"column":2},"end":{"line":73,"column":null}},"16":{"start":{"line":58,"column":18},"end":{"line":69,"column":null}},"17":{"start":{"line":59,"column":6},"end":{"line":68,"column":null}},"18":{"start":{"line":60,"column":20},"end":{"line":60,"column":null}},"19":{"start":{"line":61,"column":8},"end":{"line":61,"column":null}},"20":{"start":{"line":61,"column":21},"end":{"line":61,"column":null}},"21":{"start":{"line":62,"column":37},"end":{"line":62,"column":null}},"22":{"start":{"line":63,"column":8},"end":{"line":63,"column":null}},"23":{"start":{"line":64,"column":8},"end":{"line":64,"column":null}},"24":{"start":{"line":66,"column":8},"end":{"line":66,"column":null}},"25":{"start":{"line":67,"column":8},"end":{"line":67,"column":null}},"26":{"start":{"line":70,"column":4},"end":{"line":70,"column":null}},"27":{"start":{"line":71,"column":15},"end":{"line":71,"column":null}},"28":{"start":{"line":72,"column":4},"end":{"line":72,"column":null}},"29":{"start":{"line":72,"column":17},"end":{"line":72,"column":null}},"30":{"start":{"line":76,"column":2},"end":{"line":83,"column":null}},"31":{"start":{"line":77,"column":4},"end":{"line":79,"column":null}},"32":{"start":{"line":78,"column":6},"end":{"line":78,"column":null}},"33":{"start":{"line":80,"column":4},"end":{"line":82,"column":null}},"34":{"start":{"line":80,"column":45},"end":{"line":80,"column":68}},"35":{"start":{"line":81,"column":6},"end":{"line":81,"column":null}},"36":{"start":{"line":86,"column":2},"end":{"line":104,"column":null}},"37":{"start":{"line":87,"column":25},"end":{"line":87,"column":null}},"38":{"start":{"line":87,"column":43},"end":{"line":87,"column":66}},"39":{"start":{"line":88,"column":24},"end":{"line":88,"column":null}},"40":{"start":{"line":90,"column":4},"end":{"line":99,"column":null}},"41":{"start":{"line":91,"column":20},"end":{"line":91,"column":null}},"42":{"start":{"line":92,"column":6},"end":{"line":92,"column":null}},"43":{"start":{"line":92,"column":43},"end":{"line":92,"column":77}},"44":{"start":{"line":93,"column":4},"end":{"line":99,"column":null}},"45":{"start":{"line":94,"column":6},"end":{"line":94,"column":null}},"46":{"start":{"line":95,"column":6},"end":{"line":95,"column":null}},"47":{"start":{"line":96,"column":6},"end":{"line":98,"column":null}},"48":{"start":{"line":97,"column":8},"end":{"line":97,"column":null}},"49":{"start":{"line":101,"column":4},"end":{"line":103,"column":null}},"50":{"start":{"line":102,"column":6},"end":{"line":102,"column":null}},"51":{"start":{"line":102,"column":28},"end":{"line":102,"column":null}},"52":{"start":{"line":107,"column":8},"end":{"line":107,"column":null}},"53":{"start":{"line":108,"column":2},"end":{"line":121,"column":null}},"54":{"start":{"line":109,"column":4},"end":{"line":120,"column":null}},"55":{"start":{"line":110,"column":6},"end":{"line":115,"column":null}},"56":{"start":{"line":111,"column":8},"end":{"line":111,"column":null}},"57":{"start":{"line":112,"column":8},"end":{"line":112,"column":null}},"58":{"start":{"line":113,"column":8},"end":{"line":113,"column":null}},"59":{"start":{"line":114,"column":8},"end":{"line":114,"column":null}},"60":{"start":{"line":114,"column":39},"end":{"line":114,"column":null}},"61":{"start":{"line":116,"column":6},"end":{"line":119,"column":null}},"62":{"start":{"line":117,"column":8},"end":{"line":117,"column":null}},"63":{"start":{"line":118,"column":8},"end":{"line":118,"column":null}},"64":{"start":{"line":123,"column":23},"end":{"line":123,"column":null}},"65":{"start":{"line":123,"column":41},"end":{"line":123,"column":64}},"66":{"start":{"line":131,"column":18},"end":{"line":131,"column":null}},"67":{"start":{"line":132,"column":22},"end":{"line":132,"column":null}},"68":{"start":{"line":133,"column":22},"end":{"line":133,"column":null}},"69":{"start":{"line":135,"column":17},"end":{"line":135,"column":null}},"70":{"start":{"line":141,"column":21},"end":{"line":141,"column":null}},"71":{"start":{"line":143,"column":24},"end":{"line":153,"column":null}},"72":{"start":{"line":144,"column":4},"end":{"line":144,"column":null}},"73":{"start":{"line":144,"column":30},"end":{"line":144,"column":null}},"74":{"start":{"line":145,"column":4},"end":{"line":145,"column":null}},"75":{"start":{"line":147,"column":4},"end":{"line":147,"column":null}},"76":{"start":{"line":147,"column":21},"end":{"line":147,"column":97}},"77":{"start":{"line":148,"column":4},"end":{"line":152,"column":null}},"78":{"start":{"line":149,"column":6},"end":{"line":149,"column":null}},"79":{"start":{"line":151,"column":6},"end":{"line":151,"column":null}},"80":{"start":{"line":156,"column":2},"end":{"line":165,"column":null}},"81":{"start":{"line":157,"column":20},"end":{"line":162,"column":null}},"82":{"start":{"line":158,"column":6},"end":{"line":161,"column":null}},"83":{"start":{"line":159,"column":8},"end":{"line":159,"column":null}},"84":{"start":{"line":160,"column":8},"end":{"line":160,"column":null}},"85":{"start":{"line":160,"column":24},"end":{"line":160,"column":null}},"86":{"start":{"line":163,"column":4},"end":{"line":163,"column":null}},"87":{"start":{"line":164,"column":4},"end":{"line":164,"column":null}},"88":{"start":{"line":164,"column":17},"end":{"line":164,"column":null}},"89":{"start":{"line":168,"column":24},"end":{"line":168,"column":null}},"90":{"start":{"line":168,"column":44},"end":{"line":168,"column":67}},"91":{"start":{"line":170,"column":2},"end":{"line":310,"column":null}}},"fnMap":{"0":{"name":"App","decl":{"start":{"line":25,"column":24},"end":{"line":25,"column":30}},"loc":{"start":{"line":25,"column":30},"end":{"line":312,"column":null}},"line":25},"1":{"name":"(anonymous_1)","decl":{"start":{"line":57,"column":12},"end":{"line":57,"column":18}},"loc":{"start":{"line":57,"column":18},"end":{"line":73,"column":5}},"line":57},"2":{"name":"(anonymous_2)","decl":{"start":{"line":58,"column":18},"end":{"line":58,"column":30}},"loc":{"start":{"line":58,"column":30},"end":{"line":69,"column":null}},"line":58},"3":{"name":"(anonymous_3)","decl":{"start":{"line":72,"column":11},"end":{"line":72,"column":17}},"loc":{"start":{"line":72,"column":17},"end":{"line":72,"column":null}},"line":72},"4":{"name":"(anonymous_4)","decl":{"start":{"line":76,"column":12},"end":{"line":76,"column":18}},"loc":{"start":{"line":76,"column":18},"end":{"line":83,"column":5}},"line":76},"5":{"name":"(anonymous_5)","decl":{"start":{"line":80,"column":38},"end":{"line":80,"column":39}},"loc":{"start":{"line":80,"column":45},"end":{"line":80,"column":68}},"line":80},"6":{"name":"(anonymous_6)","decl":{"start":{"line":86,"column":12},"end":{"line":86,"column":18}},"loc":{"start":{"line":86,"column":18},"end":{"line":104,"column":5}},"line":86},"7":{"name":"(anonymous_7)","decl":{"start":{"line":87,"column":36},"end":{"line":87,"column":37}},"loc":{"start":{"line":87,"column":43},"end":{"line":87,"column":66}},"line":87},"8":{"name":"(anonymous_8)","decl":{"start":{"line":92,"column":37},"end":{"line":92,"column":43}},"loc":{"start":{"line":92,"column":43},"end":{"line":92,"column":77}},"line":92},"9":{"name":"(anonymous_9)","decl":{"start":{"line":101,"column":11},"end":{"line":101,"column":17}},"loc":{"start":{"line":101,"column":17},"end":{"line":103,"column":null}},"line":101},"10":{"name":"(anonymous_10)","decl":{"start":{"line":108,"column":12},"end":{"line":108,"column":18}},"loc":{"start":{"line":108,"column":18},"end":{"line":121,"column":5}},"line":108},"11":{"name":"(anonymous_11)","decl":{"start":{"line":123,"column":34},"end":{"line":123,"column":35}},"loc":{"start":{"line":123,"column":41},"end":{"line":123,"column":64}},"line":123},"12":{"name":"(anonymous_12)","decl":{"start":{"line":143,"column":24},"end":{"line":143,"column":36}},"loc":{"start":{"line":143,"column":36},"end":{"line":153,"column":null}},"line":143},"13":{"name":"(anonymous_13)","decl":{"start":{"line":147,"column":15},"end":{"line":147,"column":21}},"loc":{"start":{"line":147,"column":21},"end":{"line":147,"column":97}},"line":147},"14":{"name":"(anonymous_14)","decl":{"start":{"line":156,"column":12},"end":{"line":156,"column":18}},"loc":{"start":{"line":156,"column":18},"end":{"line":165,"column":3}},"line":156},"15":{"name":"(anonymous_15)","decl":{"start":{"line":157,"column":20},"end":{"line":157,"column":21}},"loc":{"start":{"line":157,"column":42},"end":{"line":162,"column":null}},"line":157},"16":{"name":"(anonymous_16)","decl":{"start":{"line":164,"column":11},"end":{"line":164,"column":17}},"loc":{"start":{"line":164,"column":17},"end":{"line":164,"column":null}},"line":164},"17":{"name":"(anonymous_17)","decl":{"start":{"line":168,"column":37},"end":{"line":168,"column":38}},"loc":{"start":{"line":168,"column":44},"end":{"line":168,"column":67}},"line":168}},"branchMap":{"0":{"loc":{"start":{"line":61,"column":8},"end":{"line":61,"column":null}},"type":"if","locations":[{"start":{"line":61,"column":8},"end":{"line":61,"column":null}},{"start":{},"end":{}}],"line":61},"1":{"loc":{"start":{"line":66,"column":23},"end":{"line":66,"column":73}},"type":"cond-expr","locations":[{"start":{"line":66,"column":46},"end":{"line":66,"column":60}},{"start":{"line":66,"column":60},"end":{"line":66,"column":73}}],"line":66},"2":{"loc":{"start":{"line":77,"column":4},"end":{"line":79,"column":null}},"type":"if","locations":[{"start":{"line":77,"column":4},"end":{"line":79,"column":null}},{"start":{},"end":{}}],"line":77},"3":{"loc":{"start":{"line":77,"column":8},"end":{"line":77,"column":45}},"type":"binary-expr","locations":[{"start":{"line":77,"column":8},"end":{"line":77,"column":27}},{"start":{"line":77,"column":27},"end":{"line":77,"column":45}}],"line":77},"4":{"loc":{"start":{"line":80,"column":4},"end":{"line":82,"column":null}},"type":"if","locations":[{"start":{"line":80,"column":4},"end":{"line":82,"column":null}},{"start":{},"end":{}}],"line":80},"5":{"loc":{"start":{"line":80,"column":8},"end":{"line":80,"column":71}},"type":"binary-expr","locations":[{"start":{"line":80,"column":8},"end":{"line":80,"column":26}},{"start":{"line":80,"column":26},"end":{"line":80,"column":71}}],"line":80},"6":{"loc":{"start":{"line":81,"column":24},"end":{"line":81,"column":61}},"type":"cond-expr","locations":[{"start":{"line":81,"column":43},"end":{"line":81,"column":57}},{"start":{"line":81,"column":57},"end":{"line":81,"column":61}}],"line":81},"7":{"loc":{"start":{"line":90,"column":4},"end":{"line":99,"column":null}},"type":"if","locations":[{"start":{"line":90,"column":4},"end":{"line":99,"column":null}},{"start":{"line":93,"column":4},"end":{"line":99,"column":null}}],"line":90},"8":{"loc":{"start":{"line":90,"column":8},"end":{"line":90,"column":42}},"type":"binary-expr","locations":[{"start":{"line":90,"column":8},"end":{"line":90,"column":23}},{"start":{"line":90,"column":23},"end":{"line":90,"column":42}}],"line":90},"9":{"loc":{"start":{"line":93,"column":4},"end":{"line":99,"column":null}},"type":"if","locations":[{"start":{"line":93,"column":4},"end":{"line":99,"column":null}},{"start":{},"end":{}}],"line":93},"10":{"loc":{"start":{"line":93,"column":15},"end":{"line":93,"column":49}},"type":"binary-expr","locations":[{"start":{"line":93,"column":15},"end":{"line":93,"column":31}},{"start":{"line":93,"column":31},"end":{"line":93,"column":49}}],"line":93},"11":{"loc":{"start":{"line":96,"column":6},"end":{"line":98,"column":null}},"type":"if","locations":[{"start":{"line":96,"column":6},"end":{"line":98,"column":null}},{"start":{},"end":{}}],"line":96},"12":{"loc":{"start":{"line":96,"column":10},"end":{"line":96,"column":88}},"type":"binary-expr","locations":[{"start":{"line":96,"column":10},"end":{"line":96,"column":49}},{"start":{"line":96,"column":49},"end":{"line":96,"column":88}}],"line":96},"13":{"loc":{"start":{"line":102,"column":6},"end":{"line":102,"column":null}},"type":"if","locations":[{"start":{"line":102,"column":6},"end":{"line":102,"column":null}},{"start":{},"end":{}}],"line":102},"14":{"loc":{"start":{"line":110,"column":6},"end":{"line":115,"column":null}},"type":"if","locations":[{"start":{"line":110,"column":6},"end":{"line":115,"column":null}},{"start":{},"end":{}}],"line":110},"15":{"loc":{"start":{"line":110,"column":10},"end":{"line":110,"column":81}},"type":"binary-expr","locations":[{"start":{"line":110,"column":10},"end":{"line":110,"column":37}},{"start":{"line":110,"column":37},"end":{"line":110,"column":49}},{"start":{"line":110,"column":49},"end":{"line":110,"column":81}}],"line":110},"16":{"loc":{"start":{"line":114,"column":8},"end":{"line":114,"column":null}},"type":"if","locations":[{"start":{"line":114,"column":8},"end":{"line":114,"column":null}},{"start":{},"end":{}}],"line":114},"17":{"loc":{"start":{"line":116,"column":6},"end":{"line":119,"column":null}},"type":"if","locations":[{"start":{"line":116,"column":6},"end":{"line":119,"column":null}},{"start":{},"end":{}}],"line":116},"18":{"loc":{"start":{"line":116,"column":10},"end":{"line":116,"column":77}},"type":"binary-expr","locations":[{"start":{"line":116,"column":10},"end":{"line":116,"column":34}},{"start":{"line":116,"column":34},"end":{"line":116,"column":45}},{"start":{"line":116,"column":45},"end":{"line":116,"column":77}}],"line":116},"19":{"loc":{"start":{"line":123,"column":23},"end":{"line":123,"column":null}},"type":"binary-expr","locations":[{"start":{"line":123,"column":23},"end":{"line":123,"column":69}},{"start":{"line":123,"column":69},"end":{"line":123,"column":null}}],"line":123},"20":{"loc":{"start":{"line":135,"column":17},"end":{"line":135,"column":null}},"type":"binary-expr","locations":[{"start":{"line":135,"column":17},"end":{"line":135,"column":32}},{"start":{"line":135,"column":32},"end":{"line":135,"column":null}}],"line":135},"21":{"loc":{"start":{"line":141,"column":21},"end":{"line":141,"column":null}},"type":"binary-expr","locations":[{"start":{"line":141,"column":21},"end":{"line":141,"column":60}},{"start":{"line":141,"column":60},"end":{"line":141,"column":71}},{"start":{"line":141,"column":71},"end":{"line":141,"column":null}}],"line":141},"22":{"loc":{"start":{"line":144,"column":4},"end":{"line":144,"column":null}},"type":"if","locations":[{"start":{"line":144,"column":4},"end":{"line":144,"column":null}},{"start":{},"end":{}}],"line":144},"23":{"loc":{"start":{"line":148,"column":4},"end":{"line":152,"column":null}},"type":"if","locations":[{"start":{"line":148,"column":4},"end":{"line":152,"column":null}},{"start":{"line":150,"column":11},"end":{"line":152,"column":null}}],"line":148},"24":{"loc":{"start":{"line":158,"column":6},"end":{"line":161,"column":null}},"type":"if","locations":[{"start":{"line":158,"column":6},"end":{"line":161,"column":null}},{"start":{},"end":{}}],"line":158},"25":{"loc":{"start":{"line":158,"column":6},"end":{"line":158,"column":57}},"type":"binary-expr","locations":[{"start":{"line":158,"column":11},"end":{"line":158,"column":24}},{"start":{"line":158,"column":24},"end":{"line":158,"column":38}},{"start":{"line":158,"column":38},"end":{"line":158,"column":57}}],"line":158},"26":{"loc":{"start":{"line":160,"column":8},"end":{"line":160,"column":null}},"type":"if","locations":[{"start":{"line":160,"column":8},"end":{"line":160,"column":null}},{"start":{},"end":{}}],"line":160},"27":{"loc":{"start":{"line":182,"column":13},"end":{"line":202,"column":null}},"type":"cond-expr","locations":[{"start":{"line":183,"column":14},"end":{"line":188,"column":null}},{"start":{"line":189,"column":16},"end":{"line":202,"column":null}}],"line":182},"28":{"loc":{"start":{"line":189,"column":16},"end":{"line":202,"column":null}},"type":"cond-expr","locations":[{"start":{"line":190,"column":14},"end":{"line":195,"column":null}},{"start":{"line":197,"column":14},"end":{"line":202,"column":null}}],"line":189},"29":{"loc":{"start":{"line":199,"column":23},"end":{"line":199,"column":null}},"type":"binary-expr","locations":[{"start":{"line":199,"column":23},"end":{"line":199,"column":38}},{"start":{"line":199,"column":38},"end":{"line":199,"column":null}}],"line":199},"30":{"loc":{"start":{"line":201,"column":50},"end":{"line":201,"column":90}},"type":"cond-expr","locations":[{"start":{"line":201,"column":64},"end":{"line":201,"column":76}},{"start":{"line":201,"column":76},"end":{"line":201,"column":90}}],"line":201},"31":{"loc":{"start":{"line":216,"column":58},"end":{"line":216,"column":78}},"type":"binary-expr","locations":[{"start":{"line":216,"column":58},"end":{"line":216,"column":70}},{"start":{"line":216,"column":70},"end":{"line":216,"column":78}}],"line":216},"32":{"loc":{"start":{"line":224,"column":18},"end":{"line":226,"column":null}},"type":"cond-expr","locations":[{"start":{"line":224,"column":32},"end":{"line":224,"column":null}},{"start":{"line":225,"column":20},"end":{"line":226,"column":null}}],"line":224},"33":{"loc":{"start":{"line":225,"column":20},"end":{"line":226,"column":null}},"type":"cond-expr","locations":[{"start":{"line":225,"column":34},"end":{"line":225,"column":null}},{"start":{"line":226,"column":20},"end":{"line":226,"column":null}}],"line":225},"34":{"loc":{"start":{"line":233,"column":17},"end":{"line":237,"column":null}},"type":"cond-expr","locations":[{"start":{"line":234,"column":20},"end":{"line":234,"column":null}},{"start":{"line":235,"column":20},"end":{"line":237,"column":null}}],"line":233},"35":{"loc":{"start":{"line":235,"column":20},"end":{"line":237,"column":null}},"type":"cond-expr","locations":[{"start":{"line":236,"column":20},"end":{"line":236,"column":null}},{"start":{"line":237,"column":20},"end":{"line":237,"column":null}}],"line":235},"36":{"loc":{"start":{"line":240,"column":15},"end":{"line":247,"column":null}},"type":"binary-expr","locations":[{"start":{"line":240,"column":15},"end":{"line":240,"column":null}},{"start":{"line":241,"column":16},"end":{"line":247,"column":null}}],"line":240},"37":{"loc":{"start":{"line":252,"column":13},"end":{"line":259,"column":null}},"type":"binary-expr","locations":[{"start":{"line":252,"column":13},"end":{"line":252,"column":33}},{"start":{"line":252,"column":33},"end":{"line":252,"column":49}},{"start":{"line":252,"column":49},"end":{"line":252,"column":null}},{"start":{"line":253,"column":14},"end":{"line":259,"column":null}}],"line":252},"38":{"loc":{"start":{"line":254,"column":17},"end":{"line":258,"column":null}},"type":"cond-expr","locations":[{"start":{"line":255,"column":20},"end":{"line":255,"column":null}},{"start":{"line":256,"column":20},"end":{"line":258,"column":null}}],"line":254},"39":{"loc":{"start":{"line":255,"column":44},"end":{"line":255,"column":74}},"type":"cond-expr","locations":[{"start":{"line":255,"column":66},"end":{"line":255,"column":72}},{"start":{"line":255,"column":72},"end":{"line":255,"column":74}}],"line":255},"40":{"loc":{"start":{"line":256,"column":20},"end":{"line":258,"column":null}},"type":"cond-expr","locations":[{"start":{"line":257,"column":20},"end":{"line":257,"column":null}},{"start":{"line":258,"column":20},"end":{"line":258,"column":null}}],"line":256},"41":{"loc":{"start":{"line":263,"column":13},"end":{"line":266,"column":null}},"type":"binary-expr","locations":[{"start":{"line":263,"column":13},"end":{"line":263,"column":null}},{"start":{"line":264,"column":14},"end":{"line":266,"column":null}}],"line":263},"42":{"loc":{"start":{"line":275,"column":9},"end":{"line":297,"column":null}},"type":"binary-expr","locations":[{"start":{"line":275,"column":9},"end":{"line":275,"column":null}},{"start":{"line":276,"column":10},"end":{"line":297,"column":null}}],"line":275},"43":{"loc":{"start":{"line":288,"column":24},"end":{"line":288,"column":null}},"type":"binary-expr","locations":[{"start":{"line":288,"column":24},"end":{"line":288,"column":48}},{"start":{"line":288,"column":48},"end":{"line":288,"column":null}}],"line":288},"44":{"loc":{"start":{"line":291,"column":23},"end":{"line":291,"column":null}},"type":"binary-expr","locations":[{"start":{"line":291,"column":23},"end":{"line":291,"column":46}},{"start":{"line":291,"column":46},"end":{"line":291,"column":null}}],"line":291},"45":{"loc":{"start":{"line":302,"column":7},"end":{"line":305,"column":null}},"type":"binary-expr","locations":[{"start":{"line":302,"column":7},"end":{"line":302,"column":null}},{"start":{"line":303,"column":8},"end":{"line":305,"column":null}}],"line":302}},"s":{"0":56,"1":56,"2":56,"3":56,"4":56,"5":56,"6":56,"7":56,"8":56,"9":56,"10":56,"11":56,"12":56,"13":56,"14":56,"15":56,"16":21,"17":21,"18":21,"19":19,"20":19,"21":18,"22":18,"23":18,"24":2,"25":2,"26":21,"27":21,"28":21,"29":21,"30":56,"31":32,"32":11,"33":32,"34":11,"35":0,"36":56,"37":32,"38":23,"39":32,"40":32,"41":1,"42":1,"43":0,"44":31,"45":0,"46":0,"47":0,"48":0,"49":32,"50":32,"51":1,"52":56,"53":56,"54":21,"55":12,"56":2,"57":2,"58":2,"59":2,"60":1,"61":12,"62":0,"63":0,"64":56,"65":38,"66":56,"67":56,"68":56,"69":56,"70":56,"71":56,"72":3,"73":0,"74":3,"75":3,"76":2,"77":3,"78":1,"79":2,"80":56,"81":53,"82":1,"83":1,"84":1,"85":1,"86":53,"87":53,"88":53,"89":56,"90":40,"91":56},"f":{"0":56,"1":21,"2":21,"3":21,"4":32,"5":11,"6":32,"7":23,"8":0,"9":32,"10":21,"11":38,"12":3,"13":2,"14":53,"15":1,"16":53,"17":40},"b":{"0":[1,18],"1":[2,0],"2":[11,21],"3":[32,21],"4":[0,32],"5":[32,11],"6":[0,0],"7":[1,31],"8":[32,1],"9":[0,31],"10":[31,31],"11":[0,0],"12":[0,0],"13":[1,31],"14":[2,10],"15":[12,2,2],"16":[1,1],"17":[0,12],"18":[12,0,0],"19":[56,30],"20":[56,54],"21":[56,18,11],"22":[0,3],"23":[1,2],"24":[1,0],"25":[1,1,1],"26":[1,0],"27":[21,35],"28":[1,34],"29":[34,32],"30":[2,32],"31":[56,22],"32":[2,54],"33":[2,52],"34":[2,54],"35":[2,52],"36":[56,37],"37":[56,37,35,33],"38":[25,8],"39":[3,22],"40":[4,4],"41":[56,11],"42":[56,37],"43":[37,33],"44":[37,37],"45":[56,2]},"meta":{"lastBranch":46,"lastFunction":18,"lastStatement":92,"seen":{"f:25:24:25:30":0,"s:26:15:26:Infinity":0,"s:27:18:27:Infinity":1,"s:28:19:28:Infinity":2,"s:30:72:30:Infinity":3,"s:31:18:31:Infinity":4,"s:32:28:32:Infinity":5,"s:33:36:33:Infinity":6,"s:34:50:34:Infinity":7,"s:35:33:35:Infinity":8,"s:37:42:37:Infinity":9,"s:38:26:38:Infinity":10,"s:39:36:39:Infinity":11,"s:40:32:40:Infinity":12,"s:41:8:41:Infinity":13,"s:42:8:42:Infinity":14,"s:57:2:73:Infinity":15,"f:57:12:57:18":1,"s:58:18:69:Infinity":16,"f:58:18:58:30":2,"s:59:6:68:Infinity":17,"s:60:20:60:Infinity":18,"b:61:8:61:Infinity:undefined:undefined:undefined:undefined":0,"s:61:8:61:Infinity":19,"s:61:21:61:Infinity":20,"s:62:37:62:Infinity":21,"s:63:8:63:Infinity":22,"s:64:8:64:Infinity":23,"s:66:8:66:Infinity":24,"b:66:46:66:60:66:60:66:73":1,"s:67:8:67:Infinity":25,"s:70:4:70:Infinity":26,"s:71:15:71:Infinity":27,"s:72:4:72:Infinity":28,"f:72:11:72:17":3,"s:72:17:72:Infinity":29,"s:76:2:83:Infinity":30,"f:76:12:76:18":4,"b:77:4:79:Infinity:undefined:undefined:undefined:undefined":2,"s:77:4:79:Infinity":31,"b:77:8:77:27:77:27:77:45":3,"s:78:6:78:Infinity":32,"b:80:4:82:Infinity:undefined:undefined:undefined:undefined":4,"s:80:4:82:Infinity":33,"b:80:8:80:26:80:26:80:71":5,"f:80:38:80:39":5,"s:80:45:80:68":34,"s:81:6:81:Infinity":35,"b:81:43:81:57:81:57:81:61":6,"s:86:2:104:Infinity":36,"f:86:12:86:18":6,"s:87:25:87:Infinity":37,"f:87:36:87:37":7,"s:87:43:87:66":38,"s:88:24:88:Infinity":39,"b:90:4:99:Infinity:93:4:99:Infinity":7,"s:90:4:99:Infinity":40,"b:90:8:90:23:90:23:90:42":8,"s:91:20:91:Infinity":41,"s:92:6:92:Infinity":42,"f:92:37:92:43":8,"s:92:43:92:77":43,"b:93:4:99:Infinity:undefined:undefined:undefined:undefined":9,"s:93:4:99:Infinity":44,"b:93:15:93:31:93:31:93:49":10,"s:94:6:94:Infinity":45,"s:95:6:95:Infinity":46,"b:96:6:98:Infinity:undefined:undefined:undefined:undefined":11,"s:96:6:98:Infinity":47,"b:96:10:96:49:96:49:96:88":12,"s:97:8:97:Infinity":48,"s:101:4:103:Infinity":49,"f:101:11:101:17":9,"b:102:6:102:Infinity:undefined:undefined:undefined:undefined":13,"s:102:6:102:Infinity":50,"s:102:28:102:Infinity":51,"s:107:8:107:Infinity":52,"s:108:2:121:Infinity":53,"f:108:12:108:18":10,"s:109:4:120:Infinity":54,"b:110:6:115:Infinity:undefined:undefined:undefined:undefined":14,"s:110:6:115:Infinity":55,"b:110:10:110:37:110:37:110:49:110:49:110:81":15,"s:111:8:111:Infinity":56,"s:112:8:112:Infinity":57,"s:113:8:113:Infinity":58,"b:114:8:114:Infinity:undefined:undefined:undefined:undefined":16,"s:114:8:114:Infinity":59,"s:114:39:114:Infinity":60,"b:116:6:119:Infinity:undefined:undefined:undefined:undefined":17,"s:116:6:119:Infinity":61,"b:116:10:116:34:116:34:116:45:116:45:116:77":18,"s:117:8:117:Infinity":62,"s:118:8:118:Infinity":63,"s:123:23:123:Infinity":64,"b:123:23:123:69:123:69:123:Infinity":19,"f:123:34:123:35":11,"s:123:41:123:64":65,"s:131:18:131:Infinity":66,"s:132:22:132:Infinity":67,"s:133:22:133:Infinity":68,"s:135:17:135:Infinity":69,"b:135:17:135:32:135:32:135:Infinity":20,"s:141:21:141:Infinity":70,"b:141:21:141:60:141:60:141:71:141:71:141:Infinity":21,"s:143:24:153:Infinity":71,"f:143:24:143:36":12,"b:144:4:144:Infinity:undefined:undefined:undefined:undefined":22,"s:144:4:144:Infinity":72,"s:144:30:144:Infinity":73,"s:145:4:145:Infinity":74,"s:147:4:147:Infinity":75,"f:147:15:147:21":13,"s:147:21:147:97":76,"b:148:4:152:Infinity:150:11:152:Infinity":23,"s:148:4:152:Infinity":77,"s:149:6:149:Infinity":78,"s:151:6:151:Infinity":79,"s:156:2:165:Infinity":80,"f:156:12:156:18":14,"s:157:20:162:Infinity":81,"f:157:20:157:21":15,"b:158:6:161:Infinity:undefined:undefined:undefined:undefined":24,"s:158:6:161:Infinity":82,"b:158:11:158:24:158:24:158:38:158:38:158:57":25,"s:159:8:159:Infinity":83,"b:160:8:160:Infinity:undefined:undefined:undefined:undefined":26,"s:160:8:160:Infinity":84,"s:160:24:160:Infinity":85,"s:163:4:163:Infinity":86,"s:164:4:164:Infinity":87,"f:164:11:164:17":16,"s:164:17:164:Infinity":88,"s:168:24:168:Infinity":89,"f:168:37:168:38":17,"s:168:44:168:67":90,"s:170:2:310:Infinity":91,"b:183:14:188:Infinity:189:16:202:Infinity":27,"b:190:14:195:Infinity:197:14:202:Infinity":28,"b:199:23:199:38:199:38:199:Infinity":29,"b:201:64:201:76:201:76:201:90":30,"b:216:58:216:70:216:70:216:78":31,"b:224:32:224:Infinity:225:20:226:Infinity":32,"b:225:34:225:Infinity:226:20:226:Infinity":33,"b:234:20:234:Infinity:235:20:237:Infinity":34,"b:236:20:236:Infinity:237:20:237:Infinity":35,"b:240:15:240:Infinity:241:16:247:Infinity":36,"b:252:13:252:33:252:33:252:49:252:49:252:Infinity:253:14:259:Infinity":37,"b:255:20:255:Infinity:256:20:258:Infinity":38,"b:255:66:255:72:255:72:255:74":39,"b:257:20:257:Infinity:258:20:258:Infinity":40,"b:263:13:263:Infinity:264:14:266:Infinity":41,"b:275:9:275:Infinity:276:10:297:Infinity":42,"b:288:24:288:48:288:48:288:Infinity":43,"b:291:23:291:46:291:46:291:Infinity":44,"b:302:7:302:Infinity:303:8:305:Infinity":45}}}
,"/Users/soumitlahiri/Documents/Project/coldbones/frontend/src/config.ts": {"path":"/Users/soumitlahiri/Documents/Project/coldbones/frontend/src/config.ts","statementMap":{"0":{"start":{"line":13,"column":36},"end":{"line":13,"column":null}},"1":{"start":{"line":16,"column":35},"end":{"line":16,"column":null}},"2":{"start":{"line":18,"column":34},"end":{"line":21,"column":null}},"3":{"start":{"line":24,"column":37},"end":{"line":24,"column":null}},"4":{"start":{"line":25,"column":37},"end":{"line":25,"column":null}},"5":{"start":{"line":27,"column":37},"end":{"line":27,"column":null}},"6":{"start":{"line":28,"column":37},"end":{"line":28,"column":null}},"7":{"start":{"line":31,"column":33},"end":{"line":31,"column":null}}},"fnMap":{},"branchMap":{"0":{"loc":{"start":{"line":13,"column":36},"end":{"line":13,"column":null}},"type":"binary-expr","locations":[{"start":{"line":13,"column":36},"end":{"line":13,"column":73}},{"start":{"line":13,"column":73},"end":{"line":13,"column":null}}],"line":13}},"s":{"0":4,"1":4,"2":4,"3":4,"4":4,"5":4,"6":4,"7":4},"f":{},"b":{"0":[4,4]},"meta":{"lastBranch":1,"lastFunction":0,"lastStatement":8,"seen":{"s:13:36:13:Infinity":0,"b:13:36:13:73:13:73:13:Infinity":0,"s:16:35:16:Infinity":1,"s:18:34:21:Infinity":2,"s:24:37:24:Infinity":3,"s:25:37:25:Infinity":4,"s:27:37:27:Infinity":5,"s:28:37:28:Infinity":6,"s:31:33:31:Infinity":7}}}
,"/Users/soumitlahiri/Documents/Project/coldbones/frontend/src/components/AnalysisPanel.tsx": {"path":"/Users/soumitlahiri/Documents/Project/coldbones/frontend/src/components/AnalysisPanel.tsx","statementMap":{"0":{"start":{"line":21,"column":26},"end":{"line":21,"column":null}},"1":{"start":{"line":22,"column":8},"end":{"line":40,"column":null}},"2":{"start":{"line":23,"column":4},"end":{"line":39,"column":null}},"3":{"start":{"line":24,"column":6},"end":{"line":24,"column":null}},"4":{"start":{"line":25,"column":6},"end":{"line":25,"column":null}},"5":{"start":{"line":26,"column":6},"end":{"line":26,"column":null}},"6":{"start":{"line":26,"column":23},"end":{"line":26,"column":41}},"7":{"start":{"line":29,"column":17},"end":{"line":29,"column":null}},"8":{"start":{"line":30,"column":6},"end":{"line":30,"column":null}},"9":{"start":{"line":31,"column":6},"end":{"line":31,"column":null}},"10":{"start":{"line":32,"column":6},"end":{"line":32,"column":null}},"11":{"start":{"line":33,"column":6},"end":{"line":33,"column":null}},"12":{"start":{"line":34,"column":6},"end":{"line":34,"column":null}},"13":{"start":{"line":35,"column":6},"end":{"line":35,"column":null}},"14":{"start":{"line":36,"column":6},"end":{"line":36,"column":null}},"15":{"start":{"line":37,"column":6},"end":{"line":37,"column":null}},"16":{"start":{"line":38,"column":6},"end":{"line":38,"column":null}},"17":{"start":{"line":38,"column":23},"end":{"line":38,"column":41}},"18":{"start":{"line":41,"column":2},"end":{"line":41,"column":null}},"19":{"start":{"line":46,"column":8},"end":{"line":46,"column":null}},"20":{"start":{"line":47,"column":34},"end":{"line":47,"column":null}},"21":{"start":{"line":49,"column":2},"end":{"line":53,"column":null}},"22":{"start":{"line":50,"column":4},"end":{"line":52,"column":null}},"23":{"start":{"line":51,"column":6},"end":{"line":51,"column":null}},"24":{"start":{"line":55,"column":23},"end":{"line":60,"column":null}},"25":{"start":{"line":56,"column":4},"end":{"line":56,"column":null}},"26":{"start":{"line":56,"column":22},"end":{"line":56,"column":null}},"27":{"start":{"line":57,"column":54},"end":{"line":57,"column":null}},"28":{"start":{"line":59,"column":4},"end":{"line":59,"column":null}},"29":{"start":{"line":62,"column":2},"end":{"line":65,"column":null}},"30":{"start":{"line":71,"column":28},"end":{"line":71,"column":null}},"31":{"start":{"line":72,"column":46},"end":{"line":72,"column":null}},"32":{"start":{"line":73,"column":12},"end":{"line":73,"column":null}},"33":{"start":{"line":74,"column":18},"end":{"line":74,"column":null}},"34":{"start":{"line":76,"column":2},"end":{"line":83,"column":null}},"35":{"start":{"line":77,"column":4},"end":{"line":81,"column":null}},"36":{"start":{"line":85,"column":2},"end":{"line":117,"column":null}},"37":{"start":{"line":86,"column":4},"end":{"line":115,"column":null}},"38":{"start":{"line":119,"column":2},"end":{"line":127,"column":null}},"39":{"start":{"line":120,"column":4},"end":{"line":125,"column":null}},"40":{"start":{"line":129,"column":17},"end":{"line":129,"column":null}},"41":{"start":{"line":130,"column":22},"end":{"line":130,"column":null}},"42":{"start":{"line":131,"column":26},"end":{"line":131,"column":null}},"43":{"start":{"line":132,"column":17},"end":{"line":132,"column":null}},"44":{"start":{"line":133,"column":25},"end":{"line":133,"column":null}},"45":{"start":{"line":136,"column":38},"end":{"line":136,"column":null}},"46":{"start":{"line":137,"column":2},"end":{"line":137,"column":null}},"47":{"start":{"line":137,"column":22},"end":{"line":137,"column":null}},"48":{"start":{"line":138,"column":2},"end":{"line":138,"column":null}},"49":{"start":{"line":138,"column":22},"end":{"line":138,"column":null}},"50":{"start":{"line":139,"column":2},"end":{"line":139,"column":null}},"51":{"start":{"line":139,"column":19},"end":{"line":139,"column":null}},"52":{"start":{"line":139,"column":92},"end":{"line":139,"column":110}},"53":{"start":{"line":140,"column":2},"end":{"line":140,"column":null}},"54":{"start":{"line":140,"column":23},"end":{"line":140,"column":null}},"55":{"start":{"line":140,"column":104},"end":{"line":140,"column":122}},"56":{"start":{"line":141,"column":2},"end":{"line":141,"column":null}},"57":{"start":{"line":141,"column":14},"end":{"line":141,"column":null}},"58":{"start":{"line":142,"column":2},"end":{"line":142,"column":null}},"59":{"start":{"line":142,"column":14},"end":{"line":142,"column":null}},"60":{"start":{"line":143,"column":23},"end":{"line":143,"column":null}},"61":{"start":{"line":145,"column":2},"end":{"line":299,"column":null}},"62":{"start":{"line":152,"column":25},"end":{"line":152,"column":null}},"63":{"start":{"line":186,"column":27},"end":{"line":186,"column":null}},"64":{"start":{"line":224,"column":14},"end":{"line":228,"column":null}},"65":{"start":{"line":240,"column":14},"end":{"line":240,"column":null}},"66":{"start":{"line":259,"column":29},"end":{"line":259,"column":null}},"67":{"start":{"line":289,"column":18},"end":{"line":289,"column":null}},"68":{"start":{"line":290,"column":18},"end":{"line":290,"column":null}},"69":{"start":{"line":291,"column":12},"end":{"line":291,"column":null}}},"fnMap":{"0":{"name":"useCopyToClipboard","decl":{"start":{"line":20,"column":9},"end":{"line":20,"column":30}},"loc":{"start":{"line":20,"column":30},"end":{"line":42,"column":null}},"line":20},"1":{"name":"(anonymous_1)","decl":{"start":{"line":22,"column":27},"end":{"line":22,"column":34}},"loc":{"start":{"line":22,"column":51},"end":{"line":40,"column":5}},"line":22},"2":{"name":"(anonymous_2)","decl":{"start":{"line":26,"column":17},"end":{"line":26,"column":23}},"loc":{"start":{"line":26,"column":23},"end":{"line":26,"column":41}},"line":26},"3":{"name":"(anonymous_3)","decl":{"start":{"line":38,"column":17},"end":{"line":38,"column":23}},"loc":{"start":{"line":38,"column":23},"end":{"line":38,"column":41}},"line":38},"4":{"name":"ScrollBox","decl":{"start":{"line":45,"column":9},"end":{"line":45,"column":19}},"loc":{"start":{"line":45,"column":95},"end":{"line":67,"column":null}},"line":45},"5":{"name":"(anonymous_5)","decl":{"start":{"line":49,"column":12},"end":{"line":49,"column":18}},"loc":{"start":{"line":49,"column":18},"end":{"line":53,"column":5}},"line":49},"6":{"name":"(anonymous_6)","decl":{"start":{"line":55,"column":23},"end":{"line":55,"column":29}},"loc":{"start":{"line":55,"column":29},"end":{"line":60,"column":null}},"line":55},"7":{"name":"AnalysisPanel","decl":{"start":{"line":70,"column":16},"end":{"line":70,"column":30}},"loc":{"start":{"line":70,"column":135},"end":{"line":301,"column":null}},"line":70},"8":{"name":"(anonymous_8)","decl":{"start":{"line":139,"column":80},"end":{"line":139,"column":81}},"loc":{"start":{"line":139,"column":92},"end":{"line":139,"column":110}},"line":139},"9":{"name":"(anonymous_9)","decl":{"start":{"line":140,"column":92},"end":{"line":140,"column":93}},"loc":{"start":{"line":140,"column":104},"end":{"line":140,"column":122}},"line":140},"10":{"name":"(anonymous_10)","decl":{"start":{"line":152,"column":19},"end":{"line":152,"column":25}},"loc":{"start":{"line":152,"column":25},"end":{"line":152,"column":null}},"line":152},"11":{"name":"(anonymous_11)","decl":{"start":{"line":186,"column":21},"end":{"line":186,"column":27}},"loc":{"start":{"line":186,"column":27},"end":{"line":186,"column":null}},"line":186},"12":{"name":"(anonymous_12)","decl":{"start":{"line":223,"column":33},"end":{"line":223,"column":34}},"loc":{"start":{"line":224,"column":14},"end":{"line":228,"column":null}},"line":224},"13":{"name":"(anonymous_13)","decl":{"start":{"line":239,"column":37},"end":{"line":239,"column":38}},"loc":{"start":{"line":240,"column":14},"end":{"line":240,"column":null}},"line":240},"14":{"name":"(anonymous_14)","decl":{"start":{"line":259,"column":23},"end":{"line":259,"column":29}},"loc":{"start":{"line":259,"column":29},"end":{"line":259,"column":null}},"line":259},"15":{"name":"(anonymous_15)","decl":{"start":{"line":288,"column":19},"end":{"line":288,"column":25}},"loc":{"start":{"line":288,"column":25},"end":{"line":292,"column":null}},"line":288}},"branchMap":{"0":{"loc":{"start":{"line":50,"column":4},"end":{"line":52,"column":null}},"type":"if","locations":[{"start":{"line":50,"column":4},"end":{"line":52,"column":null}},{"start":{},"end":{}}],"line":50},"1":{"loc":{"start":{"line":50,"column":8},"end":{"line":50,"column":35}},"type":"binary-expr","locations":[{"start":{"line":50,"column":8},"end":{"line":50,"column":22}},{"start":{"line":50,"column":22},"end":{"line":50,"column":35}}],"line":50},"2":{"loc":{"start":{"line":56,"column":4},"end":{"line":56,"column":null}},"type":"if","locations":[{"start":{"line":56,"column":4},"end":{"line":56,"column":null}},{"start":{},"end":{}}],"line":56},"3":{"loc":{"start":{"line":76,"column":2},"end":{"line":83,"column":null}},"type":"if","locations":[{"start":{"line":76,"column":2},"end":{"line":83,"column":null}},{"start":{},"end":{}}],"line":76},"4":{"loc":{"start":{"line":85,"column":2},"end":{"line":117,"column":null}},"type":"if","locations":[{"start":{"line":85,"column":2},"end":{"line":117,"column":null}},{"start":{},"end":{}}],"line":85},"5":{"loc":{"start":{"line":93,"column":11},"end":{"line":94,"column":null}},"type":"binary-expr","locations":[{"start":{"line":93,"column":11},"end":{"line":93,"column":25}},{"start":{"line":93,"column":25},"end":{"line":93,"column":null}},{"start":{"line":94,"column":12},"end":{"line":94,"column":null}}],"line":93},"6":{"loc":{"start":{"line":101,"column":9},"end":{"line":113,"column":null}},"type":"binary-expr","locations":[{"start":{"line":101,"column":9},"end":{"line":101,"column":null}},{"start":{"line":102,"column":10},"end":{"line":113,"column":null}}],"line":101},"7":{"loc":{"start":{"line":119,"column":2},"end":{"line":127,"column":null}},"type":"if","locations":[{"start":{"line":119,"column":2},"end":{"line":127,"column":null}},{"start":{},"end":{}}],"line":119},"8":{"loc":{"start":{"line":129,"column":17},"end":{"line":129,"column":null}},"type":"binary-expr","locations":[{"start":{"line":129,"column":17},"end":{"line":129,"column":42}},{"start":{"line":129,"column":42},"end":{"line":129,"column":null}}],"line":129},"9":{"loc":{"start":{"line":130,"column":22},"end":{"line":130,"column":null}},"type":"binary-expr","locations":[{"start":{"line":130,"column":22},"end":{"line":130,"column":41}},{"start":{"line":130,"column":41},"end":{"line":130,"column":null}}],"line":130},"10":{"loc":{"start":{"line":131,"column":26},"end":{"line":131,"column":null}},"type":"binary-expr","locations":[{"start":{"line":131,"column":26},"end":{"line":131,"column":49}},{"start":{"line":131,"column":49},"end":{"line":131,"column":null}}],"line":131},"11":{"loc":{"start":{"line":132,"column":17},"end":{"line":132,"column":null}},"type":"binary-expr","locations":[{"start":{"line":132,"column":17},"end":{"line":132,"column":35}},{"start":{"line":132,"column":35},"end":{"line":132,"column":77}},{"start":{"line":132,"column":77},"end":{"line":132,"column":null}}],"line":132},"12":{"loc":{"start":{"line":133,"column":25},"end":{"line":133,"column":null}},"type":"binary-expr","locations":[{"start":{"line":133,"column":25},"end":{"line":133,"column":47}},{"start":{"line":133,"column":47},"end":{"line":133,"column":null}}],"line":133},"13":{"loc":{"start":{"line":137,"column":2},"end":{"line":137,"column":null}},"type":"if","locations":[{"start":{"line":137,"column":2},"end":{"line":137,"column":null}},{"start":{},"end":{}}],"line":137},"14":{"loc":{"start":{"line":138,"column":2},"end":{"line":138,"column":null}},"type":"if","locations":[{"start":{"line":138,"column":2},"end":{"line":138,"column":null}},{"start":{},"end":{}}],"line":138},"15":{"loc":{"start":{"line":139,"column":2},"end":{"line":139,"column":null}},"type":"if","locations":[{"start":{"line":139,"column":2},"end":{"line":139,"column":null}},{"start":{},"end":{}}],"line":139},"16":{"loc":{"start":{"line":140,"column":2},"end":{"line":140,"column":null}},"type":"if","locations":[{"start":{"line":140,"column":2},"end":{"line":140,"column":null}},{"start":{},"end":{}}],"line":140},"17":{"loc":{"start":{"line":141,"column":2},"end":{"line":141,"column":null}},"type":"if","locations":[{"start":{"line":141,"column":2},"end":{"line":141,"column":null}},{"start":{},"end":{}}],"line":141},"18":{"loc":{"start":{"line":142,"column":2},"end":{"line":142,"column":null}},"type":"if","locations":[{"start":{"line":142,"column":2},"end":{"line":142,"column":null}},{"start":{},"end":{}}],"line":142},"19":{"loc":{"start":{"line":156,"column":56},"end":{"line":156,"column":86}},"type":"cond-expr","locations":[{"start":{"line":156,"column":75},"end":{"line":156,"column":84}},{"start":{"line":156,"column":84},"end":{"line":156,"column":86}}],"line":156},"20":{"loc":{"start":{"line":164,"column":9},"end":{"line":169,"column":null}},"type":"binary-expr","locations":[{"start":{"line":164,"column":9},"end":{"line":164,"column":null}},{"start":{"line":165,"column":10},"end":{"line":169,"column":null}}],"line":164},"21":{"loc":{"start":{"line":182,"column":7},"end":{"line":205,"column":null}},"type":"binary-expr","locations":[{"start":{"line":182,"column":7},"end":{"line":182,"column":null}},{"start":{"line":183,"column":8},"end":{"line":205,"column":null}}],"line":182},"22":{"loc":{"start":{"line":190,"column":48},"end":{"line":190,"column":69}},"type":"cond-expr","locations":[{"start":{"line":190,"column":58},"end":{"line":190,"column":67}},{"start":{"line":190,"column":67},"end":{"line":190,"column":69}}],"line":190},"23":{"loc":{"start":{"line":198,"column":11},"end":{"line":203,"column":null}},"type":"binary-expr","locations":[{"start":{"line":198,"column":11},"end":{"line":198,"column":null}},{"start":{"line":199,"column":12},"end":{"line":203,"column":null}}],"line":198},"24":{"loc":{"start":{"line":209,"column":7},"end":{"line":215,"column":null}},"type":"binary-expr","locations":[{"start":{"line":209,"column":7},"end":{"line":209,"column":null}},{"start":{"line":210,"column":8},"end":{"line":215,"column":null}}],"line":209},"25":{"loc":{"start":{"line":219,"column":7},"end":{"line":231,"column":null}},"type":"binary-expr","locations":[{"start":{"line":219,"column":7},"end":{"line":219,"column":null}},{"start":{"line":220,"column":8},"end":{"line":231,"column":null}}],"line":219},"26":{"loc":{"start":{"line":235,"column":7},"end":{"line":243,"column":null}},"type":"binary-expr","locations":[{"start":{"line":235,"column":7},"end":{"line":235,"column":null}},{"start":{"line":236,"column":8},"end":{"line":243,"column":null}}],"line":235},"27":{"loc":{"start":{"line":253,"column":7},"end":{"line":269,"column":null}},"type":"binary-expr","locations":[{"start":{"line":253,"column":7},"end":{"line":253,"column":null}},{"start":{"line":254,"column":8},"end":{"line":269,"column":null}}],"line":253},"28":{"loc":{"start":{"line":263,"column":15},"end":{"line":263,"column":null}},"type":"cond-expr","locations":[{"start":{"line":263,"column":32},"end":{"line":263,"column":45}},{"start":{"line":263,"column":45},"end":{"line":263,"column":null}}],"line":263},"29":{"loc":{"start":{"line":274,"column":25},"end":{"line":274,"column":66}},"type":"cond-expr","locations":[{"start":{"line":274,"column":50},"end":{"line":274,"column":59}},{"start":{"line":274,"column":59},"end":{"line":274,"column":66}}],"line":274},"30":{"loc":{"start":{"line":275,"column":31},"end":{"line":275,"column":63}},"type":"binary-expr","locations":[{"start":{"line":275,"column":31},"end":{"line":275,"column":58}},{"start":{"line":275,"column":58},"end":{"line":275,"column":63}}],"line":275},"31":{"loc":{"start":{"line":276,"column":9},"end":{"line":279,"column":null}},"type":"binary-expr","locations":[{"start":{"line":276,"column":9},"end":{"line":276,"column":null}},{"start":{"line":277,"column":10},"end":{"line":279,"column":null}}],"line":276},"32":{"loc":{"start":{"line":278,"column":14},"end":{"line":278,"column":45}},"type":"binary-expr","locations":[{"start":{"line":278,"column":14},"end":{"line":278,"column":42}},{"start":{"line":278,"column":42},"end":{"line":278,"column":45}}],"line":278},"33":{"loc":{"start":{"line":278,"column":68},"end":{"line":278,"column":100}},"type":"binary-expr","locations":[{"start":{"line":278,"column":68},"end":{"line":278,"column":97}},{"start":{"line":278,"column":97},"end":{"line":278,"column":100}}],"line":278},"34":{"loc":{"start":{"line":281,"column":9},"end":{"line":284,"column":null}},"type":"binary-expr","locations":[{"start":{"line":281,"column":9},"end":{"line":281,"column":null}},{"start":{"line":282,"column":10},"end":{"line":284,"column":null}}],"line":281},"35":{"loc":{"start":{"line":289,"column":40},"end":{"line":289,"column":71}},"type":"binary-expr","locations":[{"start":{"line":289,"column":40},"end":{"line":289,"column":59}},{"start":{"line":289,"column":59},"end":{"line":289,"column":71}}],"line":289},"36":{"loc":{"start":{"line":290,"column":26},"end":{"line":290,"column":57}},"type":"binary-expr","locations":[{"start":{"line":290,"column":26},"end":{"line":290,"column":45}},{"start":{"line":290,"column":45},"end":{"line":290,"column":57}}],"line":290}},"s":{"0":80,"1":80,"2":2,"3":2,"4":1,"5":1,"6":1,"7":1,"8":1,"9":1,"10":1,"11":1,"12":1,"13":1,"14":1,"15":1,"16":1,"17":0,"18":80,"19":15,"20":15,"21":15,"22":15,"23":14,"24":15,"25":1,"26":0,"27":1,"28":1,"29":15,"30":80,"31":80,"32":80,"33":80,"34":80,"35":1,"36":79,"37":12,"38":67,"39":30,"40":37,"41":80,"42":80,"43":80,"44":80,"45":80,"46":80,"47":37,"48":37,"49":4,"50":37,"51":37,"52":6,"53":37,"54":37,"55":7,"56":37,"57":37,"58":37,"59":37,"60":37,"61":37,"62":2,"63":1,"64":6,"65":7,"66":2,"67":2,"68":2,"69":2},"f":{"0":80,"1":2,"2":1,"3":0,"4":15,"5":15,"6":1,"7":80,"8":6,"9":7,"10":2,"11":1,"12":6,"13":7,"14":2,"15":2},"b":{"0":[14,1],"1":[15,14],"2":[0,1],"3":[1,79],"4":[12,67],"5":[12,4,2],"6":[12,3],"7":[30,37],"8":[37,4],"9":[80,37],"10":[80,37],"11":[80,11,9],"12":[80,4],"13":[37,43],"14":[4,33],"15":[4,33],"16":[4,33],"17":[9,28],"18":[4,33],"19":[1,36],"20":[80,1],"21":[80,4],"22":[1,3],"23":[4,1],"24":[80,4],"25":[80,4],"26":[80,4],"27":[80,9],"28":[2,7],"29":[30,7],"30":[80,2],"31":[80,4],"32":[4,0],"33":[4,0],"34":[80,1],"35":[2,0],"36":[2,0]},"meta":{"lastBranch":37,"lastFunction":16,"lastStatement":70,"seen":{"f:20:9:20:30":0,"s:21:26:21:Infinity":0,"s:22:8:40:Infinity":1,"f:22:27:22:34":1,"s:23:4:39:Infinity":2,"s:24:6:24:Infinity":3,"s:25:6:25:Infinity":4,"s:26:6:26:Infinity":5,"f:26:17:26:23":2,"s:26:23:26:41":6,"s:29:17:29:Infinity":7,"s:30:6:30:Infinity":8,"s:31:6:31:Infinity":9,"s:32:6:32:Infinity":10,"s:33:6:33:Infinity":11,"s:34:6:34:Infinity":12,"s:35:6:35:Infinity":13,"s:36:6:36:Infinity":14,"s:37:6:37:Infinity":15,"s:38:6:38:Infinity":16,"f:38:17:38:23":3,"s:38:23:38:41":17,"s:41:2:41:Infinity":18,"f:45:9:45:19":4,"s:46:8:46:Infinity":19,"s:47:34:47:Infinity":20,"s:49:2:53:Infinity":21,"f:49:12:49:18":5,"b:50:4:52:Infinity:undefined:undefined:undefined:undefined":0,"s:50:4:52:Infinity":22,"b:50:8:50:22:50:22:50:35":1,"s:51:6:51:Infinity":23,"s:55:23:60:Infinity":24,"f:55:23:55:29":6,"b:56:4:56:Infinity:undefined:undefined:undefined:undefined":2,"s:56:4:56:Infinity":25,"s:56:22:56:Infinity":26,"s:57:54:57:Infinity":27,"s:59:4:59:Infinity":28,"s:62:2:65:Infinity":29,"f:70:16:70:30":7,"s:71:28:71:Infinity":30,"s:72:46:72:Infinity":31,"s:73:12:73:Infinity":32,"s:74:18:74:Infinity":33,"b:76:2:83:Infinity:undefined:undefined:undefined:undefined":3,"s:76:2:83:Infinity":34,"s:77:4:81:Infinity":35,"b:85:2:117:Infinity:undefined:undefined:undefined:undefined":4,"s:85:2:117:Infinity":36,"s:86:4:115:Infinity":37,"b:93:11:93:25:93:25:93:Infinity:94:12:94:Infinity":5,"b:101:9:101:Infinity:102:10:113:Infinity":6,"b:119:2:127:Infinity:undefined:undefined:undefined:undefined":7,"s:119:2:127:Infinity":38,"s:120:4:125:Infinity":39,"s:129:17:129:Infinity":40,"b:129:17:129:42:129:42:129:Infinity":8,"s:130:22:130:Infinity":41,"b:130:22:130:41:130:41:130:Infinity":9,"s:131:26:131:Infinity":42,"b:131:26:131:49:131:49:131:Infinity":10,"s:132:17:132:Infinity":43,"b:132:17:132:35:132:35:132:77:132:77:132:Infinity":11,"s:133:25:133:Infinity":44,"b:133:25:133:47:133:47:133:Infinity":12,"s:136:38:136:Infinity":45,"b:137:2:137:Infinity:undefined:undefined:undefined:undefined":13,"s:137:2:137:Infinity":46,"s:137:22:137:Infinity":47,"b:138:2:138:Infinity:undefined:undefined:undefined:undefined":14,"s:138:2:138:Infinity":48,"s:138:22:138:Infinity":49,"b:139:2:139:Infinity:undefined:undefined:undefined:undefined":15,"s:139:2:139:Infinity":50,"s:139:19:139:Infinity":51,"f:139:80:139:81":8,"s:139:92:139:110":52,"b:140:2:140:Infinity:undefined:undefined:undefined:undefined":16,"s:140:2:140:Infinity":53,"s:140:23:140:Infinity":54,"f:140:92:140:93":9,"s:140:104:140:122":55,"b:141:2:141:Infinity:undefined:undefined:undefined:undefined":17,"s:141:2:141:Infinity":56,"s:141:14:141:Infinity":57,"b:142:2:142:Infinity:undefined:undefined:undefined:undefined":18,"s:142:2:142:Infinity":58,"s:142:14:142:Infinity":59,"s:143:23:143:Infinity":60,"s:145:2:299:Infinity":61,"f:152:19:152:25":10,"s:152:25:152:Infinity":62,"b:156:75:156:84:156:84:156:86":19,"b:164:9:164:Infinity:165:10:169:Infinity":20,"b:182:7:182:Infinity:183:8:205:Infinity":21,"f:186:21:186:27":11,"s:186:27:186:Infinity":63,"b:190:58:190:67:190:67:190:69":22,"b:198:11:198:Infinity:199:12:203:Infinity":23,"b:209:7:209:Infinity:210:8:215:Infinity":24,"b:219:7:219:Infinity:220:8:231:Infinity":25,"f:223:33:223:34":12,"s:224:14:228:Infinity":64,"b:235:7:235:Infinity:236:8:243:Infinity":26,"f:239:37:239:38":13,"s:240:14:240:Infinity":65,"b:253:7:253:Infinity:254:8:269:Infinity":27,"f:259:23:259:29":14,"s:259:29:259:Infinity":66,"b:263:32:263:45:263:45:263:Infinity":28,"b:274:50:274:59:274:59:274:66":29,"b:275:31:275:58:275:58:275:63":30,"b:276:9:276:Infinity:277:10:279:Infinity":31,"b:278:14:278:42:278:42:278:45":32,"b:278:68:278:97:278:97:278:100":33,"b:281:9:281:Infinity:282:10:284:Infinity":34,"f:288:19:288:25":15,"s:289:18:289:Infinity":67,"b:289:40:289:59:289:59:289:71":35,"s:290:18:290:Infinity":68,"b:290:26:290:45:290:45:290:57":36,"s:291:12:291:Infinity":69}}}
,"/Users/soumitlahiri/Documents/Project/coldbones/frontend/src/components/FilePreview.tsx": {"path":"/Users/soumitlahiri/Documents/Project/coldbones/frontend/src/components/FilePreview.tsx","statementMap":{"0":{"start":{"line":8,"column":0},"end":{"line":8,"column":null}},"1":{"start":{"line":10,"column":14},"end":{"line":10,"column":null}},"2":{"start":{"line":11,"column":2},"end":{"line":11,"column":null}},"3":{"start":{"line":14,"column":21},"end":{"line":14,"column":null}},"4":{"start":{"line":15,"column":2},"end":{"line":53,"column":null}},"5":{"start":{"line":16,"column":9},"end":{"line":16,"column":16}},"6":{"start":{"line":17,"column":8},"end":{"line":17,"column":24}},"7":{"start":{"line":20,"column":4},"end":{"line":20,"column":null}},"8":{"start":{"line":20,"column":39},"end":{"line":20,"column":null}},"9":{"start":{"line":21,"column":4},"end":{"line":44,"column":null}},"10":{"start":{"line":23,"column":28},"end":{"line":23,"column":null}},"11":{"start":{"line":24,"column":6},"end":{"line":24,"column":null}},"12":{"start":{"line":25,"column":6},"end":{"line":25,"column":null}},"13":{"start":{"line":25,"column":10},"end":{"line":25,"column":null}},"14":{"start":{"line":26,"column":14},"end":{"line":26,"column":null}},"15":{"start":{"line":27,"column":8},"end":{"line":27,"column":null}},"16":{"start":{"line":27,"column":20},"end":{"line":27,"column":null}},"17":{"start":{"line":28,"column":23},"end":{"line":28,"column":null}},"18":{"start":{"line":29,"column":14},"end":{"line":29,"column":34}},"19":{"start":{"line":30,"column":12},"end":{"line":30,"column":null}},"20":{"start":{"line":32,"column":8},"end":{"line":32,"column":null}},"21":{"start":{"line":33,"column":8},"end":{"line":33,"column":null}},"22":{"start":{"line":34,"column":8},"end":{"line":34,"column":null}},"23":{"start":{"line":34,"column":27},"end":{"line":34,"column":null}},"24":{"start":{"line":35,"column":15},"end":{"line":35,"column":null}},"25":{"start":{"line":36,"column":8},"end":{"line":36,"column":null}},"26":{"start":{"line":38,"column":8},"end":{"line":38,"column":null}},"27":{"start":{"line":40,"column":8},"end":{"line":43,"column":null}},"28":{"start":{"line":41,"column":19},"end":{"line":41,"column":null}},"29":{"start":{"line":42,"column":6},"end":{"line":42,"column":null}},"30":{"start":{"line":42,"column":29},"end":{"line":42,"column":null}},"31":{"start":{"line":45,"column":57},"end":{"line":46,"column":null}},"32":{"start":{"line":46,"column":8},"end":{"line":52,"column":null}},"33":{"start":{"line":48,"column":4},"end":{"line":48,"column":null}},"34":{"start":{"line":50,"column":4},"end":{"line":50,"column":null}},"35":{"start":{"line":51,"column":4},"end":{"line":51,"column":null}},"36":{"start":{"line":54,"column":6},"end":{"line":58,"column":51}},"37":{"start":{"line":54,"column":11},"end":{"line":58,"column":51}},"38":{"start":{"line":58,"column":20},"end":{"line":59,"column":56}},"39":{"start":{"line":59,"column":56},"end":{"line":59,"column":null}},"40":{"start":{"line":60,"column":0},"end":{"line":60,"column":null}},"41":{"start":{"line":63,"column":15},"end":{"line":63,"column":null}},"42":{"start":{"line":64,"column":2},"end":{"line":64,"column":null}},"43":{"start":{"line":65,"column":2},"end":{"line":65,"column":null}},"44":{"start":{"line":68,"column":9},"end":{"line":68,"column":null}},"45":{"start":{"line":69,"column":0},"end":{"line":69,"column":null}},"46":{"start":{"line":81,"column":36},"end":{"line":81,"column":null}},"47":{"start":{"line":82,"column":35},"end":{"line":82,"column":null}},"48":{"start":{"line":83,"column":42},"end":{"line":83,"column":null}},"49":{"start":{"line":84,"column":23},"end":{"line":89,"column":null}},"50":{"start":{"line":85,"column":2},"end":{"line":85,"column":null}},"51":{"start":{"line":86,"column":2},"end":{"line":86,"column":null}},"52":{"start":{"line":88,"column":2},"end":{"line":88,"column":null}},"53":{"start":{"line":90,"column":19},"end":{"line":95,"column":null}},"54":{"start":{"line":91,"column":4},"end":{"line":91,"column":54}},"55":{"start":{"line":92,"column":2},"end":{"line":92,"column":null}},"56":{"start":{"line":94,"column":2},"end":{"line":94,"column":null}},"57":{"start":{"line":96,"column":19},"end":{"line":105,"column":null}},"58":{"start":{"line":97,"column":4},"end":{"line":97,"column":26}},"59":{"start":{"line":98,"column":7},"end":{"line":98,"column":null}},"60":{"start":{"line":100,"column":2},"end":{"line":100,"column":null}},"61":{"start":{"line":101,"column":4},"end":{"line":101,"column":null}},"62":{"start":{"line":102,"column":4},"end":{"line":104,"column":null}},"63":{"start":{"line":103,"column":4},"end":{"line":103,"column":null}},"64":{"start":{"line":106,"column":16},"end":{"line":110,"column":8}},"65":{"start":{"line":107,"column":4},"end":{"line":107,"column":null}},"66":{"start":{"line":108,"column":2},"end":{"line":108,"column":null}},"67":{"start":{"line":111,"column":4},"end":{"line":120,"column":null}},"68":{"start":{"line":112,"column":4},"end":{"line":112,"column":25}},"69":{"start":{"line":113,"column":2},"end":{"line":113,"column":null}},"70":{"start":{"line":116,"column":2},"end":{"line":116,"column":null}},"71":{"start":{"line":117,"column":4},"end":{"line":119,"column":null}},"72":{"start":{"line":118,"column":4},"end":{"line":118,"column":null}},"73":{"start":{"line":118,"column":16},"end":{"line":118,"column":null}},"74":{"start":{"line":121,"column":6},"end":{"line":129,"column":8}},"75":{"start":{"line":124,"column":4},"end":{"line":128,"column":null}},"76":{"start":{"line":125,"column":6},"end":{"line":125,"column":null}},"77":{"start":{"line":127,"column":2},"end":{"line":127,"column":null}},"78":{"start":{"line":127,"column":8},"end":{"line":127,"column":null}},"79":{"start":{"line":130,"column":14},"end":{"line":130,"column":51}},"80":{"start":{"line":130,"column":36},"end":{"line":130,"column":49}},"81":{"start":{"line":130,"column":67},"end":{"line":138,"column":null}},"82":{"start":{"line":132,"column":2},"end":{"line":138,"column":null}},"83":{"start":{"line":138,"column":6},"end":{"line":145,"column":null}},"84":{"start":{"line":140,"column":6},"end":{"line":150,"column":13}},"85":{"start":{"line":150,"column":13},"end":{"line":150,"column":null}},"86":{"start":{"line":154,"column":14},"end":{"line":154,"column":null}},"87":{"start":{"line":154,"column":19},"end":{"line":154,"column":null}},"88":{"start":{"line":157,"column":28},"end":{"line":157,"column":null}},"89":{"start":{"line":158,"column":28},"end":{"line":158,"column":null}},"90":{"start":{"line":159,"column":27},"end":{"line":159,"column":null}},"91":{"start":{"line":170,"column":15},"end":{"line":170,"column":null}},"92":{"start":{"line":171,"column":16},"end":{"line":171,"column":null}},"93":{"start":{"line":196,"column":15},"end":{"line":196,"column":null}},"94":{"start":{"line":204,"column":15},"end":{"line":204,"column":null}},"95":{"start":{"line":204,"column":14},"end":{"line":204,"column":15}},"96":{"start":{"line":244,"column":15},"end":{"line":244,"column":null}},"97":{"start":{"line":255,"column":15},"end":{"line":255,"column":null}},"98":{"start":{"line":271,"column":4},"end":{"line":279,"column":null}},"99":{"start":{"line":280,"column":15},"end":{"line":281,"column":null}},"100":{"start":{"line":281,"column":14},"end":{"line":281,"column":null}},"101":{"start":{"line":281,"column":14},"end":{"line":285,"column":108}},"102":{"start":{"line":285,"column":9},"end":{"line":285,"column":null}},"103":{"start":{"line":285,"column":108},"end":{"line":285,"column":null}},"104":{"start":{"line":286,"column":0},"end":{"line":286,"column":null}},"105":{"start":{"line":288,"column":0},"end":{"line":288,"column":null}}},"fnMap":{"0":{"name":"PdfCanvas","decl":{"start":{"line":9,"column":2},"end":{"line":9,"column":null}},"loc":{"start":{"line":9,"column":2},"end":{"line":59,"column":56}},"line":9},"1":{"name":"(anonymous_1)","decl":{"start":{"line":15,"column":8},"end":{"line":15,"column":null}},"loc":{"start":{"line":15,"column":8},"end":{"line":53,"column":20}},"line":15},"2":{"name":"render","decl":{"start":{"line":19,"column":18},"end":{"line":19,"column":null}},"loc":{"start":{"line":19,"column":18},"end":{"line":45,"column":57}},"line":19},"3":{"name":"(anonymous_3)","decl":{"start":{"line":47,"column":6},"end":{"line":47,"column":null}},"loc":{"start":{"line":47,"column":6},"end":{"line":52,"column":null}},"line":47},"4":{"name":"getPdfPageCount","decl":{"start":{"line":59,"column":9},"end":{"line":59,"column":56}},"loc":{"start":{"line":59,"column":9},"end":{"line":66,"column":null}},"line":59},"5":{"name":"FilePreview","decl":{"start":{"line":67,"column":14},"end":{"line":67,"column":null}},"loc":{"start":{"line":67,"column":14},"end":{"line":145,"column":null}},"line":67},"6":{"name":"(anonymous_6)","decl":{"start":{"line":84,"column":38},"end":{"line":84,"column":42}},"loc":{"start":{"line":84,"column":66},"end":{"line":89,"column":null}},"line":84},"7":{"name":"(anonymous_7)","decl":{"start":{"line":90,"column":35},"end":{"line":90,"column":null}},"loc":{"start":{"line":90,"column":35},"end":{"line":95,"column":6}},"line":90},"8":{"name":"(anonymous_8)","decl":{"start":{"line":96,"column":32},"end":{"line":96,"column":null}},"loc":{"start":{"line":96,"column":32},"end":{"line":105,"column":8}},"line":96},"9":{"name":"(anonymous_9)","decl":{"start":{"line":106,"column":34},"end":{"line":106,"column":null}},"loc":{"start":{"line":106,"column":34},"end":{"line":110,"column":8}},"line":106},"10":{"name":"(anonymous_10)","decl":{"start":{"line":111,"column":4},"end":{"line":111,"column":17}},"loc":{"start":{"line":111,"column":17},"end":{"line":120,"column":8}},"line":111},"11":{"name":"(anonymous_11)","decl":{"start":{"line":118,"column":16},"end":{"line":118,"column":null}},"loc":{"start":{"line":118,"column":16},"end":{"line":118,"column":null}},"line":118},"12":{"name":"(anonymous_12)","decl":{"start":{"line":122,"column":9},"end":{"line":122,"column":14}},"loc":{"start":{"line":122,"column":14},"end":{"line":129,"column":8}},"line":122},"13":{"name":"(anonymous_13)","decl":{"start":{"line":127,"column":8},"end":{"line":127,"column":22}},"loc":{"start":{"line":127,"column":8},"end":{"line":127,"column":null}},"line":127},"14":{"name":"(anonymous_14)","decl":{"start":{"line":130,"column":28},"end":{"line":130,"column":31}},"loc":{"start":{"line":130,"column":36},"end":{"line":130,"column":49}},"line":130},"15":{"name":"(anonymous_15)","decl":{"start":{"line":140,"column":6},"end":{"line":140,"column":null}},"loc":{"start":{"line":140,"column":6},"end":{"line":150,"column":13}},"line":140},"16":{"name":"(anonymous_16)","decl":{"start":{"line":150,"column":13},"end":{"line":150,"column":null}},"loc":{"start":{"line":150,"column":13},"end":{"line":150,"column":null}},"line":150},"17":{"name":"(anonymous_17)","decl":{"start":{"line":153,"column":23},"end":{"line":153,"column":29}},"loc":{"start":{"line":153,"column":29},"end":{"line":155,"column":24}},"line":153},"18":{"name":"(anonymous_18)","decl":{"start":{"line":157,"column":14},"end":{"line":157,"column":26}},"loc":{"start":{"line":157,"column":28},"end":{"line":157,"column":null}},"line":157},"19":{"name":"(anonymous_19)","decl":{"start":{"line":158,"column":14},"end":{"line":158,"column":28}},"loc":{"start":{"line":158,"column":28},"end":{"line":158,"column":null}},"line":158},"20":{"name":"(anonymous_20)","decl":{"start":{"line":159,"column":14},"end":{"line":159,"column":25}},"loc":{"start":{"line":159,"column":27},"end":{"line":159,"column":null}},"line":159},"21":{"name":"(anonymous_21)","decl":{"start":{"line":170,"column":15},"end":{"line":170,"column":null}},"loc":{"start":{"line":170,"column":15},"end":{"line":172,"column":34}},"line":170},"22":{"name":"(anonymous_22)","decl":{"start":{"line":196,"column":15},"end":{"line":196,"column":null}},"loc":{"start":{"line":196,"column":15},"end":{"line":196,"column":null}},"line":196},"23":{"name":"(anonymous_23)","decl":{"start":{"line":204,"column":15},"end":{"line":204,"column":null}},"loc":{"start":{"line":204,"column":15},"end":{"line":204,"column":null}},"line":204},"24":{"name":"(anonymous_24)","decl":{"start":{"line":204,"column":14},"end":{"line":204,"column":15}},"loc":{"start":{"line":204,"column":14},"end":{"line":204,"column":15}},"line":204},"25":{"name":"(anonymous_25)","decl":{"start":{"line":244,"column":15},"end":{"line":244,"column":null}},"loc":{"start":{"line":244,"column":15},"end":{"line":244,"column":null}},"line":244},"26":{"name":"(anonymous_26)","decl":{"start":{"line":255,"column":15},"end":{"line":255,"column":null}},"loc":{"start":{"line":255,"column":15},"end":{"line":255,"column":null}},"line":255},"27":{"name":"StatusBadge","decl":{"start":{"line":145,"column":4},"end":{"line":145,"column":null}},"loc":{"start":{"line":145,"column":4},"end":{"line":285,"column":108}},"line":145},"28":{"name":"formatSize","decl":{"start":{"line":285,"column":9},"end":{"line":285,"column":108}},"loc":{"start":{"line":285,"column":9},"end":{"line":289,"column":null}},"line":285}},"branchMap":{"0":{"loc":{"start":{"line":20,"column":4},"end":{"line":20,"column":null}},"type":"if","locations":[{"start":{"line":20,"column":4},"end":{"line":20,"column":null}},{"start":{},"end":{}}],"line":20},"1":{"loc":{"start":{"line":25,"column":6},"end":{"line":25,"column":null}},"type":"if","locations":[{"start":{"line":25,"column":6},"end":{"line":25,"column":null}},{"start":{},"end":{}}],"line":25},"2":{"loc":{"start":{"line":27,"column":8},"end":{"line":27,"column":null}},"type":"if","locations":[{"start":{"line":27,"column":8},"end":{"line":27,"column":null}},{"start":{},"end":{}}],"line":27},"3":{"loc":{"start":{"line":34,"column":8},"end":{"line":34,"column":null}},"type":"if","locations":[{"start":{"line":34,"column":8},"end":{"line":34,"column":null}},{"start":{},"end":{}}],"line":34},"4":{"loc":{"start":{"line":40,"column":8},"end":{"line":43,"column":null}},"type":"if","locations":[{"start":{"line":40,"column":8},"end":{"line":43,"column":null}},{"start":{},"end":{}}],"line":40},"5":{"loc":{"start":{"line":41,"column":19},"end":{"line":41,"column":null}},"type":"cond-expr","locations":[{"start":{"line":41,"column":19},"end":{"line":41,"column":null}},{"start":{"line":41,"column":19},"end":{"line":41,"column":null}}],"line":41},"6":{"loc":{"start":{"line":42,"column":6},"end":{"line":42,"column":null}},"type":"if","locations":[{"start":{"line":42,"column":6},"end":{"line":42,"column":null}},{"start":{},"end":{}}],"line":42},"7":{"loc":{"start":{"line":54,"column":6},"end":{"line":58,"column":51}},"type":"if","locations":[{"start":{"line":54,"column":6},"end":{"line":58,"column":51}},{"start":{},"end":{}}],"line":54},"8":{"loc":{"start":{"line":102,"column":4},"end":{"line":104,"column":null}},"type":"if","locations":[{"start":{"line":102,"column":4},"end":{"line":104,"column":null}},{"start":{},"end":{}}],"line":102},"9":{"loc":{"start":{"line":102,"column":4},"end":{"line":102,"column":null}},"type":"binary-expr","locations":[{"start":{"line":102,"column":4},"end":{"line":102,"column":null}},{"start":{"line":102,"column":22},"end":{"line":102,"column":null}},{"start":{"line":102,"column":22},"end":{"line":102,"column":null}}],"line":102},"10":{"loc":{"start":{"line":117,"column":4},"end":{"line":119,"column":null}},"type":"if","locations":[{"start":{"line":117,"column":4},"end":{"line":119,"column":null}},{"start":{},"end":{}}],"line":117},"11":{"loc":{"start":{"line":117,"column":4},"end":{"line":117,"column":null}},"type":"binary-expr","locations":[{"start":{"line":117,"column":4},"end":{"line":117,"column":12}},{"start":{"line":117,"column":13},"end":{"line":117,"column":null}}],"line":117},"12":{"loc":{"start":{"line":124,"column":4},"end":{"line":128,"column":null}},"type":"if","locations":[{"start":{"line":124,"column":4},"end":{"line":128,"column":null}},{"start":{},"end":{}}],"line":124},"13":{"loc":{"start":{"line":124,"column":4},"end":{"line":124,"column":null}},"type":"binary-expr","locations":[{"start":{"line":124,"column":4},"end":{"line":124,"column":null}},{"start":{"line":124,"column":4},"end":{"line":124,"column":null}}],"line":124},"14":{"loc":{"start":{"line":130,"column":67},"end":{"line":138,"column":null}},"type":"if","locations":[{"start":{"line":130,"column":67},"end":{"line":138,"column":null}},{"start":{},"end":{}}],"line":130},"15":{"loc":{"start":{"line":138,"column":6},"end":{"line":148,"column":9}},"type":"binary-expr","locations":[{"start":{"line":138,"column":6},"end":{"line":140,"column":null}},{"start":{"line":140,"column":6},"end":{"line":148,"column":9}}],"line":138},"16":{"loc":{"start":{"line":148,"column":8},"end":{"line":148,"column":23}},"type":"cond-expr","locations":[{"start":{"line":148,"column":9},"end":{"line":148,"column":23}},{"start":{"line":148,"column":13},"end":{"line":148,"column":23}}],"line":148},"17":{"loc":{"start":{"line":148,"column":23},"end":{"line":148,"column":64}},"type":"cond-expr","locations":[{"start":{"line":148,"column":46},"end":{"line":148,"column":53}},{"start":{"line":148,"column":53},"end":{"line":148,"column":64}}],"line":148},"18":{"loc":{"start":{"line":148,"column":53},"end":{"line":149,"column":25}},"type":"cond-expr","locations":[{"start":{"line":148,"column":64},"end":{"line":149,"column":25}},{"start":{"line":149,"column":11},"end":{"line":149,"column":25}}],"line":148},"19":{"loc":{"start":{"line":149,"column":11},"end":{"line":150,"column":13}},"type":"cond-expr","locations":[{"start":{"line":150,"column":12},"end":{"line":150,"column":13}},{"start":{"line":150,"column":12},"end":{"line":150,"column":13}}],"line":149},"20":{"loc":{"start":{"line":154,"column":14},"end":{"line":154,"column":null}},"type":"if","locations":[{"start":{"line":154,"column":14},"end":{"line":154,"column":null}},{"start":{},"end":{}}],"line":154},"21":{"loc":{"start":{"line":154,"column":19},"end":{"line":154,"column":null}},"type":"binary-expr","locations":[{"start":{"line":154,"column":19},"end":{"line":154,"column":null}},{"start":{"line":154,"column":19},"end":{"line":154,"column":null}}],"line":154},"22":{"loc":{"start":{"line":162,"column":14},"end":{"line":168,"column":63}},"type":"cond-expr","locations":[{"start":{"line":162,"column":44},"end":{"line":166,"column":null}},{"start":{"line":166,"column":16},"end":{"line":168,"column":63}}],"line":162},"23":{"loc":{"start":{"line":148,"column":8},"end":{"line":186,"column":9}},"type":"binary-expr","locations":[{"start":{"line":148,"column":8},"end":{"line":148,"column":9}},{"start":{"line":148,"column":8},"end":{"line":186,"column":9}}],"line":148},"24":{"loc":{"start":{"line":189,"column":12},"end":{"line":192,"column":null}},"type":"binary-expr","locations":[{"start":{"line":189,"column":12},"end":{"line":189,"column":66}},{"start":{"line":189,"column":12},"end":{"line":192,"column":null}}],"line":189},"25":{"loc":{"start":{"line":204,"column":14},"end":{"line":213,"column":null}},"type":"binary-expr","locations":[{"start":{"line":204,"column":14},"end":{"line":204,"column":15}},{"start":{"line":204,"column":14},"end":{"line":213,"column":null}}],"line":204},"26":{"loc":{"start":{"line":222,"column":21},"end":{"line":235,"column":null}},"type":"cond-expr","locations":[{"start":{"line":222,"column":21},"end":{"line":227,"column":15}},{"start":{"line":227,"column":14},"end":{"line":235,"column":null}}],"line":222},"27":{"loc":{"start":{"line":220,"column":10},"end":{"line":243,"column":null}},"type":"binary-expr","locations":[{"start":{"line":220,"column":10},"end":{"line":220,"column":11}},{"start":{"line":220,"column":10},"end":{"line":220,"column":11}},{"start":{"line":220,"column":10},"end":{"line":220,"column":11}},{"start":{"line":220,"column":10},"end":{"line":243,"column":null}}],"line":220},"28":{"loc":{"start":{"line":243,"column":12},"end":{"line":267,"column":68}},"type":"binary-expr","locations":[{"start":{"line":243,"column":12},"end":{"line":243,"column":null}},{"start":{"line":243,"column":12},"end":{"line":267,"column":68}}],"line":243},"29":{"loc":{"start":{"line":280,"column":15},"end":{"line":281,"column":null}},"type":"if","locations":[{"start":{"line":280,"column":15},"end":{"line":281,"column":null}},{"start":{},"end":{}}],"line":280},"30":{"loc":{"start":{"line":285,"column":9},"end":{"line":285,"column":null}},"type":"if","locations":[{"start":{"line":285,"column":9},"end":{"line":285,"column":null}},{"start":{},"end":{}}],"line":285},"31":{"loc":{"start":{"line":286,"column":0},"end":{"line":286,"column":null}},"type":"if","locations":[{"start":{"line":286,"column":0},"end":{"line":286,"column":null}},{"start":{},"end":{}}],"line":286}},"s":{"0":6,"1":15,"2":15,"3":15,"4":15,"5":10,"6":10,"7":10,"8":0,"9":10,"10":10,"11":10,"12":7,"13":0,"14":7,"15":7,"16":0,"17":7,"18":7,"19":7,"20":7,"21":7,"22":7,"23":3,"24":7,"25":7,"26":7,"27":3,"28":3,"29":3,"30":2,"31":10,"32":10,"33":10,"34":10,"35":10,"36":15,"37":2,"38":13,"39":7,"40":7,"41":7,"42":7,"43":7,"44":99,"45":99,"46":99,"47":99,"48":99,"49":99,"50":1,"51":1,"52":1,"53":99,"54":1,"55":1,"56":1,"57":99,"58":1,"59":1,"60":1,"61":1,"62":1,"63":1,"64":99,"65":1,"66":1,"67":99,"68":62,"69":62,"70":62,"71":62,"72":7,"73":0,"74":99,"75":1,"76":1,"77":1,"78":1,"79":99,"80":1,"81":99,"82":1,"83":98,"84":52,"85":0,"86":2,"87":2,"88":1,"89":1,"90":1,"91":2,"92":2,"93":2,"94":20,"95":1,"96":1,"97":2,"98":48,"99":48,"100":6,"101":42,"102":87,"103":85,"104":2,"105":1},"f":{"0":15,"1":10,"2":10,"3":10,"4":7,"5":99,"6":1,"7":1,"8":1,"9":1,"10":62,"11":7,"12":1,"13":1,"14":1,"15":52,"16":0,"17":2,"18":1,"19":1,"20":1,"21":2,"22":4,"23":40,"24":1,"25":2,"26":4,"27":48,"28":87},"b":{"0":[0,10],"1":[0,7],"2":[0,7],"3":[3,4],"4":[3,0],"5":[2,1],"6":[2,1],"7":[2,13],"8":[1,0],"9":[1,1,1],"10":[7,55],"11":[62,50],"12":[1,0],"13":[1,0],"14":[1,98],"15":[98,26],"16":[25,27],"17":[2,50],"18":[3,49],"19":[1,51],"20":[2,0],"21":[2,1],"22":[51,1],"23":[99,87],"24":[87,11],"25":[87,62],"26":[72,15],"27":[87,15,8,8],"28":[87,2],"29":[6,42],"30":[85,2],"31":[1,1]},"meta":{"lastBranch":32,"lastFunction":29,"lastStatement":106,"seen":{"s:8:0:8:Infinity":0,"f:9:2:9:Infinity":0,"s:10:14:10:Infinity":1,"s:11:2:11:Infinity":2,"s:14:21:14:Infinity":3,"s:15:2:53:Infinity":4,"f:15:8:15:Infinity":1,"s:16:9:16:16":5,"s:17:8:17:24":6,"f:19:18:19:Infinity":2,"b:20:4:20:Infinity:undefined:undefined:undefined:undefined":0,"s:20:4:20:Infinity":7,"s:20:39:20:Infinity":8,"s:21:4:44:Infinity":9,"s:23:28:23:Infinity":10,"s:24:6:24:Infinity":11,"b:25:6:25:Infinity:undefined:undefined:undefined:undefined":1,"s:25:6:25:Infinity":12,"s:25:10:25:Infinity":13,"s:26:14:26:Infinity":14,"b:27:8:27:Infinity:undefined:undefined:undefined:undefined":2,"s:27:8:27:Infinity":15,"s:27:20:27:Infinity":16,"s:28:23:28:Infinity":17,"s:29:14:29:34":18,"s:30:12:30:Infinity":19,"s:32:8:32:Infinity":20,"s:33:8:33:Infinity":21,"b:34:8:34:Infinity:undefined:undefined:undefined:undefined":3,"s:34:8:34:Infinity":22,"s:34:27:34:Infinity":23,"s:35:15:35:Infinity":24,"s:36:8:36:Infinity":25,"s:38:8:38:Infinity":26,"b:40:8:43:Infinity:undefined:undefined:undefined:undefined":4,"s:40:8:43:Infinity":27,"s:41:19:41:Infinity":28,"b:41:19:41:Infinity:41:19:41:Infinity":5,"b:42:6:42:Infinity:undefined:undefined:undefined:undefined":6,"s:42:6:42:Infinity":29,"s:42:29:42:Infinity":30,"s:45:57:46:Infinity":31,"s:46:8:52:Infinity":32,"f:47:6:47:Infinity":3,"s:48:4:48:Infinity":33,"s:50:4:50:Infinity":34,"s:51:4:51:Infinity":35,"b:54:6:58:51:undefined:undefined:undefined:undefined":7,"s:54:6:58:51":36,"s:54:11:58:51":37,"s:58:20:59:56":38,"f:59:9:59:56":4,"s:59:56:59:Infinity":39,"s:60:0:60:Infinity":40,"s:63:15:63:Infinity":41,"s:64:2:64:Infinity":42,"s:65:2:65:Infinity":43,"f:67:14:67:Infinity":5,"s:68:9:68:Infinity":44,"s:69:0:69:Infinity":45,"s:81:36:81:Infinity":46,"s:82:35:82:Infinity":47,"s:83:42:83:Infinity":48,"s:84:23:89:Infinity":49,"f:84:38:84:42":6,"s:85:2:85:Infinity":50,"s:86:2:86:Infinity":51,"s:88:2:88:Infinity":52,"s:90:19:95:Infinity":53,"f:90:35:90:Infinity":7,"s:91:4:91:54":54,"s:92:2:92:Infinity":55,"s:94:2:94:Infinity":56,"s:96:19:105:Infinity":57,"f:96:32:96:Infinity":8,"s:97:4:97:26":58,"s:98:7:98:Infinity":59,"s:100:2:100:Infinity":60,"s:101:4:101:Infinity":61,"b:102:4:104:Infinity:undefined:undefined:undefined:undefined":8,"s:102:4:104:Infinity":62,"b:102:4:102:Infinity:102:22:102:Infinity:102:22:102:Infinity":9,"s:103:4:103:Infinity":63,"s:106:16:110:8":64,"f:106:34:106:Infinity":9,"s:107:4:107:Infinity":65,"s:108:2:108:Infinity":66,"s:111:4:120:Infinity":67,"f:111:4:111:17":10,"s:112:4:112:25":68,"s:113:2:113:Infinity":69,"s:116:2:116:Infinity":70,"b:117:4:119:Infinity:undefined:undefined:undefined:undefined":10,"s:117:4:119:Infinity":71,"b:117:4:117:12:117:13:117:Infinity":11,"s:118:4:118:Infinity":72,"f:118:16:118:Infinity":11,"s:118:16:118:Infinity":73,"s:121:6:129:8":74,"f:122:9:122:14":12,"b:124:4:128:Infinity:undefined:undefined:undefined:undefined":12,"s:124:4:128:Infinity":75,"b:124:4:124:Infinity:124:4:124:Infinity":13,"s:125:6:125:Infinity":76,"s:127:2:127:Infinity":77,"f:127:8:127:22":13,"s:127:8:127:Infinity":78,"s:130:14:130:51":79,"f:130:28:130:31":14,"s:130:36:130:49":80,"b:130:67:138:Infinity:undefined:undefined:undefined:undefined":14,"s:130:67:138:Infinity":81,"s:132:2:138:Infinity":82,"s:138:6:145:Infinity":83,"b:138:6:140:Infinity:140:6:148:9":15,"f:140:6:140:Infinity":15,"s:140:6:150:13":84,"b:148:9:148:23:148:13:148:23":16,"b:148:46:148:53:148:53:148:64":17,"b:148:64:149:25:149:11:149:25":18,"b:150:12:150:13:150:12:150:13":19,"f:150:13:150:Infinity":16,"s:150:13:150:Infinity":85,"f:153:23:153:29":17,"b:154:14:154:Infinity:undefined:undefined:undefined:undefined":20,"s:154:14:154:Infinity":86,"b:154:19:154:Infinity:154:19:154:Infinity":21,"s:154:19:154:Infinity":87,"f:157:14:157:26":18,"s:157:28:157:Infinity":88,"f:158:14:158:28":19,"s:158:28:158:Infinity":89,"f:159:14:159:25":20,"s:159:27:159:Infinity":90,"b:162:44:166:Infinity:166:16:168:63":22,"f:170:15:170:Infinity":21,"s:170:15:170:Infinity":91,"s:171:16:171:Infinity":92,"b:148:8:148:9:148:8:186:9":23,"b:189:12:189:66:189:12:192:Infinity":24,"f:196:15:196:Infinity":22,"s:196:15:196:Infinity":93,"f:204:15:204:Infinity":23,"s:204:15:204:Infinity":94,"b:204:14:204:15:204:14:213:Infinity":25,"f:204:14:204:15":24,"s:204:14:204:15":95,"b:222:21:227:15:227:14:235:Infinity":26,"b:220:10:220:11:220:10:220:11:220:10:220:11:220:10:243:Infinity":27,"f:244:15:244:Infinity":25,"s:244:15:244:Infinity":96,"f:255:15:255:Infinity":26,"s:255:15:255:Infinity":97,"b:243:12:243:Infinity:243:12:267:68":28,"f:145:4:145:Infinity":27,"s:271:4:279:Infinity":98,"b:280:15:281:Infinity:undefined:undefined:undefined:undefined":29,"s:280:15:281:Infinity":99,"s:281:14:281:Infinity":100,"s:281:14:285:108":101,"f:285:9:285:108":28,"b:285:9:285:Infinity:undefined:undefined:undefined:undefined":30,"s:285:9:285:Infinity":102,"s:285:108:285:Infinity":103,"b:286:0:286:Infinity:undefined:undefined:undefined:undefined":31,"s:286:0:286:Infinity":104,"s:288:0:288:Infinity":105}}}
[...]
n":4},"end":{"line":14,"column":null}},"8":{"start":{"line":17,"column":2},"end":{"line":22,"column":null}},"9":{"start":{"line":18,"column":4},"end":{"line":18,"column":null}},"10":{"start":{"line":19,"column":4},"end":{"line":19,"column":null}},"11":{"start":{"line":20,"column":4},"end":{"line":20,"column":null}},"12":{"start":{"line":21,"column":4},"end":{"line":21,"column":null}},"13":{"start":{"line":24,"column":2},"end":{"line":29,"column":null}},"14":{"start":{"line":25,"column":4},"end":{"line":25,"column":null}},"15":{"start":{"line":26,"column":4},"end":{"line":26,"column":null}},"16":{"start":{"line":27,"column":4},"end":{"line":27,"column":null}},"17":{"start":{"line":27,"column":37},"end":{"line":27,"column":59}},"18":{"start":{"line":28,"column":4},"end":{"line":28,"column":null}},"19":{"start":{"line":31,"column":2},"end":{"line":36,"column":null}},"20":{"start":{"line":32,"column":4},"end":{"line":32,"column":null}},"21":{"start":{"line":33,"column":4},"end":{"line":33,"column":null}},"22":{"start":{"line":34,"column":4},"end":{"line":34,"column":null}},"23":{"start":{"line":34,"column":41},"end":{"line":34,"column":63}},"24":{"start":{"line":35,"column":4},"end":{"line":35,"column":null}},"25":{"start":{"line":38,"column":2},"end":{"line":41,"column":null}},"26":{"start":{"line":39,"column":4},"end":{"line":39,"column":null}},"27":{"start":{"line":40,"column":4},"end":{"line":40,"column":null}},"28":{"start":{"line":43,"column":2},"end":{"line":50,"column":null}},"29":{"start":{"line":44,"column":4},"end":{"line":44,"column":null}},"30":{"start":{"line":45,"column":4},"end":{"line":45,"column":null}},"31":{"start":{"line":46,"column":4},"end":{"line":46,"column":null}},"32":{"start":{"line":47,"column":4},"end":{"line":47,"column":null}},"33":{"start":{"line":48,"column":4},"end":{"line":48,"column":null}},"34":{"start":{"line":49,"column":4},"end":{"line":49,"column":null}},"35":{"start":{"line":52,"column":2},"end":{"line":60,"column":null}},"36":{"start":{"line":53,"column":4},"end":{"line":53,"column":null}},"37":{"start":{"line":54,"column":4},"end":{"line":54,"column":null}},"38":{"start":{"line":55,"column":4},"end":{"line":55,"column":null}},"39":{"start":{"line":56,"column":4},"end":{"line":56,"column":null}},"40":{"start":{"line":57,"column":4},"end":{"line":57,"column":null}},"41":{"start":{"line":58,"column":4},"end":{"line":58,"column":null}},"42":{"start":{"line":59,"column":4},"end":{"line":59,"column":null}},"43":{"start":{"line":63,"column":2},"end":{"line":63,"column":null}},"44":{"start":{"line":64,"column":2},"end":{"line":64,"column":null}},"45":{"start":{"line":65,"column":2},"end":{"line":67,"column":null}},"46":{"start":{"line":66,"column":4},"end":{"line":66,"column":null}},"47":{"start":{"line":68,"column":2},"end":{"line":70,"column":null}},"48":{"start":{"line":69,"column":4},"end":{"line":69,"column":null}},"49":{"start":{"line":71,"column":2},"end":{"line":71,"column":null}},"50":{"start":{"line":73,"column":2},"end":{"line":73,"column":null}},"51":{"start":{"line":78,"column":15},"end":{"line":78,"column":null}},"52":{"start":{"line":79,"column":14},"end":{"line":79,"column":null}},"53":{"start":{"line":80,"column":12},"end":{"line":80,"column":null}},"54":{"start":{"line":81,"column":2},"end":{"line":81,"column":null}},"55":{"start":{"line":82,"column":2},"end":{"line":82,"column":null}},"56":{"start":{"line":83,"column":2},"end":{"line":83,"column":null}},"57":{"start":{"line":84,"column":2},"end":{"line":84,"column":null}},"58":{"start":{"line":85,"column":2},"end":{"line":85,"column":null}},"59":{"start":{"line":86,"column":2},"end":{"line":86,"column":null}}},"fnMap":{"0":{"name":"resultToMarkdown","decl":{"start":{"line":4,"column":16},"end":{"line":4,"column":33}},"loc":{"start":{"line":4,"column":83},"end":{"line":74,"column":null}},"line":4},"1":{"name":"(anonymous_1)","decl":{"start":{"line":27,"column":28},"end":{"line":27,"column":29}},"loc":{"start":{"line":27,"column":37},"end":{"line":27,"column":59}},"line":27},"2":{"name":"(anonymous_2)","decl":{"start":{"line":34,"column":32},"end":{"line":34,"column":33}},"loc":{"start":{"line":34,"column":41},"end":{"line":34,"column":63}},"line":34},"3":{"name":"downloadText","decl":{"start":{"line":77,"column":16},"end":{"line":77,"column":29}},"loc":{"start":{"line":77,"column":92},"end":{"line":87,"column":null}},"line":77}},"branchMap":{"0":{"loc":{"start":{"line":10,"column":2},"end":{"line":15,"column":null}},"type":"if","locations":[{"start":{"line":10,"column":2},"end":{"line":15,"column":null}},{"start":{},"end":{}}],"line":10},"1":{"loc":{"start":{"line":17,"column":2},"end":{"line":22,"column":null}},"type":"if","locations":[{"start":{"line":17,"column":2},"end":{"line":22,"column":null}},{"start":{},"end":{}}],"line":17},"2":{"loc":{"start":{"line":24,"column":2},"end":{"line":29,"column":null}},"type":"if","locations":[{"start":{"line":24,"column":2},"end":{"line":29,"column":null}},{"start":{},"end":{}}],"line":24},"3":{"loc":{"start":{"line":31,"column":2},"end":{"line":36,"column":null}},"type":"if","locations":[{"start":{"line":31,"column":2},"end":{"line":36,"column":null}},{"start":{},"end":{}}],"line":31},"4":{"loc":{"start":{"line":38,"column":2},"end":{"line":41,"column":null}},"type":"if","locations":[{"start":{"line":38,"column":2},"end":{"line":41,"column":null}},{"start":{},"end":{}}],"line":38},"5":{"loc":{"start":{"line":43,"column":2},"end":{"line":50,"column":null}},"type":"if","locations":[{"start":{"line":43,"column":2},"end":{"line":50,"column":null}},{"start":{},"end":{}}],"line":43},"6":{"loc":{"start":{"line":43,"column":6},"end":{"line":43,"column":64}},"type":"binary-expr","locations":[{"start":{"line":43,"column":6},"end":{"line":43,"column":24}},{"start":{"line":43,"column":24},"end":{"line":43,"column":64}}],"line":43},"7":{"loc":{"start":{"line":52,"column":2},"end":{"line":60,"column":null}},"type":"if","locations":[{"start":{"line":52,"column":2},"end":{"line":60,"column":null}},{"start":{},"end":{}}],"line":52},"8":{"loc":{"start":{"line":64,"column":23},"end":{"line":64,"column":44}},"type":"binary-expr","locations":[{"start":{"line":64,"column":23},"end":{"line":64,"column":38}},{"start":{"line":64,"column":38},"end":{"line":64,"column":44}}],"line":64},"9":{"loc":{"start":{"line":64,"column":57},"end":{"line":64,"column":82}},"type":"binary-expr","locations":[{"start":{"line":64,"column":57},"end":{"line":64,"column":73}},{"start":{"line":64,"column":73},"end":{"line":64,"column":82}}],"line":64},"10":{"loc":{"start":{"line":64,"column":98},"end":{"line":64,"column":126}},"type":"binary-expr","locations":[{"start":{"line":64,"column":98},"end":{"line":64,"column":117}},{"start":{"line":64,"column":117},"end":{"line":64,"column":126}}],"line":64},"11":{"loc":{"start":{"line":65,"column":2},"end":{"line":67,"column":null}},"type":"if","locations":[{"start":{"line":65,"column":2},"end":{"line":67,"column":null}},{"start":{},"end":{}}],"line":65},"12":{"loc":{"start":{"line":68,"column":2},"end":{"line":70,"column":null}},"type":"if","locations":[{"start":{"line":68,"column":2},"end":{"line":70,"column":null}},{"start":{},"end":{}}],"line":68},"13":{"loc":{"start":{"line":69,"column":27},"end":{"line":69,"column":56}},"type":"binary-expr","locations":[{"start":{"line":69,"column":27},"end":{"line":69,"column":55}},{"start":{"line":69,"column":55},"end":{"line":69,"column":56}}],"line":69},"14":{"loc":{"start":{"line":69,"column":68},"end":{"line":69,"column":98}},"type":"binary-expr","locations":[{"start":{"line":69,"column":68},"end":{"line":69,"column":97}},{"start":{"line":69,"column":97},"end":{"line":69,"column":98}}],"line":69},"15":{"loc":{"start":{"line":77,"column":64},"end":{"line":77,"column":92}},"type":"default-arg","locations":[{"start":{"line":77,"column":75},"end":{"line":77,"column":92}}],"line":77}},"s":{"0":11,"1":11,"2":11,"3":11,"4":10,"5":10,"6":10,"7":10,"8":11,"9":5,"10":5,"11":5,"12":5,"13":11,"14":4,"15":4,"16":4,"17":5,"18":4,"19":11,"20":4,"21":4,"22":4,"23":5,"24":4,"25":11,"26":8,"27":8,"28":11,"29":3,"30":3,"31":3,"32":3,"33":3,"34":3,"35":11,"36":2,"37":2,"38":2,"39":2,"40":2,"41":2,"42":2,"43":11,"44":11,"45":11,"46":7,"47":11,"48":6,"49":11,"50":11,"51":3,"52":3,"53":3,"54":3,"55":3,"56":3,"57":3,"58":3,"59":3},"f":{"0":11,"1":5,"2":5,"3":3},"b":{"0":[10,1],"1":[5,6],"2":[4,7],"3":[4,7],"4":[8,3],"5":[3,8],"6":[11,5],"7":[2,9],"8":[11,0],"9":[11,5],"10":[11,5],"11":[7,4],"12":[6,5],"13":[6,0],"14":[6,0],"15":[3]},"meta":{"lastBranch":16,"lastFunction":4,"lastStatement":60,"seen":{"f:4:16:4:33":0,"s:5:26:5:Infinity":0,"s:7:2:7:Infinity":1,"s:8:2:8:Infinity":2,"b:10:2:15:Infinity:undefined:undefined:undefined:undefined":0,"s:10:2:15:Infinity":3,"s:11:4:11:Infinity":4,"s:12:4:12:Infinity":5,"s:13:4:13:Infinity":6,"s:14:4:14:Infinity":7,"b:17:2:22:Infinity:undefined:undefined:undefined:undefined":1,"s:17:2:22:Infinity":8,"s:18:4:18:Infinity":9,"s:19:4:19:Infinity":10,"s:20:4:20:Infinity":11,"s:21:4:21:Infinity":12,"b:24:2:29:Infinity:undefined:undefined:undefined:undefined":2,"s:24:2:29:Infinity":13,"s:25:4:25:Infinity":14,"s:26:4:26:Infinity":15,"s:27:4:27:Infinity":16,"f:27:28:27:29":1,"s:27:37:27:59":17,"s:28:4:28:Infinity":18,"b:31:2:36:Infinity:undefined:undefined:undefined:undefined":3,"s:31:2:36:Infinity":19,"s:32:4:32:Infinity":20,"s:33:4:33:Infinity":21,"s:34:4:34:Infinity":22,"f:34:32:34:33":2,"s:34:41:34:63":23,"s:35:4:35:Infinity":24,"b:38:2:41:Infinity:undefined:undefined:undefined:undefined":4,"s:38:2:41:Infinity":25,"s:39:4:39:Infinity":26,"s:40:4:40:Infinity":27,"b:43:2:50:Infinity:undefined:undefined:undefined:undefined":5,"s:43:2:50:Infinity":28,"b:43:6:43:24:43:24:43:64":6,"s:44:4:44:Infinity":29,"s:45:4:45:Infinity":30,"s:46:4:46:Infinity":31,"s:47:4:47:Infinity":32,"s:48:4:48:Infinity":33,"s:49:4:49:Infinity":34,"b:52:2:60:Infinity:undefined:undefined:undefined:undefined":7,"s:52:2:60:Infinity":35,"s:53:4:53:Infinity":36,"s:54:4:54:Infinity":37,"s:55:4:55:Infinity":38,"s:56:4:56:Infinity":39,"s:57:4:57:Infinity":40,"s:58:4:58:Infinity":41,"s:59:4:59:Infinity":42,"s:63:2:63:Infinity":43,"s:64:2:64:Infinity":44,"b:64:23:64:38:64:38:64:44":8,"b:64:57:64:73:64:73:64:82":9,"b:64:98:64:117:64:117:64:126":10,"b:65:2:67:Infinity:undefined:undefined:undefined:undefined":11,"s:65:2:67:Infinity":45,"s:66:4:66:Infinity":46,"b:68:2:70:Infinity:undefined:undefined:undefined:undefined":12,"s:68:2:70:Infinity":47,"s:69:4:69:Infinity":48,"b:69:27:69:55:69:55:69:56":13,"b:69:68:69:97:69:97:69:98":14,"s:71:2:71:Infinity":49,"s:73:2:73:Infinity":50,"f:77:16:77:29":3,"b:77:75:77:92":15,"s:78:15:78:Infinity":51,"s:79:14:79:Infinity":52,"s:80:12:80:Infinity":53,"s:81:2:81:Infinity":54,"s:82:2:82:Infinity":55,"s:83:2:83:Infinity":56,"s:84:2:84:Infinity":57,"s:85:2:85:Infinity":58,"s:86:2:86:Infinity":59}}}
,"/Users/soumitlahiri/Documents/Project/coldbones/frontend/src/utils/validation.ts": {"path":"/Users/soumitlahiri/Documents/Project/coldbones/frontend/src/utils/validation.ts","statementMap":{"0":{"start":{"line":1,"column":29},"end":{"line":8,"column":null}},"1":{"start":{"line":10,"column":26},"end":{"line":10,"column":null}},"2":{"start":{"line":12,"column":25},"end":{"line":12,"column":null}},"3":{"start":{"line":13,"column":28},"end":{"line":13,"column":null}},"4":{"start":{"line":14,"column":28},"end":{"line":14,"column":null}},"5":{"start":{"line":15,"column":28},"end":{"line":15,"column":null}},"6":{"start":{"line":16,"column":29},"end":{"line":16,"column":null}},"7":{"start":{"line":25,"column":2},"end":{"line":26,"column":null}},"8":{"start":{"line":31,"column":2},"end":{"line":31,"column":null}},"9":{"start":{"line":36,"column":2},"end":{"line":36,"column":null}},"10":{"start":{"line":41,"column":2},"end":{"line":43,"column":null}},"11":{"start":{"line":42,"column":4},"end":{"line":42,"column":null}},"12":{"start":{"line":44,"column":2},"end":{"line":46,"column":null}},"13":{"start":{"line":45,"column":4},"end":{"line":45,"column":null}},"14":{"start":{"line":47,"column":2},"end":{"line":47,"column":null}},"15":{"start":{"line":55,"column":2},"end":{"line":55,"column":null}},"16":{"start":{"line":55,"column":20},"end":{"line":55,"column":null}},"17":{"start":{"line":56,"column":2},"end":{"line":72,"column":11}},"18":{"start":{"line":58,"column":21},"end":{"line":58,"column":null}},"19":{"start":{"line":59,"column":4},"end":{"line":59,"column":null}},"20":{"start":{"line":60,"column":6},"end":{"line":60,"column":null}},"21":{"start":{"line":61,"column":6},"end":{"line":61,"column":null}},"22":{"start":{"line":62,"column":6},"end":{"line":62,"column":null}},"23":{"start":{"line":64,"column":4},"end":{"line":64,"column":null}},"24":{"start":{"line":65,"column":4},"end":{"line":67,"column":null}},"25":{"start":{"line":66,"column":4},"end":{"line":66,"column":null}},"26":{"start":{"line":69,"column":4},"end":{"line":69,"column":null}},"27":{"start":{"line":71,"column":4},"end":{"line":71,"column":null}},"28":{"start":{"line":76,"column":2},"end":{"line":76,"column":null}},"29":{"start":{"line":77,"column":0},"end":{"line":77,"column":null}},"30":{"start":{"line":80,"column":7},"end":{"line":85,"column":null}},"31":{"start":{"line":81,"column":2},"end":{"line":85,"column":16}},"32":{"start":{"line":86,"column":19},"end":{"line":93,"column":null}},"33":{"start":{"line":88,"column":5},"end":{"line":88,"column":null}},"34":{"start":{"line":89,"column":2},"end":{"line":92,"column":null}},"35":{"start":{"line":91,"column":2},"end":{"line":91,"column":null}},"36":{"start":{"line":94,"column":6},"end":{"line":94,"column":42}},"37":{"start":{"line":98,"column":9},"end":{"line":98,"column":null}},"38":{"start":{"line":99,"column":0},"end":{"line":103,"column":null}},"39":{"start":{"line":102,"column":7},"end":{"line":102,"column":null}},"40":{"start":{"line":104,"column":2},"end":{"line":104,"column":null}},"41":{"start":{"line":106,"column":2},"end":{"line":114,"column":null}}},"fnMap":{"0":{"name":"isAcceptedType","decl":{"start":{"line":24,"column":16},"end":{"line":24,"column":31}},"loc":{"start":{"line":24,"column":52},"end":{"line":27,"column":null}},"line":24},"1":{"name":"isImage","decl":{"start":{"line":30,"column":16},"end":{"line":30,"column":24}},"loc":{"start":{"line":30,"column":45},"end":{"line":32,"column":null}},"line":30},"2":{"name":"isPdf","decl":{"start":{"line":35,"column":16},"end":{"line":35,"column":22}},"loc":{"start":{"line":35,"column":43},"end":{"line":37,"column":null}},"line":35},"3":{"name":"validateFile","decl":{"start":{"line":40,"column":16},"end":{"line":40,"column":29}},"loc":{"start":{"line":40,"column":56},"end":{"line":48,"column":null}},"line":40},"4":{"name":"validatePdfPageCount","decl":{"start":{"line":54,"column":22},"end":{"line":54,"column":43}},"loc":{"start":{"line":54,"column":79},"end":{"line":72,"column":null}},"line":54},"5":{"name":"validateBatch","decl":{"start":{"line":75,"column":11},"end":{"line":75,"column":null}},"loc":{"start":{"line":75,"column":11},"end":{"line":94,"column":null}},"line":75},"6":{"name":"validateBatchSize","decl":{"start":{"line":96,"column":2},"end":{"line":96,"column":null}},"loc":{"start":{"line":96,"column":2},"end":{"line":105,"column":null}},"line":96}},"branchMap":{"0":{"loc":{"start":{"line":25,"column":9},"end":{"line":26,"column":null}},"type":"binary-expr","locations":[{"start":{"line":25,"column":9},"end":{"line":25,"column":null}},{"start":{"line":26,"column":7},"end":{"line":26,"column":null}}],"line":25},"1":{"loc":{"start":{"line":41,"column":2},"end":{"line":43,"column":null}},"type":"if","locations":[{"start":{"line":41,"column":2},"end":{"line":43,"column":null}},{"start":{},"end":{}}],"line":41},"2":{"loc":{"start":{"line":42,"column":37},"end":{"line":42,"column":59}},"type":"binary-expr","locations":[{"start":{"line":42,"column":37},"end":{"line":42,"column":50}},{"start":{"line":42,"column":50},"end":{"line":42,"column":59}}],"line":42},"3":{"loc":{"start":{"line":44,"column":2},"end":{"line":46,"column":null}},"type":"if","locations":[{"start":{"line":44,"column":2},"end":{"line":46,"column":null}},{"start":{},"end":{}}],"line":44},"4":{"loc":{"start":{"line":55,"column":2},"end":{"line":55,"column":null}},"type":"if","locations":[{"start":{"line":55,"column":2},"end":{"line":55,"column":null}},{"start":{},"end":{}}],"line":55},"5":{"loc":{"start":{"line":65,"column":4},"end":{"line":67,"column":null}},"type":"if","locations":[{"start":{"line":65,"column":4},"end":{"line":67,"column":null}},{"start":{},"end":{}}],"line":65},"6":{"loc":{"start":{"line":76,"column":2},"end":{"line":76,"column":null}},"type":"cond-expr","locations":[{"start":{"line":76,"column":2},"end":{"line":76,"column":null}},{"start":{"line":76,"column":2},"end":{"line":76,"column":null}}],"line":76},"7":{"loc":{"start":{"line":80,"column":7},"end":{"line":85,"column":null}},"type":"if","locations":[{"start":{"line":80,"column":7},"end":{"line":85,"column":null}},{"start":{},"end":{}}],"line":80},"8":{"loc":{"start":{"line":89,"column":2},"end":{"line":92,"column":null}},"type":"if","locations":[{"start":{"line":89,"column":2},"end":{"line":92,"column":null}},{"start":{},"end":{}}],"line":89},"9":{"loc":{"start":{"line":98,"column":9},"end":{"line":98,"column":null}},"type":"cond-expr","locations":[{"start":{"line":98,"column":9},"end":{"line":98,"column":null}},{"start":{"line":98,"column":9},"end":{"line":98,"column":null}}],"line":98},"10":{"loc":{"start":{"line":99,"column":0},"end":{"line":103,"column":null}},"type":"if","locations":[{"start":{"line":99,"column":0},"end":{"line":103,"column":null}},{"start":{},"end":{}}],"line":99}},"s":{"0":9,"1":9,"2":9,"3":9,"4":9,"5":9,"6":9,"7":118,"8":279,"9":8,"10":108,"11":3,"12":105,"13":3,"14":102,"15":6,"16":1,"17":5,"18":5,"19":5,"20":5,"21":5,"22":2,"23":2,"24":2,"25":1,"26":1,"27":3,"28":8,"29":8,"30":8,"31":3,"32":8,"33":101,"34":101,"35":2,"36":8,"37":5,"38":5,"39":2,"40":3,"41":9},"f":{"0":118,"1":279,"2":8,"3":108,"4":6,"5":8,"6":5},"b":{"0":[118,8],"1":[3,105],"2":[3,1],"3":[3,102],"4":[1,5],"5":[1,1],"6":[5,3],"7":[3,5],"8":[2,99],"9":[3,2],"10":[2,3]},"meta":{"lastBranch":11,"lastFunction":7,"lastStatement":42,"seen":{"s:1:29:8:Infinity":0,"s:10:26:10:Infinity":1,"s:12:25:12:Infinity":2,"s:13:28:13:Infinity":3,"s:14:28:14:Infinity":4,"s:15:28:15:Infinity":5,"s:16:29:16:Infinity":6,"f:24:16:24:31":0,"s:25:2:26:Infinity":7,"b:25:9:25:Infinity:26:7:26:Infinity":0,"f:30:16:30:24":1,"s:31:2:31:Infinity":8,"f:35:16:35:22":2,"s:36:2:36:Infinity":9,"f:40:16:40:29":3,"b:41:2:43:Infinity:undefined:undefined:undefined:undefined":1,"s:41:2:43:Infinity":10,"s:42:4:42:Infinity":11,"b:42:37:42:50:42:50:42:59":2,"b:44:2:46:Infinity:undefined:undefined:undefined:undefined":3,"s:44:2:46:Infinity":12,"s:45:4:45:Infinity":13,"s:47:2:47:Infinity":14,"f:54:22:54:43":4,"b:55:2:55:Infinity:undefined:undefined:undefined:undefined":4,"s:55:2:55:Infinity":15,"s:55:20:55:Infinity":16,"s:56:2:72:11":17,"s:58:21:58:Infinity":18,"s:59:4:59:Infinity":19,"s:60:6:60:Infinity":20,"s:61:6:61:Infinity":21,"s:62:6:62:Infinity":22,"s:64:4:64:Infinity":23,"b:65:4:67:Infinity:undefined:undefined:undefined:undefined":5,"s:65:4:67:Infinity":24,"s:66:4:66:Infinity":25,"s:69:4:69:Infinity":26,"s:71:4:71:Infinity":27,"f:75:11:75:Infinity":5,"s:76:2:76:Infinity":28,"b:76:2:76:Infinity:76:2:76:Infinity":6,"s:77:0:77:Infinity":29,"b:80:7:85:Infinity:undefined:undefined:undefined:undefined":7,"s:80:7:85:Infinity":30,"s:81:2:85:16":31,"s:86:19:93:Infinity":32,"s:88:5:88:Infinity":33,"b:89:2:92:Infinity:undefined:undefined:undefined:undefined":8,"s:89:2:92:Infinity":34,"s:91:2:91:Infinity":35,"s:94:6:94:42":36,"f:96:2:96:Infinity":6,"s:98:9:98:Infinity":37,"b:98:9:98:Infinity:98:9:98:Infinity":9,"b:99:0:103:Infinity:undefined:undefined:undefined:undefined":10,"s:99:0:103:Infinity":38,"s:102:7:102:Infinity":39,"s:104:2:104:Infinity":40,"s:106:2:114:Infinity":41}}}
}
