TN:
SF:src/App.tsx
FN:26,useHealthCheck
FN:39,checkHealth
FN:95,AppContent
FN:266,StatusIndicator
FN:303,App
FNF:5
FNH:5
FNDA:25,useHealthCheck
FNDA:5,checkHealth
FNDA:25,AppContent
FNDA:22,StatusIndicator
FNDA:5,App
DA:1,1
DA:26,25
DA:27,25
DA:28,25
DA:29,25
DA:30,25
DA:31,25
DA:32,25
DA:33,25
DA:35,25
DA:36,5
DA:37,5
DA:39,5
DA:40,5
DA:41,5
DA:42,5
DA:43,5
DA:44,5
DA:45,5
DA:46,5
DA:48,5
DA:49,5
DA:50,5
DA:51,5
DA:52,5
DA:53,5
DA:54,5
DA:55,5
DA:56,5
DA:57,5
DA:58,5
DA:59,5
DA:60,0
DA:61,0
DA:62,0
DA:63,0
DA:64,0
DA:65,0
DA:66,0
DA:67,0
DA:68,0
DA:69,0
DA:70,5
DA:71,0
DA:72,0
DA:73,0
DA:74,0
DA:75,0
DA:76,0
DA:77,0
DA:78,0
DA:79,0
DA:80,0
DA:82,5
DA:83,5
DA:84,5
DA:85,5
DA:86,5
DA:88,5
DA:89,5
DA:90,25
DA:92,25
DA:93,25
DA:95,25
DA:96,25
DA:97,25
DA:98,25
DA:99,25
DA:100,25
DA:101,25
DA:102,25
DA:103,25
DA:104,25
DA:105,25
DA:107,25
DA:108,7
DA:109,1
DA:110,1
DA:111,0
DA:112,1
DA:113,7
DA:114,6
DA:115,1
DA:116,1
DA:117,1
DA:118,6
DA:119,7
DA:120,7
DA:121,7
DA:122,25
DA:124,25
DA:125,13
DA:126,0
DA:127,0
DA:128,13
DA:129,7
DA:130,7
DA:131,25
DA:133,25
DA:134,4
DA:135,4
DA:136,4
DA:137,4
DA:138,4
DA:139,25
DA:141,25
DA:142,1
DA:143,1
DA:144,1
DA:145,1
DA:146,1
DA:147,25
DA:149,25
DA:150,3
DA:151,3
DA:152,3
DA:153,3
DA:155,3
DA:156,3
DA:157,1
DA:158,1
DA:159,1
DA:161,2
DA:163,3
DA:164,1
DA:165,1
DA:166,1
DA:167,2
DA:168,1
DA:169,1
DA:170,25
DA:172,25
DA:173,1
DA:174,1
DA:175,1
DA:176,1
DA:177,1
DA:178,25
DA:180,25
DA:181,25
DA:182,25
DA:183,25
DA:184,25
DA:185,25
DA:186,25
DA:187,25
DA:189,25
DA:190,25
DA:191,25
DA:193,25
DA:194,25
DA:195,25
DA:196,25
DA:197,25
DA:198,25
DA:199,25
DA:200,25
DA:201,25
DA:202,25
DA:203,25
DA:204,25
DA:205,25
DA:207,25
DA:208,25
DA:209,25
DA:211,25
DA:212,10
DA:213,10
DA:214,10
DA:215,10
DA:216,10
DA:217,10
DA:219,10
DA:220,3
DA:221,7
DA:222,10
DA:223,10
DA:224,10
DA:225,10
DA:226,10
DA:228,10
DA:229,10
DA:230,10
DA:233,25
DA:234,1
DA:235,1
DA:236,1
DA:237,1
DA:240,25
DA:241,25
DA:242,25
DA:243,25
DA:244,25
DA:245,25
DA:246,25
DA:248,25
DA:249,25
DA:250,11
DA:252,14
DA:253,14
DA:254,14
DA:255,14
DA:256,14
DA:257,14
DA:258,14
DA:260,25
DA:261,25
DA:262,25
DA:264,25
DA:266,22
DA:267,22
DA:269,22
DA:270,22
DA:271,22
DA:272,22
DA:273,22
DA:274,22
DA:275,22
DA:276,22
DA:277,22
DA:278,22
DA:279,22
DA:280,22
DA:281,22
DA:282,0
DA:283,22
DA:284,22
DA:285,22
DA:287,22
DA:289,22
DA:290,22
DA:291,22
DA:292,22
DA:293,22
DA:294,22
DA:296,22
DA:297,22
DA:298,22
DA:299,22
DA:301,22
DA:303,5
DA:304,5
DA:305,5
DA:306,5
DA:307,5
DA:308,5
DA:309,5
DA:311,5
LF:248
LH:224
BRDA:26,0,0,25
BRDA:35,1,0,5
BRDA:39,2,0,5
BRDA:52,3,0,4
BRDA:52,4,0,1
BRDA:54,5,0,1
BRDA:59,6,0,0
BRDA:70,7,0,0
BRDA:83,8,0,0
BRDA:89,9,0,5
BRDA:95,10,0,25
BRDA:180,11,0,15
BRDA:181,12,0,10
BRDA:181,13,0,9
BRDA:181,14,0,15
BRDA:182,15,0,2
BRDA:182,16,0,23
BRDA:187,17,0,23
BRDA:211,18,0,10
BRDA:216,19,0,7
BRDA:216,20,0,7
BRDA:216,21,0,7
BRDA:219,22,0,3
BRDA:220,23,0,1
BRDA:220,24,0,2
BRDA:220,25,0,7
BRDA:233,26,0,1
BRDA:249,27,0,11
BRDA:250,28,0,14
BRDA:254,29,0,2
BRDA:255,30,0,2
BRDA:107,31,0,7
BRDA:108,32,0,1
BRDA:113,33,0,6
BRDA:114,34,0,1
BRDA:119,35,0,7
BRDA:120,36,0,1
BRDA:124,37,0,13
BRDA:125,38,0,6
BRDA:125,39,0,0
BRDA:128,40,0,7
BRDA:133,41,0,4
BRDA:141,42,0,1
BRDA:145,43,0,0
BRDA:144,44,0,1
BRDA:149,45,0,3
BRDA:153,46,0,0
BRDA:156,47,0,1
BRDA:159,48,0,2
BRDA:163,49,0,1
BRDA:151,50,0,13
BRDA:166,51,0,2
BRDA:172,52,0,1
BRDA:180,53,0,10
BRDA:182,54,0,2
BRDA:184,55,0,30
BRDA:186,56,0,30
BRDA:266,57,0,22
BRDA:273,58,0,17
BRDA:273,59,0,5
BRDA:281,60,0,0
BRDA:294,61,0,17
BRDA:294,62,0,5
BRDA:298,63,0,17
BRDA:303,64,0,5
BRF:65
BRH:58
end_of_record
TN:
SF:src/main.tsx
FNF:0
FNH:0
DA:1,1
DA:2,1
DA:3,1
DA:5,1
DA:6,1
DA:7,1
DA:8,1
DA:9,1
LF:8
LH:8
BRF:0
BRH:0
end_of_record
TN:
SF:src/components/AnalysisPanel.tsx
FN:13,AnalysisPanel
FN:58,onClick
FNF:2
FNH:2
FNDA:18,AnalysisPanel
FNDA:1,onClick
DA:1,1
DA:13,1
DA:14,18
DA:15,18
DA:17,18
DA:18,1
DA:19,1
DA:20,1
DA:21,1
DA:22,1
DA:24,1
DA:26,18
DA:27,2
DA:28,2
DA:29,2
DA:30,2
DA:31,2
DA:32,2
DA:33,2
DA:34,2
DA:35,2
DA:36,2
DA:37,2
DA:39,2
DA:41,18
DA:42,11
DA:43,11
DA:44,11
DA:45,11
DA:46,11
DA:47,11
DA:49,11
DA:51,4
DA:52,4
DA:54,4
DA:55,3
DA:56,3
DA:57,3
DA:58,3
DA:59,3
DA:60,3
DA:62,3
DA:63,3
DA:64,3
DA:65,3
DA:66,3
DA:67,3
DA:68,3
DA:69,3
DA:70,3
DA:71,1
DA:73,3
DA:76,18
DA:77,18
DA:78,18
DA:79,18
DA:81,18
DA:82,4
DA:83,4
DA:84,4
DA:85,4
DA:86,7
DA:87,4
DA:88,4
DA:89,4
DA:92,18
DA:93,18
DA:94,18
DA:95,18
DA:97,18
DA:98,2
DA:99,2
DA:100,2
DA:101,2
DA:104,18
DA:105,18
DA:106,18
DA:107,18
DA:108,2
DA:109,2
DA:110,2
DA:112,18
DA:113,18
DA:115,18
LF:84
LH:84
BRDA:13,0,0,18
BRDA:17,1,0,1
BRDA:24,2,0,17
BRDA:26,3,0,2
BRDA:39,4,0,15
BRDA:41,5,0,11
BRDA:49,6,0,15
BRDA:49,7,0,4
BRDA:54,8,0,3
BRDA:62,9,0,1
BRDA:62,10,0,2
BRDA:70,11,0,1
BRDA:81,12,0,4
BRDA:97,13,0,3
BRDA:97,14,0,2
BRDA:97,15,0,2
BRDA:105,16,0,4
BRDA:105,17,0,0
BRDA:107,18,0,2
BRDA:58,19,0,1
BRDA:85,20,0,7
BRF:21
BRH:20
end_of_record
TN:
SF:src/components/FilePreview.tsx
FN:8,PdfCanvas
FN:19,render
FN:59,getPdfPageCount
FN:67,FilePreview
FN:119,onClick
FN:122,onKeyDown
FN:134,onClick
FN:160,onClick
FN:168,onClick
FN:168,onClick
FN:208,onClick
FN:219,onClick
FN:114,StatusBadge
FN:249,formatSize
FNF:14
FNH:10
FNDA:4,PdfCanvas
FNDA:2,render
FNDA:1,getPdfPageCount
FNDA:7,FilePreview
FNDA:1,onClick
FNDA:0,onKeyDown
FNDA:1,onClick
FNDA:0,onClick
FNDA:0,onClick
FNDA:1,onClick
FNDA:0,onClick
FNDA:1,onClick
FNDA:2,StatusBadge
FNDA:6,formatSize
DA:1,1
DA:8,1
DA:9,4
DA:10,4
DA:11,4
DA:14,4
DA:15,4
DA:16,2
DA:17,2
DA:19,2
DA:20,2
DA:21,2
DA:23,2
DA:24,2
DA:25,2
DA:26,2
DA:27,2
DA:28,2
DA:29,2
DA:30,2
DA:32,2
DA:33,2
DA:34,2
DA:35,2
DA:36,2
DA:38,2
DA:39,2
DA:40,0
DA:41,0
DA:42,0
DA:43,0
DA:44,0
DA:45,2
DA:46,2
DA:47,2
DA:48,2
DA:50,2
DA:51,2
DA:52,2
DA:53,4
DA:54,4
DA:55,0
DA:56,0
DA:58,4
DA:59,1
DA:60,1
DA:63,1
DA:64,1
DA:65,1
DA:66,1
DA:67,1
DA:68,7
DA:69,7
DA:79,7
DA:80,7
DA:81,4
DA:82,4
DA:85,4
DA:86,4
DA:87,1
DA:88,1
DA:89,7
DA:90,7
DA:91,7
DA:92,1
DA:93,1
DA:94,1
DA:96,1
DA:97,1
DA:98,7
DA:99,7
DA:100,7
DA:101,1
DA:103,1
DA:105,1
DA:106,1
DA:107,1
DA:108,6
DA:109,6
DA:111,2
DA:113,2
DA:114,2
DA:116,2
DA:117,2
DA:119,2
DA:120,2
DA:121,2
DA:122,2
DA:123,2
DA:124,2
DA:125,2
DA:126,2
DA:127,2
DA:129,2
DA:130,2
DA:132,2
DA:134,2
DA:135,2
DA:136,2
DA:137,2
DA:138,2
DA:139,2
DA:141,2
DA:142,2
DA:143,2
DA:144,2
DA:145,2
DA:149,2
DA:150,2
DA:151,2
DA:152,2
DA:153,2
DA:154,2
DA:155,2
DA:156,2
DA:157,2
DA:158,2
DA:160,2
DA:161,2
DA:162,2
DA:163,2
DA:164,2
DA:165,2
DA:167,2
DA:168,2
DA:169,2
DA:170,2
DA:171,2
DA:172,2
DA:173,2
DA:175,2
DA:176,2
DA:177,2
DA:179,2
DA:181,2
DA:182,2
DA:184,2
DA:185,2
DA:186,2
DA:187,2
DA:188,2
DA:190,2
DA:191,2
DA:192,2
DA:193,2
DA:194,2
DA:195,2
DA:196,2
DA:197,2
DA:199,2
DA:200,2
DA:201,2
DA:203,2
DA:206,2
DA:207,2
DA:208,2
DA:209,2
DA:210,2
DA:211,2
DA:212,2
DA:213,2
DA:215,2
DA:216,2
DA:217,2
DA:218,2
DA:219,2
DA:220,2
DA:221,2
DA:222,2
DA:223,2
DA:224,2
DA:226,2
DA:227,2
DA:230,2
DA:231,2
DA:233,2
DA:235,2
DA:237,2
DA:239,2
DA:240,2
DA:241,2
DA:242,2
DA:243,2
DA:244,2
DA:245,2
DA:246,2
DA:247,2
DA:248,2
DA:249,1
DA:250,4
DA:252,4
DA:253,4
LF:192
LH:185
BRDA:8,0,0,4
BRDA:54,1,0,0
BRDA:15,2,0,2
BRDA:19,3,0,2
BRDA:20,4,0,0
BRDA:25,5,0,0
BRDA:27,6,0,0
BRDA:34,7,0,1
BRDA:39,8,0,0
BRDA:47,9,0,2
BRDA:59,10,0,1
BRDA:67,11,0,7
BRDA:89,12,0,6
BRDA:100,13,0,1
BRDA:107,14,0,6
BRDA:109,15,0,1
BRDA:117,16,0,6
BRDA:153,17,0,1
BRDA:168,18,0,5
BRDA:186,19,0,2
BRDA:191,20,0,4
BRDA:184,21,0,4
BRDA:184,22,0,3
BRDA:184,23,0,3
BRDA:207,24,0,0
BRDA:80,25,0,4
BRDA:86,26,0,3
BRDA:86,27,0,1
BRDA:87,28,0,1
BRDA:91,29,0,1
BRDA:93,30,0,0
BRDA:96,31,0,1
BRDA:109,32,0,2
BRDA:117,33,0,1
BRDA:117,34,0,1
BRDA:117,35,0,1
BRDA:117,36,0,1
BRDA:126,37,0,1
BRDA:130,38,0,1
BRDA:119,39,0,1
BRDA:134,40,0,1
BRDA:168,41,0,1
BRDA:219,42,0,1
BRDA:219,43,0,1
BRDA:114,44,0,2
BRDA:245,45,0,0
BRDA:249,46,0,6
BRDA:249,47,0,0
BRDA:250,48,0,2
BRDA:250,49,0,4
BRF:50
BRH:41
end_of_record
TN:
SF:src/components/JobTracker.tsx
FN:9,JobTracker
FN:47,onClick
FN:50,onKeyDown
FN:93,onClick
FN:107,statusIcon
FN:116,StatusBadge
FNF:6
FNH:5
FNDA:14,JobTracker
FNDA:1,onClick
FNDA:0,onKeyDown
FNDA:1,onClick
FNDA:6,statusIcon
FNDA:6,StatusBadge
DA:1,1
DA:9,1
DA:10,14
DA:12,14
DA:13,9
DA:14,9
DA:15,9
DA:18,9
DA:19,9
DA:20,9
DA:21,9
DA:22,9
DA:23,9
DA:25,9
DA:27,5
DA:28,5
DA:29,5
DA:31,5
DA:32,5
DA:33,5
DA:34,5
DA:35,5
DA:36,14
DA:37,14
DA:38,14
DA:39,14
DA:40,14
DA:42,14
DA:43,14
DA:44,6
DA:45,6
DA:46,6
DA:47,6
DA:48,6
DA:49,6
DA:50,6
DA:51,6
DA:53,6
DA:54,6
DA:55,6
DA:56,6
DA:57,6
DA:58,6
DA:59,6
DA:60,3
DA:62,6
DA:63,6
DA:65,6
DA:66,2
DA:67,2
DA:68,2
DA:71,6
DA:72,1
DA:75,6
DA:76,1
DA:77,1
DA:78,1
DA:79,1
DA:80,1
DA:81,1
DA:82,1
DA:83,1
DA:84,1
DA:87,6
DA:88,6
DA:89,6
DA:90,6
DA:91,6
DA:92,6
DA:93,6
DA:94,6
DA:95,6
DA:96,6
DA:98,6
DA:99,6
DA:100,6
DA:101,14
DA:102,14
DA:103,14
DA:105,14
DA:107,6
DA:108,6
DA:109,6
DA:110,6
DA:111,6
DA:112,6
DA:113,6
DA:114,6
DA:116,6
DA:117,6
DA:118,6
DA:119,6
DA:120,6
DA:121,6
DA:122,6
DA:123,6
DA:125,6
LF:97
LH:97
BRDA:9,0,0,14
BRDA:12,1,0,9
BRDA:25,2,0,5
BRDA:36,3,0,3
BRDA:37,4,0,2
BRDA:38,5,0,1
BRDA:27,6,0,6
BRDA:28,7,0,6
BRDA:29,8,0,6
BRDA:43,9,0,6
BRDA:59,10,0,3
BRDA:59,11,0,3
BRDA:60,12,0,1
BRDA:60,13,0,2
BRDA:65,14,0,2
BRDA:71,15,0,1
BRDA:71,16,0,1
BRDA:75,17,0,3
BRDA:75,18,0,3
BRDA:75,19,0,1
BRDA:89,20,0,4
BRDA:89,21,0,2
BRDA:47,22,0,1
BRDA:47,23,0,0
BRDA:93,24,0,1
BRDA:107,25,0,6
BRDA:109,26,0,2
BRDA:110,27,0,3
BRDA:111,28,0,1
BRDA:112,29,0,0
BRDA:116,30,0,6
BRF:31
BRH:29
end_of_record
TN:
SF:src/components/LanguagePicker.tsx
FN:9,LanguagePicker
FN:18,handler
FN:30,handler
FN:67,onClick
FN:83,onClick
FNF:5
FNH:5
FNDA:31,LanguagePicker
FNDA:1,handler
FNDA:1,handler
FNDA:1,onClick
FNDA:3,onClick
DA:1,1
DA:9,1
DA:10,31
DA:11,31
DA:12,31
DA:13,31
DA:16,31
DA:17,14
DA:18,3
DA:19,1
DA:20,1
DA:21,1
DA:22,1
DA:23,3
DA:24,3
DA:25,31
DA:28,31
DA:29,14
DA:30,3
DA:31,1
DA:32,1
DA:33,3
DA:34,3
DA:35,31
DA:37,31
DA:38,1
DA:39,1
DA:40,31
DA:43,31
DA:44,31
DA:46,31
DA:47,31
DA:49,31
DA:50,31
DA:51,124
DA:52,124
DA:53,124
DA:54,124
DA:56,124
DA:58,124
DA:59,124
DA:60,124
DA:61,124
DA:62,124
DA:63,124
DA:64,124
DA:65,124
DA:66,124
DA:67,124
DA:68,124
DA:69,124
DA:70,124
DA:72,124
DA:73,124
DA:74,124
DA:75,124
DA:77,31
DA:78,31
DA:81,31
DA:82,31
DA:83,31
DA:84,31
DA:85,31
DA:86,31
DA:87,31
DA:89,31
DA:90,31
DA:91,31
DA:92,31
DA:94,31
LF:70
LH:70
BRDA:9,0,0,31
BRDA:13,1,0,0
BRDA:49,2,0,3
BRDA:49,3,0,28
BRDA:13,4,0,45
BRDA:16,5,0,14
BRDA:17,6,0,11
BRDA:17,7,0,3
BRDA:18,8,0,1
BRDA:24,9,0,3
BRDA:28,10,0,14
BRDA:29,11,0,11
BRDA:29,12,0,3
BRDA:30,13,0,1
BRDA:34,14,0,3
BRDA:37,15,0,1
BRDA:50,16,0,124
BRDA:61,17,0,31
BRDA:61,18,0,93
BRDA:70,19,0,12
BRDA:70,20,0,112
BRDA:67,21,0,1
BRDA:83,22,0,3
BRDA:83,23,0,3
BRF:24
BRH:23
end_of_record
TN:
SF:src/components/ModeToggle.tsx
FN:8,ModeToggle
FN:11,handleToggle
FN:19,onClick
FN:29,onClick
FNF:4
FNH:3
FNDA:25,ModeToggle
FNDA:2,handleToggle
FNDA:0,onClick
FNDA:2,onClick
DA:1,1
DA:8,1
DA:9,25
DA:11,25
DA:12,2
DA:13,2
DA:15,25
DA:16,25
DA:17,25
DA:18,25
DA:19,25
DA:20,25
DA:21,25
DA:22,25
DA:24,25
DA:25,25
DA:26,25
DA:27,25
DA:28,25
DA:29,25
DA:30,25
DA:31,25
DA:32,25
DA:34,25
DA:35,25
DA:36,25
DA:37,25
DA:39,25
LF:28
LH:28
BRDA:8,0,0,25
BRDA:16,1,0,3
BRDA:16,2,0,22
BRDA:18,3,0,14
BRDA:18,4,0,11
BRDA:28,5,0,11
BRDA:28,6,0,14
BRDA:11,7,0,2
BRDA:29,8,0,2
BRF:9
BRH:9
end_of_record
TN:
SF:src/components/UploadZone.tsx
FN:11,UploadZone
FNF:1
FNH:1
FNDA:2,UploadZone
DA:1,1
DA:11,1
DA:12,2
DA:14,2
DA:15,1
DA:16,1
DA:17,1
DA:18,2
DA:20,2
DA:21,2
DA:22,2
DA:23,2
DA:24,2
DA:25,2
DA:27,2
DA:28,2
DA:29,2
DA:30,2
DA:31,2
DA:32,2
DA:33,2
DA:35,2
DA:36,2
DA:37,2
DA:38,2
DA:39,2
DA:40,2
DA:41,2
DA:42,2
DA:43,2
DA:44,2
DA:45,2
DA:46,2
DA:47,2
DA:48,2
DA:49,2
DA:50,2
DA:52,2
LF:38
LH:38
BRDA:11,0,0,2
BRDA:30,1,0,1
BRDA:30,2,0,1
BRDA:30,3,0,0
BRDA:32,4,0,1
BRDA:32,5,0,1
BRDA:38,6,0,1
BRDA:38,7,0,1
BRDA:41,8,0,1
BRDA:41,9,0,1
BRDA:14,10,0,1
BRF:11
BRH:10
end_of_record
TN:
SF:src/contexts/LanguageContext.tsx
FN:12,LanguageProvider
FN:27,setLang
FN:42,useLanguage
FNF:3
FNH:3
FNDA:20,LanguageProvider
FNDA:3,setLang
FNDA:105,useLanguage
DA:1,1
DA:10,1
DA:12,1
DA:13,20
DA:14,17
DA:15,17
DA:16,12
DA:17,12
DA:18,12
DA:19,5
DA:20,20
DA:22,20
DA:23,20
DA:24,20
DA:25,20
DA:27,20
DA:28,3
DA:29,3
DA:30,1
DA:31,3
DA:33,20
DA:35,20
DA:36,20
DA:37,20
DA:38,20
DA:40,20
DA:42,1
DA:43,105
DA:44,105
DA:45,102
DA:46,102
LF:31
LH:31
BRDA:12,0,0,20
BRDA:33,1,0,0
BRDA:13,2,0,17
BRDA:15,3,0,15
BRDA:15,4,0,12
BRDA:17,5,0,3
BRDA:17,6,0,2
BRDA:17,7,0,0
BRDA:18,8,0,5
BRDA:22,9,0,20
BRDA:27,10,0,3
BRDA:29,11,0,2
BRDA:29,12,0,1
BRDA:42,13,0,105
BRDA:44,14,0,2
BRDA:44,15,0,102
BRF:16
BRH:14
end_of_record
TN:
SF:src/contexts/ModeContext.tsx
FN:11,ModeProvider
FN:17,setMode
FN:33,useMode
FNF:3
FNH:3
FNDA:12,ModeProvider
FNDA:3,setMode
FNDA:56,useMode
DA:1,1
DA:9,1
DA:11,1
DA:12,12
DA:13,9
DA:14,9
DA:15,12
DA:17,12
DA:18,3
DA:19,3
DA:20,3
DA:22,12
DA:23,12
DA:24,12
DA:26,12
DA:27,12
DA:28,12
DA:29,12
DA:31,12
DA:33,1
DA:34,56
DA:35,56
DA:36,2
DA:37,2
DA:38,53
DA:39,53
LF:26
LH:26
BRDA:11,0,0,12
BRDA:12,1,0,9
BRDA:14,2,0,7
BRDA:14,3,0,5
BRDA:14,4,0,4
BRDA:17,5,0,3
BRDA:22,6,0,12
BRDA:33,7,0,56
BRDA:35,8,0,2
BRDA:37,9,0,53
BRF:10
BRH:10
end_of_record
TN:
SF:src/hooks/useAnalysis.ts
FN:15,useAnalysis
FNF:1
FNH:1
FNDA:34,useAnalysis
DA:1,1
DA:15,1
DA:16,34
DA:17,34
DA:18,34
DA:19,34
DA:21,34
DA:22,5
DA:23,5
DA:25,5
DA:26,5
DA:27,5
DA:28,5
DA:29,5
DA:31,5
DA:32,5
DA:33,5
DA:34,5
DA:36,5
DA:37,2
DA:38,2
DA:39,2
DA:41,3
DA:43,3
DA:44,3
DA:45,5
DA:46,5
DA:47,5
DA:48,5
DA:49,5
DA:50,5
DA:51,5
DA:52,5
DA:53,5
DA:54,5
DA:56,5
DA:57,5
DA:58,5
DA:59,2
DA:60,2
DA:61,2
DA:62,2
DA:63,34
DA:65,34
DA:66,2
DA:67,2
DA:68,2
DA:69,2
DA:70,2
DA:71,2
DA:72,2
DA:74,2
DA:76,2
DA:77,2
DA:78,2
DA:79,2
DA:80,2
DA:82,2
DA:83,2
DA:84,34
DA:86,34
DA:87,2
DA:88,2
DA:89,34
DA:91,34
DA:92,34
LF:66
LH:66
BRDA:15,0,0,34
BRDA:21,1,0,5
BRDA:36,2,0,3
BRDA:36,3,0,2
BRDA:38,4,0,0
BRDA:45,5,0,0
BRDA:46,6,0,0
BRDA:47,7,0,0
BRDA:48,8,0,2
BRDA:49,9,0,2
BRDA:50,10,0,2
BRDA:51,11,0,0
BRDA:52,12,0,0
BRDA:58,13,0,2
BRDA:59,14,0,0
BRDA:37,15,0,1
BRDA:56,16,0,3
BRDA:65,17,0,2
BRDA:79,18,0,0
BRDA:74,19,0,2
BRDA:86,20,0,2
BRF:21
BRH:13
end_of_record
TN:
SF:src/hooks/useSlowAnalysis.ts
FN:31,useSlowAnalysis
FNF:1
FNH:1
FNDA:35,useSlowAnalysis
DA:1,1
DA:31,1
DA:32,35
DA:33,35
DA:35,35
DA:36,35
DA:37,6
DA:38,5
DA:40,5
DA:41,5
DA:42,4
DA:44,4
DA:45,4
DA:46,4
DA:47,4
DA:48,4
DA:49,4
DA:50,4
DA:51,4
DA:52,4
DA:53,4
DA:54,4
DA:55,4
DA:57,4
DA:58,4
DA:59,4
DA:60,4
DA:61,4
DA:62,4
DA:64,5
DA:65,1
DA:66,1
DA:67,1
DA:68,1
DA:69,1
DA:70,1
DA:71,1
DA:72,1
DA:73,0
DA:74,1
DA:75,1
DA:76,1
DA:78,2
DA:79,2
DA:80,2
DA:81,5
DA:82,5
DA:83,5
DA:84,5
DA:85,5
DA:86,5
DA:87,5
DA:88,5
DA:89,5
DA:90,5
DA:92,5
DA:93,2
DA:94,2
DA:95,2
DA:96,2
DA:97,2
DA:98,2
DA:99,2
DA:100,0
DA:101,5
DA:102,5
DA:103,1
DA:104,1
DA:105,1
DA:106,1
DA:107,1
DA:108,1
DA:109,1
DA:110,0
DA:111,1
DA:112,1
DA:113,5
DA:115,5
DA:116,6
DA:117,35
DA:118,35
DA:120,35
DA:121,2
DA:122,35
DA:124,35
DA:125,35
LF:86
LH:83
BRDA:31,0,0,35
BRDA:36,1,0,6
BRDA:37,2,0,1
BRDA:37,3,0,5
BRDA:41,4,0,1
BRDA:41,5,0,4
BRDA:62,6,0,3
BRDA:64,7,0,2
BRDA:64,8,0,1
BRDA:81,9,0,0
BRDA:82,10,0,0
BRDA:83,11,0,0
BRDA:84,12,0,0
BRDA:85,13,0,0
BRDA:86,14,0,0
BRDA:87,15,0,0
BRDA:88,16,0,0
BRDA:102,17,0,1
BRDA:44,18,0,4
BRDA:66,19,0,1
BRDA:66,20,0,1
BRDA:71,21,0,0
BRDA:72,22,0,0
BRDA:92,23,0,2
BRDA:92,24,0,2
BRDA:99,25,0,0
BRDA:103,26,0,1
BRDA:103,27,0,1
BRDA:108,28,0,0
BRDA:109,29,0,0
BRDA:120,30,0,2
BRF:31
BRH:18
end_of_record
TN:
SF:src/hooks/useUpload.ts
FN:7,useUpload
FNF:1
FNH:1
FNDA:40,useUpload
DA:1,1
DA:5,1
DA:7,1
DA:8,40
DA:10,40
DA:11,19
DA:12,40
DA:14,40
DA:15,20
DA:17,19
DA:19,20
DA:20,2
DA:21,1
DA:22,1
DA:23,1
DA:24,1
DA:25,2
DA:27,17
DA:28,17
DA:29,17
DA:30,17
DA:31,17
DA:32,20
DA:33,1
DA:34,1
DA:35,1
DA:36,1
DA:37,1
DA:38,1
DA:39,40
DA:41,40
DA:42,10
DA:44,10
DA:45,20
DA:46,20
DA:48,20
DA:49,20
DA:50,20
DA:51,20
DA:52,20
DA:53,20
DA:54,20
DA:55,20
DA:56,20
DA:57,20
DA:58,20
DA:59,20
DA:61,10
DA:63,10
DA:64,20
DA:65,20
DA:67,10
DA:68,40
DA:70,40
DA:71,2
DA:72,2
DA:73,2
DA:74,2
DA:75,2
DA:76,40
DA:78,40
DA:79,2
DA:80,2
DA:81,2
DA:82,2
DA:83,40
DA:85,40
DA:86,2
DA:87,40
DA:89,40
DA:90,40
LF:71
LH:71
BRDA:7,0,0,40
BRDA:10,1,0,19
BRDA:11,2,0,19
BRDA:11,3,0,129
BRDA:11,4,0,19
BRDA:11,5,0,110
BRDA:14,6,0,20
BRDA:15,7,0,1
BRDA:15,8,0,19
BRDA:19,9,0,2
BRDA:20,10,0,1
BRDA:25,11,0,17
BRDA:32,12,0,1
BRDA:36,13,0,0
BRDA:41,14,0,10
BRDA:44,15,0,20
BRDA:55,16,0,1
BRDA:55,17,0,19
BRDA:57,18,0,19
BRDA:63,19,0,20
BRDA:61,20,0,10
BRDA:70,21,0,2
BRDA:71,22,0,2
BRDA:72,23,0,2
BRDA:74,24,0,2
BRDA:78,25,0,2
BRDA:79,26,0,2
BRDA:80,27,0,2
BRDA:85,28,0,2
BRDA:86,29,0,2
BRDA:86,30,0,2
BRDA:86,31,0,0
BRF:32
BRH:30
end_of_record
TN:
SF:src/i18n/translations.ts
FN:63,analyzeBtn
FN:72,failedChecks
FN:76,analyzing
FN:87,processedIn
FN:102,analyzeBtn
FN:111,failedChecks
FN:115,analyzing
FN:126,processedIn
FN:141,analyzeBtn
FN:150,failedChecks
FN:154,analyzing
FN:165,processedIn
FN:180,analyzeBtn
FN:189,failedChecks
FN:193,analyzing
FN:204,processedIn
FNF:16
FNH:13
FNDA:8,analyzeBtn
FNDA:1,failedChecks
FNDA:2,analyzing
FNDA:5,processedIn
FNDA:1,analyzeBtn
FNDA:1,failedChecks
FNDA:0,analyzing
FNDA:1,processedIn
FNDA:1,analyzeBtn
FNDA:1,failedChecks
FNDA:0,analyzing
FNDA:1,processedIn
FNDA:1,analyzeBtn
FNDA:1,failedChecks
FNDA:0,analyzing
FNDA:1,processedIn
DA:11,1
DA:12,1
DA:13,1
DA:14,1
DA:15,1
DA:16,1
DA:57,1
DA:58,1
DA:59,1
DA:60,1
DA:61,1
DA:62,1
DA:63,1
DA:64,1
DA:65,1
DA:66,1
DA:67,1
DA:68,1
DA:69,1
DA:70,1
DA:71,1
DA:72,1
DA:73,1
DA:74,1
DA:75,1
DA:76,1
DA:77,1
DA:78,1
DA:79,1
DA:80,1
DA:81,1
DA:82,1
DA:83,1
DA:84,1
DA:85,1
DA:86,1
DA:87,1
DA:88,1
DA:89,1
DA:90,1
DA:91,1
DA:92,1
DA:93,1
DA:94,1
DA:96,1
DA:97,1
DA:98,1
DA:99,1
DA:100,1
DA:101,1
DA:102,1
DA:103,1
DA:104,1
DA:105,1
DA:106,1
DA:107,1
DA:108,1
DA:109,1
DA:110,1
DA:111,1
DA:112,1
DA:113,1
DA:114,1
DA:115,1
DA:116,1
DA:117,1
DA:118,1
DA:119,1
DA:120,1
DA:121,1
DA:122,1
DA:123,1
DA:124,1
DA:125,1
DA:126,1
DA:127,1
DA:128,1
DA:129,1
DA:130,1
DA:131,1
DA:132,1
DA:133,1
DA:135,1
DA:136,1
DA:137,1
DA:138,1
DA:139,1
DA:140,1
DA:141,1
DA:142,1
DA:143,1
DA:144,1
DA:145,1
DA:146,1
DA:147,1
DA:148,1
DA:149,1
DA:150,1
DA:151,1
DA:152,1
DA:153,1
DA:154,1
DA:155,1
DA:156,1
DA:157,1
DA:158,1
DA:159,1
DA:160,1
DA:161,1
DA:162,1
DA:163,1
DA:164,1
DA:165,1
DA:166,1
DA:167,1
DA:168,1
DA:169,1
DA:170,1
DA:171,1
DA:172,1
DA:174,1
DA:175,1
DA:176,1
DA:177,1
DA:178,1
DA:179,1
DA:180,1
DA:181,1
DA:182,1
DA:183,1
DA:184,1
DA:185,1
DA:186,1
DA:187,1
DA:188,1
DA:189,1
DA:190,1
DA:191,1
DA:192,1
DA:193,1
DA:194,1
DA:195,1
DA:196,1
DA:197,1
DA:198,1
DA:199,1
DA:200,1
DA:201,1
DA:202,1
DA:203,1
DA:204,1
DA:205,1
DA:206,1
DA:207,1
DA:208,1
DA:209,1
DA:210,1
DA:211,1
DA:213,1
DA:216,1
DA:217,1
DA:218,1
DA:219,1
DA:220,1
DA:221,1
LF:165
LH:165
BRDA:63,0,0,8
BRDA:63,1,0,3
BRDA:63,2,0,5
BRDA:72,3,0,1
BRDA:76,4,0,2
BRDA:76,5,0,0
BRDA:87,6,0,5
BRDA:102,7,0,1
BRDA:102,8,0,0
BRDA:111,9,0,1
BRDA:126,10,0,1
BRDA:141,11,0,1
BRDA:141,12,0,0
BRDA:150,13,0,1
BRDA:165,14,0,1
BRDA:180,15,0,1
BRDA:189,16,0,1
BRDA:204,17,0,1
BRF:18
BRH:15
end_of_record
TN:
SF:src/types/index.ts
FN:1,(empty-report)
FNF:1
FNH:1
FNDA:1,(empty-report)
LF:0
LH:0
BRDA:1,0,0,1
BRF:1
BRH:1
end_of_record
TN:
SF:src/utils/validation.ts
FN:23,isAcceptedType
FN:27,isImage
FN:31,isPdf
FN:35,validateFile
FN:49,validatePdfPageCount
FN:70,validateBatch
FN:90,validateBatchSize
FNF:7
FNH:7
FNDA:26,isAcceptedType
FNDA:19,isImage
FNDA:23,isPdf
FNDA:23,validateFile
FNDA:2,validatePdfPageCount
FNDA:1,validateBatch
FNDA:7,validateBatchSize
DA:1,1
DA:2,1
DA:3,1
DA:4,1
DA:5,1
DA:6,1
DA:7,1
DA:8,1
DA:10,1
DA:12,1
DA:13,1
DA:14,1
DA:15,1
DA:16,1
DA:23,1
DA:24,26
DA:25,26
DA:27,1
DA:28,19
DA:29,19
DA:31,1
DA:32,23
DA:33,23
DA:35,1
DA:36,23
DA:37,1
DA:38,1
DA:39,23
DA:40,1
DA:41,1
DA:42,21
DA:43,21
DA:49,2
DA:50,2
DA:51,2
DA:53,2
DA:54,2
DA:55,2
DA:56,1
DA:57,1
DA:59,1
DA:60,1
DA:61,1
DA:62,1
DA:64,0
DA:65,2
DA:66,1
DA:67,2
DA:70,1
DA:71,1
DA:72,1
DA:74,1
DA:75,0
DA:76,0
DA:78,0
DA:79,0
DA:80,1
DA:81,1
DA:82,2
DA:83,2
DA:85,0
DA:86,0
DA:87,2
DA:88,1
DA:90,1
DA:92,7
DA:93,3
DA:95,3
DA:96,3
DA:97,4
DA:98,4
DA:99,1
DA:100,1
DA:101,1
DA:103,1
DA:104,1
DA:105,1
DA:106,1
DA:107,1
LF:79
LH:72
BRDA:23,0,0,26
BRDA:24,1,0,5
BRDA:27,2,0,19
BRDA:31,3,0,23
BRDA:35,4,0,23
BRDA:36,5,0,1
BRDA:37,6,0,0
BRDA:38,7,0,22
BRDA:39,8,0,1
BRDA:41,9,0,21
BRDA:49,10,0,2
BRDA:50,11,0,0
BRDA:55,12,0,1
BRDA:62,13,0,0
BRDA:65,14,0,1
BRDA:70,15,0,1
BRDA:71,16,0,0
BRDA:74,17,0,0
BRDA:81,18,0,2
BRDA:83,19,0,0
BRDA:90,20,0,7
BRDA:92,21,0,4
BRDA:92,22,0,3
BRDA:93,23,0,5
BRDA:93,24,0,3
BRDA:96,25,0,4
BRF:26
BRH:20
end_of_record
